[ 2019-06-18T19:40:55+08:00 ] ::1 /bootstrap/Home
INFO: [ app_init ] --START--
INFO: Run Behavior\BuildLiteBehavior [ RunTime:0.000012s ]
INFO: [ app_init ] --END-- [ RunTime:0.000648s ]
INFO: [ app_begin ] --START--
INFO: Run Behavior\ReadHtmlCacheBehavior [ RunTime:0.029316s ]
INFO: [ app_begin ] --END-- [ RunTime:0.029412s ]
INFO: [ view_parse ] --START--
INFO: [ template_filter ] --START--
INFO: Run Behavior\ContentReplaceBehavior [ RunTime:0.000207s ]
INFO: [ template_filter ] --END-- [ RunTime:0.000270s ]
INFO: Run Behavior\ParseTemplateBehavior [ RunTime:0.133674s ]
INFO: [ view_parse ] --END-- [ RunTime:0.133747s ]
INFO: [ view_filter ] --START--
INFO: Run Behavior\WriteHtmlCacheBehavior [ RunTime:0.034787s ]
INFO: [ view_filter ] --END-- [ RunTime:0.034850s ]
INFO: [ app_end ] --START--
INFO: Run Behavior\ShowPageTraceBehavior [ RunTime:0.016028s ]
INFO: [ app_end ] --END-- [ RunTime:0.016130s ]

[ 2019-06-18T19:40:59+08:00 ] ::1 /bootstrap/index.php/Home/Index/showQuestion
INFO: [ app_init ] --START--
INFO: Run Behavior\BuildLiteBehavior [ RunTime:0.000022s ]
INFO: [ app_init ] --END-- [ RunTime:0.001332s ]
INFO: [ app_begin ] --START--
INFO: Run Behavior\ReadHtmlCacheBehavior [ RunTime:0.008463s ]
INFO: [ app_begin ] --END-- [ RunTime:0.008560s ]
SQL: SHOW COLUMNS FROM `d_question_list` [ RunTime:1.0005s ]
SQL: SELECT * FROM `d_question_list` ORDER BY id desc LIMIT 10   [ RunTime:0.0812s ]

[ 2019-06-18T19:41:53+08:00 ] ::1 /bootstrap/Home
INFO: [ app_init ] --START--
INFO: Run Behavior\BuildLiteBehavior [ RunTime:0.000022s ]
INFO: [ app_init ] --END-- [ RunTime:0.002506s ]
INFO: [ app_begin ] --START--
INFO: Run Behavior\ReadHtmlCacheBehavior [ RunTime:0.014442s ]
INFO: [ app_begin ] --END-- [ RunTime:0.014550s ]
INFO: [ view_parse ] --START--
INFO: [ template_filter ] --START--
INFO: Run Behavior\ContentReplaceBehavior [ RunTime:0.000285s ]
INFO: [ template_filter ] --END-- [ RunTime:0.000360s ]
INFO: Run Behavior\ParseTemplateBehavior [ RunTime:0.052488s ]
INFO: [ view_parse ] --END-- [ RunTime:0.052642s ]
INFO: [ view_filter ] --START--
INFO: Run Behavior\WriteHtmlCacheBehavior [ RunTime:0.005568s ]
INFO: [ view_filter ] --END-- [ RunTime:0.005651s ]
INFO: [ app_end ] --START--
INFO: Run Behavior\ShowPageTraceBehavior [ RunTime:0.005526s ]
INFO: [ app_end ] --END-- [ RunTime:0.005622s ]

[ 2019-06-18T19:41:54+08:00 ] ::1 /bootstrap/index.php/Home/Index/showQuestion
INFO: [ app_init ] --START--
INFO: Run Behavior\BuildLiteBehavior [ RunTime:0.000021s ]
INFO: [ app_init ] --END-- [ RunTime:0.001225s ]
INFO: [ app_begin ] --START--
INFO: Run Behavior\ReadHtmlCacheBehavior [ RunTime:0.005438s ]
INFO: [ app_begin ] --END-- [ RunTime:0.005555s ]
SQL: SHOW COLUMNS FROM `d_question_list` [ RunTime:0.2255s ]
SQL: SELECT * FROM `d_question_list` ORDER BY id desc LIMIT 10   [ RunTime:0.1515s ]

[ 2019-06-18T19:42:05+08:00 ] ::1 /bootstrap/index.php/Home/Index/showQuestionDetail
INFO: [ app_init ] --START--
INFO: Run Behavior\BuildLiteBehavior [ RunTime:0.000013s ]
INFO: [ app_init ] --END-- [ RunTime:0.001870s ]
INFO: [ app_begin ] --START--
INFO: Run Behavior\ReadHtmlCacheBehavior [ RunTime:0.002789s ]
INFO: [ app_begin ] --END-- [ RunTime:0.002840s ]
SQL: SHOW COLUMNS FROM `d_question_list` [ RunTime:0.3332s ]
SQL: SELECT * FROM `d_question_list` WHERE `id` = 122 LIMIT 1   [ RunTime:3.2585s ]

[ 2019-06-18T19:42:51+08:00 ] ::1 /bootstrap/index.php/Home/Index/showQuestionDetail
INFO: [ app_init ] --START--
INFO: Run Behavior\BuildLiteBehavior [ RunTime:0.000014s ]
INFO: [ app_init ] --END-- [ RunTime:0.000750s ]
INFO: [ app_begin ] --START--
INFO: Run Behavior\ReadHtmlCacheBehavior [ RunTime:0.331007s ]
INFO: [ app_begin ] --END-- [ RunTime:0.331071s ]
SQL: SHOW COLUMNS FROM `d_question_list` [ RunTime:0.4764s ]
SQL: SELECT * FROM `d_question_list` WHERE `id` = 122 LIMIT 1   [ RunTime:0.2569s ]

[ 2019-06-18T19:42:52+08:00 ] ::1 /bootstrap/index.php/Home/Index/showQuestionDetail
INFO: [ app_init ] --START--
INFO: Run Behavior\BuildLiteBehavior [ RunTime:0.000024s ]
INFO: [ app_init ] --END-- [ RunTime:0.002354s ]
INFO: [ app_begin ] --START--
INFO: Run Behavior\ReadHtmlCacheBehavior [ RunTime:0.008670s ]
INFO: [ app_begin ] --END-- [ RunTime:0.008776s ]
SQL: SHOW COLUMNS FROM `d_question_list` [ RunTime:0.6457s ]
SQL: SELECT * FROM `d_question_list` WHERE `id` = 121 LIMIT 1   [ RunTime:0.0008s ]

[ 2019-06-18T19:42:57+08:00 ] ::1 /bootstrap/index.php/Home/Index/showQuestionDetail
INFO: [ app_init ] --START--
INFO: Run Behavior\BuildLiteBehavior [ RunTime:0.000017s ]
INFO: [ app_init ] --END-- [ RunTime:0.000640s ]
INFO: [ app_begin ] --START--
INFO: Run Behavior\ReadHtmlCacheBehavior [ RunTime:0.006797s ]
INFO: [ app_begin ] --END-- [ RunTime:0.006884s ]
SQL: SHOW COLUMNS FROM `d_question_list` [ RunTime:2.9413s ]
SQL: SELECT * FROM `d_question_list` WHERE `id` = 120 LIMIT 1   [ RunTime:0.0005s ]

[ 2019-06-18T19:43:00+08:00 ] ::1 /bootstrap/index.php/Home/Index/showQuestionDetail
INFO: [ app_init ] --START--
INFO: Run Behavior\BuildLiteBehavior [ RunTime:0.000012s ]
INFO: [ app_init ] --END-- [ RunTime:0.000656s ]
INFO: [ app_begin ] --START--
INFO: Run Behavior\ReadHtmlCacheBehavior [ RunTime:0.004043s ]
INFO: [ app_begin ] --END-- [ RunTime:0.004109s ]
SQL: SHOW COLUMNS FROM `d_question_list` [ RunTime:0.8303s ]
SQL: SELECT * FROM `d_question_list` WHERE `id` = 116 LIMIT 1   [ RunTime:0.0004s ]

[ 2019-06-18T19:43:02+08:00 ] ::1 /bootstrap/index.php/Home/Index/showQuestionDetail
INFO: [ app_init ] --START--
INFO: Run Behavior\BuildLiteBehavior [ RunTime:0.000014s ]
INFO: [ app_init ] --END-- [ RunTime:0.000751s ]
INFO: [ app_begin ] --START--
INFO: Run Behavior\ReadHtmlCacheBehavior [ RunTime:0.007340s ]
INFO: [ app_begin ] --END-- [ RunTime:0.007427s ]
SQL: SHOW COLUMNS FROM `d_question_list` [ RunTime:0.0034s ]
SQL: SELECT * FROM `d_question_list` WHERE `id` = 115 LIMIT 1   [ RunTime:0.0009s ]

[ 2019-06-18T19:43:04+08:00 ] ::1 /bootstrap/index.php/Home/Index/showQuestionDetail
INFO: [ app_init ] --START--
INFO: Run Behavior\BuildLiteBehavior [ RunTime:0.000026s ]
INFO: [ app_init ] --END-- [ RunTime:0.001406s ]
INFO: [ app_begin ] --START--
INFO: Run Behavior\ReadHtmlCacheBehavior [ RunTime:0.009112s ]
INFO: [ app_begin ] --END-- [ RunTime:0.009209s ]
SQL: SHOW COLUMNS FROM `d_question_list` [ RunTime:0.1023s ]
SQL: SELECT * FROM `d_question_list` WHERE `id` = 113 LIMIT 1   [ RunTime:0.0005s ]

[ 2019-06-18T19:43:07+08:00 ] ::1 /bootstrap/index.php/Home/Index/showQuestionDetail
INFO: [ app_init ] --START--
INFO: Run Behavior\BuildLiteBehavior [ RunTime:0.000013s ]
INFO: [ app_init ] --END-- [ RunTime:0.000654s ]
INFO: [ app_begin ] --START--
INFO: Run Behavior\ReadHtmlCacheBehavior [ RunTime:0.003259s ]
INFO: [ app_begin ] --END-- [ RunTime:0.003352s ]
SQL: SHOW COLUMNS FROM `d_question_list` [ RunTime:0.0021s ]
SQL: SELECT * FROM `d_question_list` WHERE `id` = 121 LIMIT 1   [ RunTime:0.0004s ]

[ 2019-06-18T19:43:09+08:00 ] ::1 /bootstrap/index.php/Home/Index/showQuestionDetail
INFO: [ app_init ] --START--
INFO: Run Behavior\BuildLiteBehavior [ RunTime:0.000022s ]
INFO: [ app_init ] --END-- [ RunTime:0.001273s ]
INFO: [ app_begin ] --START--
INFO: Run Behavior\ReadHtmlCacheBehavior [ RunTime:0.015213s ]
INFO: [ app_begin ] --END-- [ RunTime:0.015323s ]
SQL: SHOW COLUMNS FROM `d_question_list` [ RunTime:0.0044s ]
SQL: SELECT * FROM `d_question_list` WHERE `id` = 120 LIMIT 1   [ RunTime:0.0007s ]

[ 2019-06-18T19:43:14+08:00 ] ::1 /bootstrap/index.php/Home/Index/showQuestionDetail
INFO: [ app_init ] --START--
INFO: Run Behavior\BuildLiteBehavior [ RunTime:0.000013s ]
INFO: [ app_init ] --END-- [ RunTime:0.000967s ]
INFO: [ app_begin ] --START--
INFO: Run Behavior\ReadHtmlCacheBehavior [ RunTime:0.006626s ]
INFO: [ app_begin ] --END-- [ RunTime:0.006688s ]
SQL: SHOW COLUMNS FROM `d_question_list` [ RunTime:0.0040s ]
SQL: SELECT * FROM `d_question_list` WHERE `id` = 116 LIMIT 1   [ RunTime:0.0016s ]

