[ 2019-06-11T21:22:05+08:00 ] ::1 /bootstrap/js/jquery-3.3.1.min.js
INFO: [ app_init ] --START--
INFO: Run Behavior\BuildLiteBehavior [ RunTime:0.000029s ]
INFO: [ app_init ] --END-- [ RunTime:0.054206s ]
ERR: 无法加载模块:[ 2019-06-11T21:22:05+08:00 ] ::1 /bootstrap/js/bootstrap.4.1.min.js
INFO: [ app_init ] --START--
INFO: Run Behavior\BuildLiteBehavior [ RunTime:0.000018s ]
INFO: [ app_init ] --END-- [ RunTime:0.054356s ]
ERR: 无法加载模块:Js

[ 2019-06-11T21:22:05+08:00 ] ::1 /bootstrap/js/bootstrap.4.1.min.js
INFO: [ app_init ] --START--
INFO: Run Behavior\BuildLiteBehavior [ RunTime:0.000014s ]
INFO: [ app_init ] --END-- [ RunTime:0.000732s ]
ERR: 无法加载模块:Js

[ 2019-06-11T21:22:05+08:00 ] ::1 /bootstrap/js/popper.min.js
INFO: [ app_init ] --START--
INFO: Run Behavior\BuildLiteBehavior [ RunTime:0.000030s ]
INFO: [ app_init ] --END-- [ RunTime:0.001356s ]
ERR: 无法加载模块:Js

[ 2019-06-11T21:22:18+08:00 ] ::1 /bootstrap/js/bootstrap.4.1.min.js
INFO: [ app_init ] --START--
INFO: Run Behavior\BuildLiteBehavior [ RunTime:0.000017s ]
INFO: [ app_init ] --END-- [ RunTime:0.001197s ]
ERR: 无法加载模块:Js



[ 2019-06-11T21:22:18+08:00 ] ::1 /bootstrap/js/jquery-3.3.1.min.js
INFO: [ app_init ] --START--
INFO: Run Behavior\BuildLiteBehavior [ RunTime:0.000025s ]
INFO: [ app_init ] --END-- [ RunTime:0.001285s ]
ERR: 无法加载模块:Js

[ 2019-06-11T21:22:18+08:00 ] ::1 /bootstrap/js/popper.min.js
INFO: [ app_init ] --START--
INFO: Run Behavior\BuildLiteBehavior [ RunTime:0.000021s ]
INFO: [ app_init ] --END-- [ RunTime:0.002073s ]
ERR: 无法加载模块:Js

[ 2019-06-11T21:22:18+08:00 ] ::1 /bootstrap/js/bootstrap.4.1.min.js
INFO: [ app_init ] --START--
INFO: Run Behavior\BuildLiteBehavior [ RunTime:0.000013s ]
INFO: [ app_init ] --END-- [ RunTime:0.000691s ]
ERR: 无法加载模块:Js

[ 2019-06-11T21:22:18+08:00 ] ::1 /bootstrap/js/popper.min.js
INFO: [ app_init ] --START--
INFO: Run Behavior\BuildLiteBehavior [ RunTime:0.000013s ]
INFO: [ app_init ] --END-- [ RunTime:0.000667s ]
ERR: 无法加载模块:Js

[ 2019-06-11T22:01:36+08:00 ] ::1 /bootstrap/Public/Home/js/bootstrap.min.js.map
INFO: [ app_init ] --START--
INFO: Run Behavior\BuildLiteBehavior [ RunTime:0.000013s ]
INFO: [ app_init ] --END-- [ RunTime:0.000728s ]
ERR: 无法加载模块:Public

[ 2019-06-11T22:01:36+08:00 ] ::1 /bootstrap/Public/Home/js/popper.min.js.map
INFO: [ app_init ] --START--
INFO: Run Behavior\BuildLiteBehavior [ RunTime:0.000024s ]
INFO: [ app_init ] --END-- [ RunTime:0.001461s ]
ERR: 无法加载模块:Public

[ 2019-06-11T22:01:37+08:00 ] ::1 /bootstrap/Public/Home/css/bootstrap.min.css.map
INFO: [ app_init ] --START--
INFO: Run Behavior\BuildLiteBehavior [ RunTime:0.000224s ]
INFO: [ app_init ] --END-- [ RunTime:0.011405s ]
ERR: 无法加载模块:Public

[ 2019-06-11T22:02:51+08:00 ] ::1 /bootstrap/Public/Home/css/bootstrap.min.css.map
INFO: [ app_init ] --START--
INFO: Run Behavior\BuildLiteBehavior [ RunTime:0.000021s ]
INFO: [ app_init ] --END-- [ RunTime:0.001209s ]
ERR: 无法加载模块:Public

[ 2019-06-11T22:02:51+08:00 ] ::1 /bootstrap/Public/Home/js/bootstrap.min.js.map
INFO: [ app_init ] --START--
INFO: Run Behavior\BuildLiteBehavior [ RunTime:0.000021s ]
INFO: [ app_init ] --END-- [ RunTime:0.001207s ]
ERR: 无法加载模块:Public

[ 2019-06-11T22:02:51+08:00 ] ::1 /bootstrap/Public/Home/js/popper.min.js.map
INFO: [ app_init ] --START--
INFO: Run Behavior\BuildLiteBehavior [ RunTime:0.000026s ]
INFO: [ app_init ] --END-- [ RunTime:0.001220s ]
ERR: 无法加载模块:Public

[ 2019-06-11T22:04:04+08:00 ] ::1 /bootstrap/Public/Home/js/popper.min.js.map
INFO: [ app_init ] --START--
INFO: Run Behavior\BuildLiteBehavior [ RunTime:0.000021s ]
INFO: [ app_init ] --END-- [ RunTime:0.001678s ]
ERR: 无法加载模块:Public

[ 2019-06-11T22:04:04+08:00 ] ::1 /bootstrap/Public/Home/js/bootstrap.min.js.map
INFO: [ app_init ] --START--
INFO: Run Behavior\BuildLiteBehavior [ RunTime:0.000020s ]
INFO: [ app_init ] --END-- [ RunTime:0.001563s ]
ERR: 无法加载模块:Public

[ 2019-06-11T22:04:04+08:00 ] ::1 /bootstrap/Public/Home/css/bootstrap.min.css.map
INFO: [ app_init ] --START--
INFO: Run Behavior\BuildLiteBehavior [ RunTime:0.000023s ]
INFO: [ app_init ] --END-- [ RunTime:0.002536s ]
ERR: 无法加载模块:Public

[ 2019-06-11T22:05:25+08:00 ] ::1 /bootstrap/Public/Home/js/bootstrap.min.js.map
INFO: [ app_init ] --START--
INFO: Run Behavior\BuildLiteBehavior [ RunTime:0.000021s ]
INFO: [ app_init ] --END-- [ RunTime:0.001265s ]
ERR: 无法加载模块:Public

[ 2019-06-11T22:05:25+08:00 ] ::1 /bootstrap/Public/Home/js/popper.min.js.map
INFO: [ app_init ] --START--
INFO: Run Behavior\BuildLiteBehavior [ RunTime:0.000022s ]
INFO: [ app_init ] --END-- [ RunTime:0.001234s ]
ERR: 无法加载模块:Public

[ 2019-06-11T22:05:25+08:00 ] ::1 /bootstrap/Public/Home/css/bootstrap.min.css.map
INFO: [ app_init ] --START--
INFO: Run Behavior\BuildLiteBehavior [ RunTime:0.000020s ]
INFO: [ app_init ] --END-- [ RunTime:0.001117s ]
ERR: 无法加载模块:Public

[ 2019-06-11T22:05:25+08:00 ] ::1 /bootstrap/Public/Home/css/bootstrap.min.css.map
INFO: [ app_init ] --START--
INFO: Run Behavior\BuildLiteBehavior [ RunTime:0.000023s ]
INFO: [ app_init ] --END-- [ RunTime:0.001415s ]
ERR: 无法加载模块:Public

[ 2019-06-11T22:05:25+08:00 ] ::1 /bootstrap/Public/Home/js/bootstrap.min.js.map
INFO: [ app_init ] --START--
INFO: Run Behavior\BuildLiteBehavior [ RunTime:0.000114s ]
INFO: [ app_init ] --END-- [ RunTime:0.001725s ]
ERR: 无法加载模块:Public

[ 2019-06-11T22:05:25+08:00 ] ::1 /bootstrap/Public/Home/js/popper.min.js.map
INFO: [ app_init ] --START--
INFO: Run Behavior\BuildLiteBehavior [ RunTime:0.000040s ]
INFO: [ app_init ] --END-- [ RunTime:0.003388s ]
ERR: 无法加载模块:Public

[ 2019-06-11T22:05:58+08:00 ] ::1 /bootstrap/Public/Home/js/bootstrap.min.js.map
INFO: [ app_init ] --START--
INFO: Run Behavior\BuildLiteBehavior [ RunTime:0.000023s ]
INFO: [ app_init ] --END-- [ RunTime:0.001476s ]
ERR: 无法加载模块:Public

[ 2019-06-11T22:05:58+08:00 ] ::1 /bootstrap/Public/Home/js/popper.min.js.map
INFO: [ app_init ] --START--
INFO: Run Behavior\BuildLiteBehavior [ RunTime:0.000022s ]
INFO: [ app_init ] --END-- [ RunTime:0.001411s ]
ERR: 无法加载模块:Public

[ 2019-06-11T22:05:58+08:00 ] ::1 /bootstrap/Public/Home/css/bootstrap.min.css.map
INFO: [ app_init ] --START--
INFO: Run Behavior\BuildLiteBehavior [ RunTime:0.000039s ]
INFO: [ app_init ] --END-- [ RunTime:0.001594s ]
ERR: 无法加载模块:Public

[ 2019-06-11T22:06:30+08:00 ] ::1 /bootstrap/Public/Home/css/bootstrap.min.css.map
INFO: [ app_init ] --START--
INFO: Run Behavior\BuildLiteBehavior [ RunTime:0.000032s ]
INFO: [ app_init ] --END-- [ RunTime:0.002892s ]
ERR: 无法加载模块:Public

[ 2019-06-11T22:06:30+08:00 ] ::1 /bootstrap/Public/Home/js/bootstrap.min.js.map
INFO: [ app_init ] --START--
INFO: Run Behavior\BuildLiteBehavior [ RunTime:0.000020s ]
INFO: [ app_init ] --END-- [ RunTime:0.001346s ]
ERR: 无法加载模块:Public

[ 2019-06-11T22:06:30+08:00 ] ::1 /bootstrap/Public/Home/js/popper.min.js.map
INFO: [ app_init ] --START--
INFO: Run Behavior\BuildLiteBehavior [ RunTime:0.000026s ]
INFO: [ app_init ] --END-- [ RunTime:0.001891s ]
ERR: 无法加载模块:Public

[ 2019-06-11T22:06:59+08:00 ] ::1 /bootstrap/Public/Home/js/bootstrap.min.js.map
INFO: [ app_init ] --START--
INFO: Run Behavior\BuildLiteBehavior [ RunTime:0.000020s ]
INFO: [ app_init ] --END-- [ RunTime:0.001124s ]
ERR: 无法加载模块:Public

[ 2019-06-11T22:06:59+08:00 ] ::1 /bootstrap/Public/Home/js/popper.min.js.map
INFO: [ app_init ] --START--
INFO: Run Behavior\BuildLiteBehavior [ RunTime:0.000022s ]
INFO: [ app_init ] --END-- [ RunTime:0.001204s ]
ERR: 无法加载模块:Public

[ 2019-06-11T22:07:00+08:00 ] ::1 /bootstrap/Public/Home/css/bootstrap.min.css.map
INFO: [ app_init ] --START--
INFO: Run Behavior\BuildLiteBehavior [ RunTime:0.000024s ]
INFO: [ app_init ] --END-- [ RunTime:0.001179s ]
ERR: 无法加载模块:Public

[ 2019-06-11T22:07:00+08:00 ] ::1 /bootstrap/Public/Home/js/popper.min.js.map
INFO: [ app_init ] --START--
INFO: Run Behavior\BuildLiteBehavior [ RunTime:0.000025s ]
INFO: [ app_init ] --END-- [ RunTime:0.002020s ]
ERR: 无法加载模块:Public

[ 2019-06-11T22:07:00+08:00 ] ::1 /bootstrap/Public/Home/js/bootstrap.min.js.map
INFO: [ app_init ] --START--
INFO: Run Behavior\BuildLiteBehavior [ RunTime:0.000019s ]
INFO: [ app_init ] --END-- [ RunTime:0.002610s ]
ERR: 无法加载模块:Public

[ 2019-06-11T22:07:00+08:00 ] ::1 /bootstrap/Public/Home/css/bootstrap.min.css.map
INFO: [ app_init ] --START--
INFO: Run Behavior\BuildLiteBehavior [ RunTime:0.000034s ]
INFO: [ app_init ] --END-- [ RunTime:0.001503s ]
ERR: 无法加载模块:Public

[ 2019-06-11T22:07:01+08:00 ] ::1 /bootstrap/Public/Home/js/bootstrap.min.js.map
INFO: [ app_init ] --START--
INFO: Run Behavior\BuildLiteBehavior [ RunTime:0.000020s ]
INFO: [ app_init ] --END-- [ RunTime:0.001268s ]
ERR: 无法加载模块:Public

[ 2019-06-11T22:07:01+08:00 ] ::1 /bootstrap/Public/Home/js/popper.min.js.map
INFO: [ app_init ] --START--
INFO: Run Behavior\BuildLiteBehavior [ RunTime:0.000018s ]
INFO: [ app_init ] --END-- [ RunTime:0.001110s ]
ERR: 无法加载模块:Public

[ 2019-06-11T22:07:01+08:00 ] ::1 /bootstrap/Public/Home/css/bootstrap.min.css.map
INFO: [ app_init ] --START--
INFO: Run Behavior\BuildLiteBehavior [ RunTime:0.000023s ]
INFO: [ app_init ] --END-- [ RunTime:0.001373s ]
ERR: 无法加载模块:Public

[ 2019-06-11T22:08:19+08:00 ] ::1 /bootstrap/Public/Home/js/popper.min.js.map
INFO: [ app_init ] --START--
INFO: Run Behavior\BuildLiteBehavior [ RunTime:0.000021s ]
INFO: [ app_init ] --END-- [ RunTime:0.001206s ]
ERR: 无法加载模块:Public

[ 2019-06-11T22:08:19+08:00 ] ::1 /bootstrap/Public/Home/js/bootstrap.min.js.map
INFO: [ app_init ] --START--
INFO: Run Behavior\BuildLiteBehavior [ RunTime:0.000021s ]
INFO: [ app_init ] --END-- [ RunTime:0.001158s ]
ERR: 无法加载模块:Public

[ 2019-06-11T22:08:19+08:00 ] ::1 /bootstrap/Public/Home/css/bootstrap.min.css.map
INFO: [ app_init ] --START--
INFO: Run Behavior\BuildLiteBehavior [ RunTime:0.000023s ]
INFO: [ app_init ] --END-- [ RunTime:0.001257s ]
ERR: 无法加载模块:Public

[ 2019-06-11T22:08:20+08:00 ] ::1 /bootstrap/Public/Home/js/bootstrap.min.js.map
INFO: [ app_init ] --START--
INFO: Run Behavior\BuildLiteBehavior [ RunTime:0.000019s ]
INFO: [ app_init ] --END-- [ RunTime:0.001211s ]
ERR: 无法加载模块:Public

[ 2019-06-11T22:08:20+08:00 ] ::1 /bootstrap/Public/Home/js/popper.min.js.map
INFO: [ app_init ] --START--
INFO: Run Behavior\BuildLiteBehavior [ RunTime:0.000019s ]
INFO: [ app_init ] --END-- [ RunTime:0.001334s ]
ERR: 无法加载模块:Public

[ 2019-06-11T22:08:20+08:00 ] ::1 /bootstrap/Public/Home/css/bootstrap.min.css.map
INFO: [ app_init ] --START--
INFO: Run Behavior\BuildLiteBehavior [ RunTime:0.000025s ]
INFO: [ app_init ] --END-- [ RunTime:0.001131s ]
ERR: 无法加载模块:Public

[ 2019-06-11T22:08:20+08:00 ] ::1 /bootstrap/Public/Home/js/popper.min.js.map
INFO: [ app_init ] --START--
INFO: Run Behavior\BuildLiteBehavior [ RunTime:0.000022s ]
INFO: [ app_init ] --END-- [ RunTime:0.001169s ]
ERR: 无法加载模块:Public

[ 2019-06-11T22:08:20+08:00 ] ::1 /bootstrap/Public/Home/js/bootstrap.min.js.map
INFO: [ app_init ] --START--
INFO: Run Behavior\BuildLiteBehavior [ RunTime:0.000021s ]
INFO: [ app_init ] --END-- [ RunTime:0.001118s ]
ERR: 无法加载模块:Public


[ 2019-06-11T22:08:21+08:00 ] ::1 /bootstrap/Public/Home/js/bootstrap.min.js.map
INFO: [ app_init ] --START--
INFO: Run Behavior\BuildLiteBehavior [ RunTime:0.000021s ]
INFO: [ app_init ] --END-- [ RunTime:0.001415s ]
ERR: 无法加载模块:Public

[ 2019-06-11T22:08:21+08:00 ] ::1 /bootstrap/Public/Home/js/popper.min.js.map
INFO: [ app_init ] --START--
INFO: Run Behavior\BuildLiteBehavior [ RunTime:0.000020s ]
INFO: [ app_init ] --END-- [ RunTime:0.001293s ]
ERR: 无法加载模块:Public

[ 2019-06-11T22:08:22+08:00 ] ::1 /bootstrap/Public/Home/css/bootstrap.min.css.map
INFO: [ app_init ] --START--
INFO: Run Behavior\BuildLiteBehavior [ RunTime:0.000048s ]
INFO: [ app_init ] --END-- [ RunTime:0.003607s ]
ERR: 无法加载模块:Public

[ 2019-06-11T22:08:22+08:00 ] ::1 /bootstrap/Public/Home/css/bootstrap.min.css.map
INFO: [ app_init ] --START--
INFO: Run Behavior\BuildLiteBehavior [ RunTime:0.000021s ]
INFO: [ app_init ] --END-- [ RunTime:0.001134s ]
ERR: 无法加载模块:Public

[ 2019-06-11T22:08:22+08:00 ] ::1 /bootstrap/Public/Home/js/popper.min.js.map
INFO: [ app_init ] --START--
INFO: Run Behavior\BuildLiteBehavior [ RunTime:0.000021s ]
INFO: [ app_init ] --END-- [ RunTime:0.001309s ]
ERR: 无法加载模块:Public

[ 2019-06-11T22:08:22+08:00 ] ::1 /bootstrap/Public/Home/js/bootstrap.min.js.map
INFO: [ app_init ] --START--
INFO: Run Behavior\BuildLiteBehavior [ RunTime:0.000019s ]
INFO: [ app_init ] --END-- [ RunTime:0.000984s ]
ERR: 无法加载模块:Public

[ 2019-06-11T22:08:58+08:00 ] ::1 /bootstrap/Public/Home/css/bootstrap.min.css.map
INFO: [ app_init ] --START--
INFO: Run Behavior\BuildLiteBehavior [ RunTime:0.000020s ]
INFO: [ app_init ] --END-- [ RunTime:0.001037s ]
ERR: 无法加载模块:Public

[ 2019-06-11T22:08:58+08:00 ] ::1 /bootstrap/Public/Home/js/bootstrap.min.js.map
INFO: [ app_init ] --START--
INFO: Run Behavior\BuildLiteBehavior [ RunTime:0.000024s ]
INFO: [ app_init ] --END-- [ RunTime:0.001396s ]
ERR: 无法加载模块:Public

[ 2019-06-11T22:08:58+08:00 ] ::1 /bootstrap/Public/Home/js/popper.min.js.map
INFO: [ app_init ] --START--
INFO: Run Behavior\BuildLiteBehavior [ RunTime:0.000022s ]
INFO: [ app_init ] --END-- [ RunTime:0.001169s ]
ERR: 无法加载模块:Public

[ 2019-06-11T22:09:00+08:00 ] ::1 /bootstrap/Public/Home/js/bootstrap.min.js.map
INFO: [ app_init ] --START--
INFO: Run Behavior\BuildLiteBehavior [ RunTime:0.000021s ]
INFO: [ app_init ] --END-- [ RunTime:0.003461s ]
ERR: 无法加载模块:Public

[ 2019-06-11T22:09:00+08:00 ] ::1 /bootstrap/Public/Home/js/popper.min.js.map
INFO: [ app_init ] --START--
INFO: Run Behavior\BuildLiteBehavior [ RunTime:0.000078s ]
INFO: [ app_init ] --END-- [ RunTime:0.003278s ]
ERR: 无法加载模块:Public

[ 2019-06-11T22:09:00+08:00 ] ::1 /bootstrap/Public/Home/css/bootstrap.min.css.map
INFO: [ app_init ] --START--
INFO: Run Behavior\BuildLiteBehavior [ RunTime:0.000025s ]
INFO: [ app_init ] --END-- [ RunTime:0.001954s ]
ERR: 无法加载模块:Public

[ 2019-06-11T22:09:00+08:00 ] ::1 /bootstrap/Public/Home/js/popper.min.js.map
INFO: [ app_init ] --START--
INFO: Run Behavior\BuildLiteBehavior [ RunTime:0.000024s ]
INFO: [ app_init ] --END-- [ RunTime:0.001491s ]
ERR: 无法加载模块:Public

[ 2019-06-11T22:09:00+08:00 ] ::1 /bootstrap/Public/Home/js/bootstrap.min.js.map
INFO: [ app_init ] --START--
INFO: Run Behavior\BuildLiteBehavior [ RunTime:0.000020s ]
INFO: [ app_init ] --END-- [ RunTime:0.001227s ]
ERR: 无法加载模块:Public

[ 2019-06-11T22:09:00+08:00 ] ::1 /bootstrap/Public/Home/css/bootstrap.min.css.map
INFO: [ app_init ] --START--
INFO: Run Behavior\BuildLiteBehavior [ RunTime:0.000022s ]
INFO: [ app_init ] --END-- [ RunTime:0.001758s ]
ERR: 无法加载模块:Public

[ 2019-06-11T22:09:15+08:00 ] ::1 /bootstrap/Public/Home/css/bootstrap.min.css.map
INFO: [ app_init ] --START--
INFO: Run Behavior\BuildLiteBehavior [ RunTime:0.000020s ]
INFO: [ app_init ] --END-- [ RunTime:0.000985s ]
ERR: 无法加载模块:Public

[ 2019-06-11T22:09:16+08:00 ] ::1 /bootstrap/Public/Home/js/bootstrap.min.js.map
INFO: [ app_init ] --START--
INFO: Run Behavior\BuildLiteBehavior [ RunTime:0.000022s ]
INFO: [ app_init ] --END-- [ RunTime:0.001075s ]
ERR: 无法加载模块:Public

[ 2019-06-11T22:09:16+08:00 ] ::1 /bootstrap/Public/Home/js/popper.min.js.map
INFO: [ app_init ] --START--
INFO: Run Behavior\BuildLiteBehavior [ RunTime:0.000024s ]
INFO: [ app_init ] --END-- [ RunTime:0.002621s ]
ERR: 无法加载模块:Public

[ 2019-06-11T22:10:03+08:00 ] ::1 /bootstrap/Public/Home/js/bootstrap.min.js.map
INFO: [ app_init ] --START--
INFO: Run Behavior\BuildLiteBehavior [ RunTime:0.000022s ]
INFO: [ app_init ] --END-- [ RunTime:0.001316s ]
ERR: 无法加载模块:Public

[ 2019-06-11T22:10:03+08:00 ] ::1 /bootstrap/Public/Home/js/popper.min.js.map
INFO: [ app_init ] --START--
INFO: Run Behavior\BuildLiteBehavior [ RunTime:0.000021s ]
INFO: [ app_init ] --END-- [ RunTime:0.002903s ]
ERR: 无法加载模块:Public

[ 2019-06-11T22:10:03+08:00 ] ::1 /bootstrap/Public/Home/css/bootstrap.min.css.map
INFO: [ app_init ] --START--
INFO: Run Behavior\BuildLiteBehavior [ RunTime:0.000024s ]
INFO: [ app_init ] --END-- [ RunTime:0.001427s ]
ERR: 无法加载模块:Public

[ 2019-06-11T22:10:56+08:00 ] ::1 /bootstrap/Public/Home/js/bootstrap.min.js.map
INFO: [ app_init ] --START--
INFO: Run Behavior\BuildLiteBehavior [ RunTime:0.000022s ]
INFO: [ app_init ] --END-- [ RunTime:0.002305s ]
ERR: 无法加载模块:Public

[ 2019-06-11T22:10:56+08:00 ] ::1 /bootstrap/Public/Home/js/popper.min.js.map
INFO: [ app_init ] --START--
INFO: Run Behavior\BuildLiteBehavior [ RunTime:0.000019s ]
INFO: [ app_init ] --END-- [ RunTime:0.001285s ]
ERR: 无法加载模块:Public

[ 2019-06-11T22:10:56+08:00 ] ::1 /bootstrap/Public/Home/css/bootstrap.min.css.map
INFO: [ app_init ] --START--
INFO: Run Behavior\BuildLiteBehavior [ RunTime:0.000023s ]
INFO: [ app_init ] --END-- [ RunTime:0.001292s ]
ERR: 无法加载模块:Public

[ 2019-06-11T22:14:10+08:00 ] ::1 /bootstrap/Public/Home/js/bootstrap.min.js.map
INFO: [ app_init ] --START--
INFO: Run Behavior\BuildLiteBehavior [ RunTime:0.000020s ]
INFO: [ app_init ] --END-- [ RunTime:0.001739s ]
ERR: 无法加载模块:Public

[ 2019-06-11T22:14:10+08:00 ] ::1 /bootstrap/Public/Home/js/popper.min.js.map
INFO: [ app_init ] --START--
INFO: Run Behavior\BuildLiteBehavior [ RunTime:0.000021s ]
INFO: [ app_init ] --END-- [ RunTime:0.001368s ]
ERR: 无法加载模块:Public

[ 2019-06-11T22:14:10+08:00 ] ::1 /bootstrap/Public/Home/css/bootstrap.min.css.map
INFO: [ app_init ] --START--
INFO: Run Behavior\BuildLiteBehavior [ RunTime:0.000018s ]
INFO: [ app_init ] --END-- [ RunTime:0.001446s ]
ERR: 无法加载模块:Public

[ 2019-06-11T22:30:41+08:00 ] ::1 /bootstrap/Public/Home/js/popper.min.js.map
INFO: [ app_init ] --START--
INFO: Run Behavior\BuildLiteBehavior [ RunTime:0.000023s ]
INFO: [ app_init ] --END-- [ RunTime:0.001313s ]
ERR: 无法加载模块:Public

[ 2019-06-11T22:30:41+08:00 ] ::1 /bootstrap/Public/Home/js/bootstrap.min.js.map
INFO: [ app_init ] --START--
INFO: Run Behavior\BuildLiteBehavior [ RunTime:0.000023s ]
INFO: [ app_init ] --END-- [ RunTime:0.001244s ]
ERR: 无法加载模块:Public

[ 2019-06-11T22:30:41+08:00 ] ::1 /bootstrap/Public/Home/css/bootstrap.min.css.map
INFO: [ app_init ] --START--
INFO: Run Behavior\BuildLiteBehavior [ RunTime:0.000023s ]
INFO: [ app_init ] --END-- [ RunTime:0.001323s ]
ERR: 无法加载模块:Public

[ 2019-06-11T22:33:45+08:00 ] ::1 /bootstrap/Public/Home/js/bootstrap.min.js.map
INFO: [ app_init ] --START--
INFO: Run Behavior\BuildLiteBehavior [ RunTime:0.000028s ]
INFO: [ app_init ] --END-- [ RunTime:0.003490s ]
ERR: 无法加载模块:Public

[ 2019-06-11T22:33:45+08:00 ] ::1 /bootstrap/Public/Home/js/popper.min.js.map
INFO: [ app_init ] --START--
INFO: Run Behavior\BuildLiteBehavior [ RunTime:0.000058s ]
INFO: [ app_init ] --END-- [ RunTime:0.001370s ]
ERR: 无法加载模块:Public

[ 2019-06-11T22:33:45+08:00 ] ::1 /bootstrap/Public/Home/css/bootstrap.min.css.map
INFO: [ app_init ] --START--
INFO: Run Behavior\BuildLiteBehavior [ RunTime:0.000021s ]
INFO: [ app_init ] --END-- [ RunTime:0.003775s ]
ERR: 无法加载模块:Public

[ 2019-06-11T22:33:57+08:00 ] ::1 /bootstrap/Public/Home/js/bootstrap.min.js.map
INFO: [ app_init ] --START--
INFO: Run Behavior\BuildLiteBehavior [ RunTime:0.000072s ]
INFO: [ app_init ] --END-- [ RunTime:0.001899s ]
ERR: 无法加载模块:Public

[ 2019-06-11T22:33:57+08:00 ] ::1 /bootstrap/Public/Home/js/popper.min.js.map
INFO: [ app_init ] --START--
INFO: Run Behavior\BuildLiteBehavior [ RunTime:0.000025s ]
INFO: [ app_init ] --END-- [ RunTime:0.005317s ]
ERR: 无法加载模块:Public

[ 2019-06-11T22:33:58+08:00 ] ::1 /bootstrap/Public/Home/css/bootstrap.min.css.map
INFO: [ app_init ] --START--
INFO: Run Behavior\BuildLiteBehavior [ RunTime:0.000026s ]
INFO: [ app_init ] --END-- [ RunTime:0.001316s ]
ERR: 无法加载模块:Public

[ 2019-06-11T22:33:59+08:00 ] ::1 /bootstrap/Public/Home/js/bootstrap.min.js.map
INFO: [ app_init ] --START--
INFO: Run Behavior\BuildLiteBehavior [ RunTime:0.000026s ]
INFO: [ app_init ] --END-- [ RunTime:0.001805s ]
ERR: 无法加载模块:Public

[ 2019-06-11T22:33:59+08:00 ] ::1 /bootstrap/Public/Home/js/popper.min.js.map
INFO: [ app_init ] --START--
INFO: Run Behavior\BuildLiteBehavior [ RunTime:0.000021s ]
INFO: [ app_init ] --END-- [ RunTime:0.001376s ]
ERR: 无法加载模块:Public

[ 2019-06-11T22:33:59+08:00 ] ::1 /bootstrap/Public/Home/css/bootstrap.min.css.map
INFO: [ app_init ] --START--
INFO: Run Behavior\BuildLiteBehavior [ RunTime:0.000015s ]
INFO: [ app_init ] --END-- [ RunTime:0.000753s ]
ERR: 无法加载模块:Public

[ 2019-06-11T22:34:05+08:00 ] ::1 /bootstrap/Public/Home/js/bootstrap.min.js.map
INFO: [ app_init ] --START--
INFO: Run Behavior\BuildLiteBehavior [ RunTime:0.000019s ]
INFO: [ app_init ] --END-- [ RunTime:0.001097s ]
ERR: 无法加载模块:Public

[ 2019-06-11T22:34:05+08:00 ] ::1 /bootstrap/Public/Home/js/popper.min.js.map
INFO: [ app_init ] --START--
INFO: Run Behavior\BuildLiteBehavior [ RunTime:0.000018s ]
INFO: [ app_init ] --END-- [ RunTime:0.001176s ]
ERR: 无法加载模块:Public

[ 2019-06-11T22:34:05+08:00 ] ::1 /bootstrap/Public/Home/css/bootstrap.min.css.map
INFO: [ app_init ] --START--
INFO: Run Behavior\BuildLiteBehavior [ RunTime:0.000023s ]
INFO: [ app_init ] --END-- [ RunTime:0.001372s ]
ERR: 无法加载模块:Public

[ 2019-06-11T22:34:08+08:00 ] ::1 /bootstrap/Public/Home/js/bootstrap.min.js.map
INFO: [ app_init ] --START--
INFO: Run Behavior\BuildLiteBehavior [ RunTime:0.000023s ]
INFO: [ app_init ] --END-- [ RunTime:0.001487s ]
ERR: 无法加载模块:Public

[ 2019-06-11T22:34:08+08:00 ] ::1 /bootstrap/Public/Home/js/popper.min.js.map
INFO: [ app_init ] --START--
INFO: Run Behavior\BuildLiteBehavior [ RunTime:0.000309s ]
INFO: [ app_init ] --END-- [ RunTime:0.003058s ]
ERR: 无法加载模块:Public

[ 2019-06-11T22:34:08+08:00 ] ::1 /bootstrap/Public/Home/css/bootstrap.min.css.map
INFO: [ app_init ] --START--
INFO: Run Behavior\BuildLiteBehavior [ RunTime:0.000020s ]
INFO: [ app_init ] --END-- [ RunTime:0.000882s ]
ERR: 无法加载模块:Public

[ 2019-06-11T22:34:55+08:00 ] ::1 /bootstrap/Public/Home/js/bootstrap.min.js.map
INFO: [ app_init ] --START--
INFO: Run Behavior\BuildLiteBehavior [ RunTime:0.000021s ]
INFO: [ app_init ] --END-- [ RunTime:0.001460s ]
ERR: 无法加载模块:Public

[ 2019-06-11T22:34:55+08:00 ] ::1 /bootstrap/Public/Home/js/popper.min.js.map
INFO: [ app_init ] --START--
INFO: Run Behavior\BuildLiteBehavior [ RunTime:0.000020s ]
INFO: [ app_init ] --END-- [ RunTime:0.001398s ]
ERR: 无法加载模块:Public

[ 2019-06-11T22:34:55+08:00 ] ::1 /bootstrap/Public/Home/css/bootstrap.min.css.map
INFO: [ app_init ] --START--
INFO: Run Behavior\BuildLiteBehavior [ RunTime:0.000023s ]
INFO: [ app_init ] --END-- [ RunTime:0.001388s ]
ERR: 无法加载模块:Public

[ 2019-06-11T22:35:20+08:00 ] ::1 /bootstrap/Public/Home/js/bootstrap.min.js.map
INFO: [ app_init ] --START--
INFO: Run Behavior\BuildLiteBehavior [ RunTime:0.000110s ]
INFO: [ app_init ] --END-- [ RunTime:0.002159s ]
ERR: 无法加载模块:Public

[ 2019-06-11T22:35:20+08:00 ] ::1 /bootstrap/Public/Home/js/popper.min.js.map
INFO: [ app_init ] --START--
INFO: Run Behavior\BuildLiteBehavior [ RunTime:0.000022s ]
INFO: [ app_init ] --END-- [ RunTime:0.001457s ]
ERR: 无法加载模块:Public

[ 2019-06-11T22:35:20+08:00 ] ::1 /bootstrap/Public/Home/css/bootstrap.min.css.map
INFO: [ app_init ] --START--
INFO: Run Behavior\BuildLiteBehavior [ RunTime:0.000023s ]
INFO: [ app_init ] --END-- [ RunTime:0.001475s ]
ERR: 无法加载模块:Public

[ 2019-06-11T22:36:47+08:00 ] ::1 /bootstrap/Public/Home/js/bootstrap.min.js.map
INFO: [ app_init ] --START--
INFO: Run Behavior\BuildLiteBehavior [ RunTime:0.000019s ]
INFO: [ app_init ] --END-- [ RunTime:0.001199s ]
ERR: 无法加载模块:Public

[ 2019-06-11T22:36:47+08:00 ] ::1 /bootstrap/Public/Home/js/popper.min.js.map
INFO: [ app_init ] --START--
INFO: Run Behavior\BuildLiteBehavior [ RunTime:0.000021s ]
INFO: [ app_init ] --END-- [ RunTime:0.001308s ]
ERR: 无法加载模块:Public

[ 2019-06-11T22:36:47+08:00 ] ::1 /bootstrap/Public/Home/css/bootstrap.min.css.map
INFO: [ app_init ] --START--
INFO: Run Behavior\BuildLiteBehavior [ RunTime:0.000038s ]
INFO: [ app_init ] --END-- [ RunTime:0.001670s ]
ERR: 无法加载模块:Public

[ 2019-06-11T22:37:23+08:00 ] ::1 /bootstrap/Public/Home/js/bootstrap.min.js.map
INFO: [ app_init ] --START--
INFO: Run Behavior\BuildLiteBehavior [ RunTime:0.000023s ]
INFO: [ app_init ] --END-- [ RunTime:0.001623s ]
ERR: 无法加载模块:Public

[ 2019-06-11T22:37:23+08:00 ] ::1 /bootstrap/Public/Home/js/popper.min.js.map
INFO: [ app_init ] --START--
INFO: Run Behavior\BuildLiteBehavior [ RunTime:0.000025s ]
INFO: [ app_init ] --END-- [ RunTime:0.001264s ]
ERR: 无法加载模块:Public

[ 2019-06-11T22:37:23+08:00 ] ::1 /bootstrap/Public/Home/css/bootstrap.min.css.map
INFO: [ app_init ] --START--
INFO: Run Behavior\BuildLiteBehavior [ RunTime:0.000024s ]
INFO: [ app_init ] --END-- [ RunTime:0.001972s ]
ERR: 无法加载模块:Public

[ 2019-06-11T22:40:13+08:00 ] ::1 /bootstrap/Public/Home/js/bootstrap.min.js.map
INFO: [ app_init ] --START--
INFO: Run Behavior\BuildLiteBehavior [ RunTime:0.000020s ]
INFO: [ app_init ] --END-- [ RunTime:0.001258s ]
ERR: 无法加载模块:Public

[ 2019-06-11T22:40:13+08:00 ] ::1 /bootstrap/Public/Home/js/popper.min.js.map
INFO: [ app_init ] --START--
INFO: Run Behavior\BuildLiteBehavior [ RunTime:0.000021s ]
INFO: [ app_init ] --END-- [ RunTime:0.001437s ]
ERR: 无法加载模块:Public

[ 2019-06-11T22:40:13+08:00 ] ::1 /bootstrap/Public/Home/css/bootstrap.min.css.map
INFO: [ app_init ] --START--
INFO: Run Behavior\BuildLiteBehavior [ RunTime:0.000015s ]
INFO: [ app_init ] --END-- [ RunTime:0.000999s ]
ERR: 无法加载模块:Public

[ 2019-06-11T22:40:30+08:00 ] ::1 /bootstrap/Public/Home/js/bootstrap.min.js.map
INFO: [ app_init ] --START--
INFO: Run Behavior\BuildLiteBehavior [ RunTime:0.000021s ]
INFO: [ app_init ] --END-- [ RunTime:0.001299s ]
ERR: 无法加载模块:Public

[ 2019-06-11T22:40:30+08:00 ] ::1 /bootstrap/Public/Home/js/popper.min.js.map
INFO: [ app_init ] --START--
INFO: Run Behavior\BuildLiteBehavior [ RunTime:0.000048s ]
INFO: [ app_init ] --END-- [ RunTime:0.002743s ]
ERR: 无法加载模块:Public

[ 2019-06-11T22:40:30+08:00 ] ::1 /bootstrap/Public/Home/css/bootstrap.min.css.map
INFO: [ app_init ] --START--
INFO: Run Behavior\BuildLiteBehavior [ RunTime:0.000012s ]
INFO: [ app_init ] --END-- [ RunTime:0.000686s ]
ERR: 无法加载模块:Public

[ 2019-06-11T22:40:59+08:00 ] ::1 /bootstrap/Public/Home/js/bootstrap.min.js.map
INFO: [ app_init ] --START--
INFO: Run Behavior\BuildLiteBehavior [ RunTime:0.000215s ]
INFO: [ app_init ] --END-- [ RunTime:0.004237s ]
ERR: 无法加载模块:Public

[ 2019-06-11T22:40:59+08:00 ] ::1 /bootstrap/Public/Home/js/popper.min.js.map
INFO: [ app_init ] --START--
INFO: Run Behavior\BuildLiteBehavior [ RunTime:0.000018s ]
INFO: [ app_init ] --END-- [ RunTime:0.001355s ]
ERR: 无法加载模块:Public

[ 2019-06-11T22:40:59+08:00 ] ::1 /bootstrap/Public/Home/css/bootstrap.min.css.map
INFO: [ app_init ] --START--
INFO: Run Behavior\BuildLiteBehavior [ RunTime:0.000023s ]
INFO: [ app_init ] --END-- [ RunTime:0.003158s ]
ERR: 无法加载模块:Public

[ 2019-06-11T22:41:18+08:00 ] ::1 /bootstrap/Public/Home/js/bootstrap.min.js.map
INFO: [ app_init ] --START--
INFO: Run Behavior\BuildLiteBehavior [ RunTime:0.000031s ]
INFO: [ app_init ] --END-- [ RunTime:0.002997s ]
ERR: 无法加载模块:Public

[ 2019-06-11T22:41:18+08:00 ] ::1 /bootstrap/Public/Home/js/popper.min.js.map
INFO: [ app_init ] --START--
INFO: Run Behavior\BuildLiteBehavior [ RunTime:0.000026s ]
INFO: [ app_init ] --END-- [ RunTime:0.001551s ]
ERR: 无法加载模块:Public

[ 2019-06-11T22:41:18+08:00 ] ::1 /bootstrap/Public/Home/css/bootstrap.min.css.map
INFO: [ app_init ] --START--
INFO: Run Behavior\BuildLiteBehavior [ RunTime:0.000025s ]
INFO: [ app_init ] --END-- [ RunTime:0.001161s ]
ERR: 无法加载模块:Public

[ 2019-06-11T22:44:09+08:00 ] ::1 /bootstrap/Public/Home/js/bootstrap.min.js.map
INFO: [ app_init ] --START--
INFO: Run Behavior\BuildLiteBehavior [ RunTime:0.000019s ]
INFO: [ app_init ] --END-- [ RunTime:0.001282s ]
ERR: 无法加载模块:Public

[ 2019-06-11T22:44:09+08:00 ] ::1 /bootstrap/Public/Home/js/popper.min.js.map
INFO: [ app_init ] --START--
INFO: Run Behavior\BuildLiteBehavior [ RunTime:0.000023s ]
INFO: [ app_init ] --END-- [ RunTime:0.001624s ]
ERR: 无法加载模块:Public

[ 2019-06-11T22:44:09+08:00 ] ::1 /bootstrap/Public/Home/css/bootstrap.min.css.map
INFO: [ app_init ] --START--
INFO: Run Behavior\BuildLiteBehavior [ RunTime:0.000026s ]
INFO: [ app_init ] --END-- [ RunTime:0.001223s ]
ERR: 无法加载模块:Public

[ 2019-06-11T22:47:37+08:00 ] ::1 /bootstrap/Public/Home/js/bootstrap.min.js.map
INFO: [ app_init ] --START--
INFO: Run Behavior\BuildLiteBehavior [ RunTime:0.000019s ]
INFO: [ app_init ] --END-- [ RunTime:0.001383s ]
ERR: 无法加载模块:Public

[ 2019-06-11T22:47:37+08:00 ] ::1 /bootstrap/Public/Home/css/bootstrap.min.css.map
INFO: [ app_init ] --START--
INFO: Run Behavior\BuildLiteBehavior [ RunTime:0.000023s ]
INFO: [ app_init ] --END-- [ RunTime:0.001640s ]
ERR: 无法加载模块:Public

[ 2019-06-11T22:48:39+08:00 ] ::1 /bootstrap/Public/Home/js/popper.min.js.map
INFO: [ app_init ] --START--
INFO: Run Behavior\BuildLiteBehavior [ RunTime:0.000024s ]
INFO: [ app_init ] --END-- [ RunTime:0.004336s ]
ERR: 无法加载模块:Public

[ 2019-06-11T22:48:39+08:00 ] ::1 /bootstrap/Public/Home/js/bootstrap.min.js.map
INFO: [ app_init ] --START--
INFO: Run Behavior\BuildLiteBehavior [ RunTime:0.000025s ]
INFO: [ app_init ] --END-- [ RunTime:0.001857s ]
ERR: 无法加载模块:Public

[ 2019-06-11T22:48:39+08:00 ] ::1 /bootstrap/Public/Home/css/bootstrap.min.css.map
INFO: [ app_init ] --START--
INFO: Run Behavior\BuildLiteBehavior [ RunTime:0.000022s ]
INFO: [ app_init ] --END-- [ RunTime:0.001285s ]
ERR: 无法加载模块:Public

[ 2019-06-11T22:51:25+08:00 ] ::1 /bootstrap/Public/Home/js/popper.min.js.map
INFO: [ app_init ] --START--
INFO: Run Behavior\BuildLiteBehavior [ RunTime:0.000053s ]
INFO: [ app_init ] --END-- [ RunTime:0.001257s ]
ERR: 无法加载模块:Public

[ 2019-06-11T22:51:25+08:00 ] ::1 /bootstrap/Public/Home/js/bootstrap.min.js.map
INFO: [ app_init ] --START--
INFO: Run Behavior\BuildLiteBehavior [ RunTime:0.000021s ]
INFO: [ app_init ] --END-- [ RunTime:0.002139s ]
ERR: 无法加载模块:Public

[ 2019-06-11T22:51:25+08:00 ] ::1 /bootstrap/Public/Home/css/bootstrap.min.css.map
INFO: [ app_init ] --START--
INFO: Run Behavior\BuildLiteBehavior [ RunTime:0.000025s ]
INFO: [ app_init ] --END-- [ RunTime:0.001470s ]
ERR: 无法加载模块:Public

[ 2019-06-11T22:53:17+08:00 ] ::1 /bootstrap/Public/Home/js/bootstrap.min.js.map
INFO: [ app_init ] --START--
INFO: Run Behavior\BuildLiteBehavior [ RunTime:0.000025s ]
INFO: [ app_init ] --END-- [ RunTime:0.001253s ]
ERR: 无法加载模块:Public

[ 2019-06-11T22:53:17+08:00 ] ::1 /bootstrap/Public/Home/js/popper.min.js.map
INFO: [ app_init ] --START--
INFO: Run Behavior\BuildLiteBehavior [ RunTime:0.000021s ]
INFO: [ app_init ] --END-- [ RunTime:0.006216s ]
ERR: 无法加载模块:Public

[ 2019-06-11T22:53:17+08:00 ] ::1 /bootstrap/Public/Home/css/bootstrap.min.css.map
INFO: [ app_init ] --START--
INFO: Run Behavior\BuildLiteBehavior [ RunTime:0.000021s ]
INFO: [ app_init ] --END-- [ RunTime:0.001206s ]
ERR: 无法加载模块:Public

[ 2019-06-11T22:53:22+08:00 ] ::1 /bootstrap/Public/Home/js/bootstrap.min.js.map
INFO: [ app_init ] --START--
INFO: Run Behavior\BuildLiteBehavior [ RunTime:0.000027s ]
INFO: [ app_init ] --END-- [ RunTime:0.001229s ]
ERR: 无法加载模块:Public

[ 2019-06-11T22:53:22+08:00 ] ::1 /bootstrap/Public/Home/js/popper.min.js.map
INFO: [ app_init ] --START--
INFO: Run Behavior\BuildLiteBehavior [ RunTime:0.000022s ]
INFO: [ app_init ] --END-- [ RunTime:0.003065s ]
ERR: 无法加载模块:Public

[ 2019-06-11T22:53:22+08:00 ] ::1 /bootstrap/Public/Home/css/bootstrap.min.css.map
INFO: [ app_init ] --START--
INFO: Run Behavior\BuildLiteBehavior [ RunTime:0.000021s ]
INFO: [ app_init ] --END-- [ RunTime:0.000772s ]
ERR: 无法加载模块:Public

[ 2019-06-11T22:58:48+08:00 ] ::1 /bootstrap/Public/Home/js/bootstrap.min.js.map
INFO: [ app_init ] --START--
INFO: Run Behavior\BuildLiteBehavior [ RunTime:0.000020s ]
INFO: [ app_init ] --END-- [ RunTime:0.001349s ]
ERR: 无法加载模块:Public

[ 2019-06-11T22:58:48+08:00 ] ::1 /bootstrap/Public/Home/js/popper.min.js.map
INFO: [ app_init ] --START--
INFO: Run Behavior\BuildLiteBehavior [ RunTime:0.000024s ]
INFO: [ app_init ] --END-- [ RunTime:0.001611s ]
ERR: 无法加载模块:Public

[ 2019-06-11T22:58:48+08:00 ] ::1 /bootstrap/Public/Home/css/bootstrap.min.css.map
INFO: [ app_init ] --START--
INFO: Run Behavior\BuildLiteBehavior [ RunTime:0.000024s ]
INFO: [ app_init ] --END-- [ RunTime:0.001477s ]
ERR: 无法加载模块:Public

[ 2019-06-11T22:59:06+08:00 ] ::1 /bootstrap/Public/Home/js/bootstrap.min.js.map
INFO: [ app_init ] --START--
INFO: Run Behavior\BuildLiteBehavior [ RunTime:0.000028s ]
INFO: [ app_init ] --END-- [ RunTime:0.002754s ]
ERR: 无法加载模块:Public

[ 2019-06-11T22:59:06+08:00 ] ::1 /bootstrap/Public/Home/js/popper.min.js.map
INFO: [ app_init ] --START--
INFO: Run Behavior\BuildLiteBehavior [ RunTime:0.000028s ]
INFO: [ app_init ] --END-- [ RunTime:0.001388s ]
ERR: 无法加载模块:Public

[ 2019-06-11T22:59:06+08:00 ] ::1 /bootstrap/Public/Home/css/bootstrap.min.css.map
INFO: [ app_init ] --START--
INFO: Run Behavior\BuildLiteBehavior [ RunTime:0.000019s ]
INFO: [ app_init ] --END-- [ RunTime:0.000783s ]
ERR: 无法加载模块:Public

[ 2019-06-11T22:59:06+08:00 ] ::1 /bootstrap/Public/Home/css/bootstrap.min.css.map
INFO: [ app_init ] --START--
INFO: Run Behavior\BuildLiteBehavior [ RunTime:0.000023s ]
INFO: [ app_init ] --END-- [ RunTime:0.001646s ]
ERR: 无法加载模块:Public

[ 2019-06-11T22:59:06+08:00 ] ::1 /bootstrap/Public/Home/js/bootstrap.min.js.map
INFO: [ app_init ] --START--
INFO: Run Behavior\BuildLiteBehavior [ RunTime:0.000021s ]
INFO: [ app_init ] --END-- [ RunTime:0.001192s ]
ERR: 无法加载模块:Public

[ 2019-06-11T22:59:06+08:00 ] ::1 /bootstrap/Public/Home/js/popper.min.js.map
INFO: [ app_init ] --START--
INFO: Run Behavior\BuildLiteBehavior [ RunTime:0.000014s ]
INFO: [ app_init ] --END-- [ RunTime:0.000783s ]
ERR: 无法加载模块:Public

[ 2019-06-11T22:59:19+08:00 ] ::1 /bootstrap/Public/Home/js/bootstrap.min.js.map
INFO: [ app_init ] --START--
INFO: Run Behavior\BuildLiteBehavior [ RunTime:0.000025s ]
INFO: [ app_init ] --END-- [ RunTime:0.002546s ]
ERR: 无法加载模块:Public

[ 2019-06-11T22:59:19+08:00 ] ::1 /bootstrap/Public/Home/js/popper.min.js.map
INFO: [ app_init ] --START--
INFO: Run Behavior\BuildLiteBehavior [ RunTime:0.000021s ]
INFO: [ app_init ] --END-- [ RunTime:0.001022s ]
ERR: 无法加载模块:Public

[ 2019-06-11T22:59:19+08:00 ] ::1 /bootstrap/Public/Home/css/bootstrap.min.css.map
INFO: [ app_init ] --START--
INFO: Run Behavior\BuildLiteBehavior [ RunTime:0.000021s ]
INFO: [ app_init ] --END-- [ RunTime:0.001300s ]
ERR: 无法加载模块:Public

[ 2019-06-11T22:59:50+08:00 ] ::1 /bootstrap/Public/Home/js/bootstrap.min.js.map
INFO: [ app_init ] --START--
INFO: Run Behavior\BuildLiteBehavior [ RunTime:0.000025s ]
INFO: [ app_init ] --END-- [ RunTime:0.001383s ]
ERR: 无法加载模块:Public

[ 2019-06-11T22:59:50+08:00 ] ::1 /bootstrap/Public/Home/js/popper.min.js.map
INFO: [ app_init ] --START--
INFO: Run Behavior\BuildLiteBehavior [ RunTime:0.000021s ]
INFO: [ app_init ] --END-- [ RunTime:0.001480s ]
ERR: 无法加载模块:Public

[ 2019-06-11T22:59:50+08:00 ] ::1 /bootstrap/Public/Home/css/bootstrap.min.css.map
INFO: [ app_init ] --START--
INFO: Run Behavior\BuildLiteBehavior [ RunTime:0.000024s ]
INFO: [ app_init ] --END-- [ RunTime:0.008198s ]
ERR: 无法加载模块:Public

[ 2019-06-11T22:59:50+08:00 ] ::1 /bootstrap/Public/Home/css/bootstrap.min.css.map
INFO: [ app_init ] --START--
INFO: Run Behavior\BuildLiteBehavior [ RunTime:0.000022s ]
INFO: [ app_init ] --END-- [ RunTime:0.003244s ]
ERR: 无法加载模块:Public

[ 2019-06-11T22:59:50+08:00 ] ::1 /bootstrap/Public/Home/js/popper.min.js.map
INFO: [ app_init ] --START--
INFO: Run Behavior\BuildLiteBehavior [ RunTime:0.000028s ]
INFO: [ app_init ] --END-- [ RunTime:0.002075s ]
ERR: 无法加载模块:Public

[ 2019-06-11T22:59:50+08:00 ] ::1 /bootstrap/Public/Home/js/bootstrap.min.js.map
INFO: [ app_init ] --START--
INFO: Run Behavior\BuildLiteBehavior [ RunTime:0.000078s ]
INFO: [ app_init ] --END-- [ RunTime:0.001933s ]
ERR: 无法加载模块:Public

[ 2019-06-11T22:59:51+08:00 ] ::1 /bootstrap/Public/Home/css/bootstrap.min.css.map
INFO: [ app_init ] --START--
INFO: Run Behavior\BuildLiteBehavior [ RunTime:0.000020s ]
INFO: [ app_init ] --END-- [ RunTime:0.001461s ]
ERR: 无法加载模块:Public

[ 2019-06-11T22:59:51+08:00 ] ::1 /bootstrap/Public/Home/js/bootstrap.min.js.map
INFO: [ app_init ] --START--
INFO: Run Behavior\BuildLiteBehavior [ RunTime:0.000023s ]
INFO: [ app_init ] --END-- [ RunTime:0.001252s ]
ERR: 无法加载模块:Public

[ 2019-06-11T22:59:51+08:00 ] ::1 /bootstrap/Public/Home/js/popper.min.js.map
INFO: [ app_init ] --START--
INFO: Run Behavior\BuildLiteBehavior [ RunTime:0.000022s ]
INFO: [ app_init ] --END-- [ RunTime:0.001728s ]
ERR: 无法加载模块:Public

[ 2019-06-11T23:02:53+08:00 ] ::1 /bootstrap/Public/Home/css/bootstrap.min.css.map
INFO: [ app_init ] --START--
INFO: Run Behavior\BuildLiteBehavior [ RunTime:0.000020s ]
INFO: [ app_init ] --END-- [ RunTime:0.001233s ]
ERR: 无法加载模块:Public

[ 2019-06-11T23:02:53+08:00 ] ::1 /bootstrap/Public/Home/js/bootstrap.min.js.map
INFO: [ app_init ] --START--
INFO: Run Behavior\BuildLiteBehavior [ RunTime:0.000089s ]
INFO: [ app_init ] --END-- [ RunTime:0.002609s ]
ERR: 无法加载模块:Public

[ 2019-06-11T23:02:53+08:00 ] ::1 /bootstrap/Public/Home/js/popper.min.js.map
INFO: [ app_init ] --START--
INFO: Run Behavior\BuildLiteBehavior [ RunTime:0.000019s ]
INFO: [ app_init ] --END-- [ RunTime:0.001173s ]
ERR: 无法加载模块:Public

[ 2019-06-11T23:03:03+08:00 ] ::1 /bootstrap/Public/Home/js/bootstrap.min.js.map
INFO: [ app_init ] --START--
INFO: Run Behavior\BuildLiteBehavior [ RunTime:0.000024s ]
INFO: [ app_init ] --END-- [ RunTime:0.002355s ]
ERR: 无法加载模块:Public

[ 2019-06-11T23:03:03+08:00 ] ::1 /bootstrap/Public/Home/js/popper.min.js.map
INFO: [ app_init ] --START--
INFO: Run Behavior\BuildLiteBehavior [ RunTime:0.000114s ]
INFO: [ app_init ] --END-- [ RunTime:0.002554s ]
ERR: 无法加载模块:Public

[ 2019-06-11T23:03:03+08:00 ] ::1 /bootstrap/Public/Home/css/bootstrap.min.css.map
INFO: [ app_init ] --START--
INFO: Run Behavior\BuildLiteBehavior [ RunTime:0.000158s ]
INFO: [ app_init ] --END-- [ RunTime:0.002158s ]
ERR: 无法加载模块:Public

[ 2019-06-11T23:03:03+08:00 ] ::1 /bootstrap/Public/Home/css/bootstrap.min.css.map
INFO: [ app_init ] --START--
INFO: Run Behavior\BuildLiteBehavior [ RunTime:0.000026s ]
INFO: [ app_init ] --END-- [ RunTime:0.001150s ]
ERR: 无法加载模块:Public

[ 2019-06-11T23:03:03+08:00 ] ::1 /bootstrap/Public/Home/js/popper.min.js.map
INFO: [ app_init ] --START--
INFO: Run Behavior\BuildLiteBehavior [ RunTime:0.000031s ]
INFO: [ app_init ] --END-- [ RunTime:0.002013s ]
ERR: 无法加载模块:Public

[ 2019-06-11T23:03:03+08:00 ] ::1 /bootstrap/Public/Home/js/bootstrap.min.js.map
INFO: [ app_init ] --START--
INFO: Run Behavior\BuildLiteBehavior [ RunTime:0.000021s ]
INFO: [ app_init ] --END-- [ RunTime:0.002470s ]
ERR: 无法加载模块:Public

[ 2019-06-11T23:03:08+08:00 ] ::1 /bootstrap/Public/Home/js/bootstrap.min.js.map
INFO: [ app_init ] --START--
INFO: Run Behavior\BuildLiteBehavior [ RunTime:0.000029s ]
INFO: [ app_init ] --END-- [ RunTime:0.001252s ]
ERR: 无法加载模块:Public

[ 2019-06-11T23:03:08+08:00 ] ::1 /bootstrap/Public/Home/js/popper.min.js.map
INFO: [ app_init ] --START--
INFO: Run Behavior\BuildLiteBehavior [ RunTime:0.000022s ]
INFO: [ app_init ] --END-- [ RunTime:0.001168s ]
ERR: 无法加载模块:Public

[ 2019-06-11T23:03:08+08:00 ] ::1 /bootstrap/Public/Home/css/bootstrap.min.css.map
INFO: [ app_init ] --START--
INFO: Run Behavior\BuildLiteBehavior [ RunTime:0.000027s ]
INFO: [ app_init ] --END-- [ RunTime:0.001194s ]
ERR: 无法加载模块:Public

[ 2019-06-11T23:04:22+08:00 ] ::1 /bootstrap/Public/Home/js/popper.min.js.map
INFO: [ app_init ] --START--
INFO: Run Behavior\BuildLiteBehavior [ RunTime:0.000021s ]
INFO: [ app_init ] --END-- [ RunTime:0.001320s ]
ERR: 无法加载模块:Public

[ 2019-06-11T23:04:22+08:00 ] ::1 /bootstrap/Public/Home/js/bootstrap.min.js.map
INFO: [ app_init ] --START--
INFO: Run Behavior\BuildLiteBehavior [ RunTime:0.000021s ]
INFO: [ app_init ] --END-- [ RunTime:0.001351s ]
ERR: 无法加载模块:Public

[ 2019-06-11T23:04:22+08:00 ] ::1 /bootstrap/Public/Home/css/bootstrap.min.css.map
INFO: [ app_init ] --START--
INFO: Run Behavior\BuildLiteBehavior [ RunTime:0.000086s ]
INFO: [ app_init ] --END-- [ RunTime:0.002388s ]
ERR: 无法加载模块:Public

[ 2019-06-11T23:04:23+08:00 ] ::1 /bootstrap/Public/Home/js/bootstrap.min.js.map
INFO: [ app_init ] --START--
INFO: Run Behavior\BuildLiteBehavior [ RunTime:0.000020s ]
INFO: [ app_init ] --END-- [ RunTime:0.001146s ]
ERR: 无法加载模块:Public

[ 2019-06-11T23:04:23+08:00 ] ::1 /bootstrap/Public/Home/js/popper.min.js.map
INFO: [ app_init ] --START--
INFO: Run Behavior\BuildLiteBehavior [ RunTime:0.000020s ]
INFO: [ app_init ] --END-- [ RunTime:0.001282s ]
ERR: 无法加载模块:Public

[ 2019-06-11T23:04:23+08:00 ] ::1 /bootstrap/Public/Home/css/bootstrap.min.css.map
INFO: [ app_init ] --START--
INFO: Run Behavior\BuildLiteBehavior [ RunTime:0.000021s ]
INFO: [ app_init ] --END-- [ RunTime:0.001092s ]
ERR: 无法加载模块:Public

[ 2019-06-11T23:04:55+08:00 ] ::1 /bootstrap/Public/Home/css/bootstrap.min.css.map
INFO: [ app_init ] --START--
INFO: Run Behavior\BuildLiteBehavior [ RunTime:0.000022s ]
INFO: [ app_init ] --END-- [ RunTime:0.001560s ]
ERR: 无法加载模块:Public

[ 2019-06-11T23:04:55+08:00 ] ::1 /bootstrap/Public/Home/js/bootstrap.min.js.map
INFO: [ app_init ] --START--
INFO: Run Behavior\BuildLiteBehavior [ RunTime:0.000028s ]
INFO: [ app_init ] --END-- [ RunTime:0.002312s ]
ERR: 无法加载模块:Public

[ 2019-06-11T23:04:55+08:00 ] ::1 /bootstrap/Public/Home/js/popper.min.js.map
INFO: [ app_init ] --START--
INFO: Run Behavior\BuildLiteBehavior [ RunTime:0.000023s ]
INFO: [ app_init ] --END-- [ RunTime:0.001388s ]
ERR: 无法加载模块:Public

[ 2019-06-11T23:04:56+08:00 ] ::1 /bootstrap/Public/Home/css/bootstrap.min.css.map
INFO: [ app_init ] --START--
INFO: Run Behavior\BuildLiteBehavior [ RunTime:0.000023s ]
INFO: [ app_init ] --END-- [ RunTime:0.001239s ]
ERR: 无法加载模块:Public

[ 2019-06-11T23:04:56+08:00 ] ::1 /bootstrap/Public/Home/js/bootstrap.min.js.map
INFO: [ app_init ] --START--
INFO: Run Behavior\BuildLiteBehavior [ RunTime:0.000023s ]
INFO: [ app_init ] --END-- [ RunTime:0.001240s ]
ERR: 无法加载模块:Public

[ 2019-06-11T23:04:56+08:00 ] ::1 /bootstrap/Public/Home/js/popper.min.js.map
INFO: [ app_init ] --START--
INFO: Run Behavior\BuildLiteBehavior [ RunTime:0.000068s ]
INFO: [ app_init ] --END-- [ RunTime:0.001986s ]
ERR: 无法加载模块:Public

[ 2019-06-11T23:05:09+08:00 ] ::1 /bootstrap/Public/Home/css/bootstrap.min.css.map
INFO: [ app_init ] --START--
INFO: Run Behavior\BuildLiteBehavior [ RunTime:0.000021s ]
INFO: [ app_init ] --END-- [ RunTime:0.001506s ]
ERR: 无法加载模块:Public

[ 2019-06-11T23:05:09+08:00 ] ::1 /bootstrap/Public/Home/js/bootstrap.min.js.map
INFO: [ app_init ] --START--
INFO: Run Behavior\BuildLiteBehavior [ RunTime:0.000050s ]
INFO: [ app_init ] --END-- [ RunTime:0.001455s ]
ERR: 无法加载模块:Public

[ 2019-06-11T23:05:09+08:00 ] ::1 /bootstrap/Public/Home/js/popper.min.js.map
INFO: [ app_init ] --START--
INFO: Run Behavior\BuildLiteBehavior [ RunTime:0.000037s ]
INFO: [ app_init ] --END-- [ RunTime:0.001606s ]
ERR: 无法加载模块:Public

[ 2019-06-11T23:05:09+08:00 ] ::1 /bootstrap/Public/Home/css/bootstrap.min.css.map
INFO: [ app_init ] --START--
INFO: Run Behavior\BuildLiteBehavior [ RunTime:0.000021s ]
INFO: [ app_init ] --END-- [ RunTime:0.001342s ]
ERR: 无法加载模块:Public

[ 2019-06-11T23:05:09+08:00 ] ::1 /bootstrap/Public/Home/js/bootstrap.min.js.map
INFO: [ app_init ] --START--
INFO: Run Behavior\BuildLiteBehavior [ RunTime:0.000020s ]
INFO: [ app_init ] --END-- [ RunTime:0.001225s ]
ERR: 无法加载模块:Public

[ 2019-06-11T23:05:09+08:00 ] ::1 /bootstrap/Public/Home/js/popper.min.js.map
INFO: [ app_init ] --START--
INFO: Run Behavior\BuildLiteBehavior [ RunTime:0.000026s ]
INFO: [ app_init ] --END-- [ RunTime:0.001331s ]
ERR: 无法加载模块:Public

[ 2019-06-11T23:05:19+08:00 ] ::1 /bootstrap/Public/Home/js/bootstrap.min.js.map
INFO: [ app_init ] --START--
INFO: Run Behavior\BuildLiteBehavior [ RunTime:0.000021s ]
INFO: [ app_init ] --END-- [ RunTime:0.001065s ]
ERR: 无法加载模块:Public

[ 2019-06-11T23:05:19+08:00 ] ::1 /bootstrap/Public/Home/js/popper.min.js.map
INFO: [ app_init ] --START--
INFO: Run Behavior\BuildLiteBehavior [ RunTime:0.000026s ]
INFO: [ app_init ] --END-- [ RunTime:0.002930s ]
ERR: 无法加载模块:Public

[ 2019-06-11T23:05:19+08:00 ] ::1 /bootstrap/Public/Home/css/bootstrap.min.css.map
INFO: [ app_init ] --START--
INFO: Run Behavior\BuildLiteBehavior [ RunTime:0.000026s ]
INFO: [ app_init ] --END-- [ RunTime:0.002371s ]
ERR: 无法加载模块:Public

[ 2019-06-11T23:05:19+08:00 ] ::1 /bootstrap/Public/Home/js/popper.min.js.map
INFO: [ app_init ] --START--
INFO: Run Behavior\BuildLiteBehavior [ RunTime:0.000023s ]
INFO: [ app_init ] --END-- [ RunTime:0.001993s ]
ERR: 无法加载模块:Public

[ 2019-06-11T23:05:20+08:00 ] ::1 /bootstrap/Public/Home/js/bootstrap.min.js.map
INFO: [ app_init ] --START--
INFO: Run Behavior\BuildLiteBehavior [ RunTime:0.000019s ]
INFO: [ app_init ] --END-- [ RunTime:0.001102s ]
ERR: 无法加载模块:Public

[ 2019-06-11T23:05:20+08:00 ] ::1 /bootstrap/Public/Home/css/bootstrap.min.css.map
INFO: [ app_init ] --START--
INFO: Run Behavior\BuildLiteBehavior [ RunTime:0.000026s ]
INFO: [ app_init ] --END-- [ RunTime:0.001284s ]
ERR: 无法加载模块:Public

[ 2019-06-11T23:05:34+08:00 ] ::1 /bootstrap/Public/Home/css/bootstrap.min.css.map
INFO: [ app_init ] --START--
INFO: Run Behavior\BuildLiteBehavior [ RunTime:0.000017s ]
INFO: [ app_init ] --END-- [ RunTime:0.001390s ]
ERR: 无法加载模块:Public

[ 2019-06-11T23:05:34+08:00 ] ::1 /bootstrap/Public/Home/js/bootstrap.min.js.map
INFO: [ app_init ] --START--
INFO: Run Behavior\BuildLiteBehavior [ RunTime:0.000030s ]
INFO: [ app_init ] --END-- [ RunTime:0.002106s ]
ERR: 无法加载模块:Public

[ 2019-06-11T23:05:34+08:00 ] ::1 /bootstrap/Public/Home/js/popper.min.js.map
INFO: [ app_init ] --START--
INFO: Run Behavior\BuildLiteBehavior [ RunTime:0.000030s ]
INFO: [ app_init ] --END-- [ RunTime:0.002281s ]
ERR: 无法加载模块:Public

[ 2019-06-11T23:05:35+08:00 ] ::1 /bootstrap/Public/Home/js/bootstrap.min.js.map
INFO: [ app_init ] --START--
INFO: Run Behavior\BuildLiteBehavior [ RunTime:0.000020s ]
INFO: [ app_init ] --END-- [ RunTime:0.001119s ]
ERR: 无法加载模块:Public

[ 2019-06-11T23:05:35+08:00 ] ::1 /bootstrap/Public/Home/css/bootstrap.min.css.map
INFO: [ app_init ] --START--
INFO: Run Behavior\BuildLiteBehavior [ RunTime:0.000021s ]
INFO: [ app_init ] --END-- [ RunTime:0.001091s ]
ERR: 无法加载模块:Public

[ 2019-06-11T23:05:35+08:00 ] ::1 /bootstrap/Public/Home/js/popper.min.js.map
INFO: [ app_init ] --START--
INFO: Run Behavior\BuildLiteBehavior [ RunTime:0.000024s ]
INFO: [ app_init ] --END-- [ RunTime:0.003240s ]
ERR: 无法加载模块:Public

[ 2019-06-11T23:05:35+08:00 ] ::1 /bootstrap/Public/Home/js/bootstrap.min.js.map
INFO: [ app_init ] --START--
INFO: Run Behavior\BuildLiteBehavior [ RunTime:0.000022s ]
INFO: [ app_init ] --END-- [ RunTime:0.001323s ]
ERR: 无法加载模块:Public

[ 2019-06-11T23:05:35+08:00 ] ::1 /bootstrap/Public/Home/js/popper.min.js.map
INFO: [ app_init ] --START--
INFO: Run Behavior\BuildLiteBehavior [ RunTime:0.000028s ]
INFO: [ app_init ] --END-- [ RunTime:0.001175s ]
ERR: 无法加载模块:Public

[ 2019-06-11T23:05:35+08:00 ] ::1 /bootstrap/Public/Home/css/bootstrap.min.css.map
INFO: [ app_init ] --START--
INFO: Run Behavior\BuildLiteBehavior [ RunTime:0.000023s ]
INFO: [ app_init ] --END-- [ RunTime:0.001283s ]
ERR: 无法加载模块:Public

[ 2019-06-11T23:07:25+08:00 ] ::1 /bootstrap/Public/Home/js/bootstrap.min.js.map
INFO: [ app_init ] --START--
INFO: Run Behavior\BuildLiteBehavior [ RunTime:0.000023s ]
INFO: [ app_init ] --END-- [ RunTime:0.001560s ]
ERR: 无法加载模块:Public

[ 2019-06-11T23:07:25+08:00 ] ::1 /bootstrap/Public/Home/js/popper.min.js.map
INFO: [ app_init ] --START--
INFO: Run Behavior\BuildLiteBehavior [ RunTime:0.000021s ]
INFO: [ app_init ] --END-- [ RunTime:0.002339s ]
ERR: 无法加载模块:Public

[ 2019-06-11T23:07:25+08:00 ] ::1 /bootstrap/Public/Home/css/bootstrap.min.css.map
INFO: [ app_init ] --START--
INFO: Run Behavior\BuildLiteBehavior [ RunTime:0.000024s ]
INFO: [ app_init ] --END-- [ RunTime:0.002047s ]
ERR: 无法加载模块:Public

[ 2019-06-11T23:07:26+08:00 ] ::1 /bootstrap/Public/Home/js/bootstrap.min.js.map
INFO: [ app_init ] --START--
INFO: Run Behavior\BuildLiteBehavior [ RunTime:0.000020s ]
INFO: [ app_init ] --END-- [ RunTime:0.001145s ]
ERR: 无法加载模块:Public

[ 2019-06-11T23:07:26+08:00 ] ::1 /bootstrap/Public/Home/js/popper.min.js.map
INFO: [ app_init ] --START--
INFO: Run Behavior\BuildLiteBehavior [ RunTime:0.000024s ]
INFO: [ app_init ] --END-- [ RunTime:0.001806s ]
ERR: 无法加载模块:Public

[ 2019-06-11T23:07:26+08:00 ] ::1 /bootstrap/Public/Home/css/bootstrap.min.css.map
INFO: [ app_init ] --START--
INFO: Run Behavior\BuildLiteBehavior [ RunTime:0.000027s ]
INFO: [ app_init ] --END-- [ RunTime:0.002704s ]
ERR: 无法加载模块:Public

[ 2019-06-11T23:07:46+08:00 ] ::1 /bootstrap/Public/Home/js/popper.min.js.map
INFO: [ app_init ] --START--
INFO: Run Behavior\BuildLiteBehavior [ RunTime:0.000024s ]
INFO: [ app_init ] --END-- [ RunTime:0.001682s ]
ERR: 无法加载模块:Public

[ 2019-06-11T23:07:46+08:00 ] ::1 /bootstrap/Public/Home/js/bootstrap.min.js.map
INFO: [ app_init ] --START--
INFO: Run Behavior\BuildLiteBehavior [ RunTime:0.000023s ]
INFO: [ app_init ] --END-- [ RunTime:0.001409s ]
ERR: 无法加载模块:Public

[ 2019-06-11T23:07:46+08:00 ] ::1 /bootstrap/Public/Home/css/bootstrap.min.css.map
INFO: [ app_init ] --START--
INFO: Run Behavior\BuildLiteBehavior [ RunTime:0.000026s ]
INFO: [ app_init ] --END-- [ RunTime:0.002944s ]
ERR: 无法加载模块:Public

[ 2019-06-11T23:07:53+08:00 ] ::1 /bootstrap/Public/Home/css/bootstrap.min.css.map
INFO: [ app_init ] --START--
INFO: Run Behavior\BuildLiteBehavior [ RunTime:0.000032s ]
INFO: [ app_init ] --END-- [ RunTime:0.001585s ]
ERR: 无法加载模块:Public

[ 2019-06-11T23:07:53+08:00 ] ::1 /bootstrap/Public/Home/js/bootstrap.min.js.map
INFO: [ app_init ] --START--
INFO: Run Behavior\BuildLiteBehavior [ RunTime:0.000026s ]
INFO: [ app_init ] --END-- [ RunTime:0.001048s ]
ERR: 无法加载模块:Public

[ 2019-06-11T23:07:53+08:00 ] ::1 /bootstrap/Public/Home/js/popper.min.js.map
INFO: [ app_init ] --START--
INFO: Run Behavior\BuildLiteBehavior [ RunTime:0.000026s ]
INFO: [ app_init ] --END-- [ RunTime:0.002122s ]
ERR: 无法加载模块:Public

[ 2019-06-11T23:08:21+08:00 ] ::1 /bootstrap/Public/Home/js/bootstrap.min.js.map
INFO: [ app_init ] --START--
INFO: Run Behavior\BuildLiteBehavior [ RunTime:0.000023s ]
INFO: [ app_init ] --END-- [ RunTime:0.001371s ]
ERR: 无法加载模块:Public

[ 2019-06-11T23:08:21+08:00 ] ::1 /bootstrap/Public/Home/js/popper.min.js.map
INFO: [ app_init ] --START--
INFO: Run Behavior\BuildLiteBehavior [ RunTime:0.000022s ]
INFO: [ app_init ] --END-- [ RunTime:0.002281s ]
ERR: 无法加载模块:Public

[ 2019-06-11T23:08:21+08:00 ] ::1 /bootstrap/Public/Home/css/bootstrap.min.css.map
INFO: [ app_init ] --START--
INFO: Run Behavior\BuildLiteBehavior [ RunTime:0.000021s ]
INFO: [ app_init ] --END-- [ RunTime:0.001123s ]
ERR: 无法加载模块:Public

[ 2019-06-11T23:08:36+08:00 ] ::1 /bootstrap/Public/Home/css/bootstrap.min.css.map
INFO: [ app_init ] --START--
INFO: Run Behavior\BuildLiteBehavior [ RunTime:0.000040s ]
INFO: [ app_init ] --END-- [ RunTime:0.002177s ]
ERR: 无法加载模块:Public

[ 2019-06-11T23:08:36+08:00 ] ::1 /bootstrap/Public/Home/js/bootstrap.min.js.map
INFO: [ app_init ] --START--
INFO: Run Behavior\BuildLiteBehavior [ RunTime:0.000025s ]
INFO: [ app_init ] --END-- [ RunTime:0.001254s ]
ERR: 无法加载模块:Public

[ 2019-06-11T23:08:36+08:00 ] ::1 /bootstrap/Public/Home/js/popper.min.js.map
INFO: [ app_init ] --START--
INFO: Run Behavior\BuildLiteBehavior [ RunTime:0.000064s ]
INFO: [ app_init ] --END-- [ RunTime:0.001361s ]
ERR: 无法加载模块:Public

[ 2019-06-11T23:09:07+08:00 ] ::1 /bootstrap/Public/Home/css/bootstrap.min.css.map
INFO: [ app_init ] --START--
INFO: Run Behavior\BuildLiteBehavior [ RunTime:0.000020s ]
INFO: [ app_init ] --END-- [ RunTime:0.001121s ]
ERR: 无法加载模块:Public

[ 2019-06-11T23:09:07+08:00 ] ::1 /bootstrap/Public/Home/js/bootstrap.min.js.map
INFO: [ app_init ] --START--
INFO: Run Behavior\BuildLiteBehavior [ RunTime:0.000022s ]
INFO: [ app_init ] --END-- [ RunTime:0.001191s ]
ERR: 无法加载模块:Public

[ 2019-06-11T23:09:07+08:00 ] ::1 /bootstrap/Public/Home/js/popper.min.js.map
INFO: [ app_init ] --START--
INFO: Run Behavior\BuildLiteBehavior [ RunTime:0.000024s ]
INFO: [ app_init ] --END-- [ RunTime:0.001959s ]
ERR: 无法加载模块:Public

[ 2019-06-11T23:09:13+08:00 ] ::1 /bootstrap/Public/Home/js/bootstrap.min.js.map
INFO: [ app_init ] --START--
INFO: Run Behavior\BuildLiteBehavior [ RunTime:0.000020s ]
INFO: [ app_init ] --END-- [ RunTime:0.001070s ]
ERR: 无法加载模块:Public

[ 2019-06-11T23:09:13+08:00 ] ::1 /bootstrap/Public/Home/js/popper.min.js.map
INFO: [ app_init ] --START--
INFO: Run Behavior\BuildLiteBehavior [ RunTime:0.000022s ]
INFO: [ app_init ] --END-- [ RunTime:0.001779s ]
ERR: 无法加载模块:Public

[ 2019-06-11T23:09:13+08:00 ] ::1 /bootstrap/Public/Home/css/bootstrap.min.css.map
INFO: [ app_init ] --START--
INFO: Run Behavior\BuildLiteBehavior [ RunTime:0.000026s ]
INFO: [ app_init ] --END-- [ RunTime:0.001960s ]
ERR: 无法加载模块:Public

[ 2019-06-11T23:09:24+08:00 ] ::1 /bootstrap/Public/Home/js/bootstrap.min.js.map
INFO: [ app_init ] --START--
INFO: Run Behavior\BuildLiteBehavior [ RunTime:0.000023s ]
INFO: [ app_init ] --END-- [ RunTime:0.001237s ]
ERR: 无法加载模块:Public

[ 2019-06-11T23:09:24+08:00 ] ::1 /bootstrap/Public/Home/js/popper.min.js.map
INFO: [ app_init ] --START--
INFO: Run Behavior\BuildLiteBehavior [ RunTime:0.000025s ]
INFO: [ app_init ] --END-- [ RunTime:0.001171s ]
ERR: 无法加载模块:Public

[ 2019-06-11T23:09:24+08:00 ] ::1 /bootstrap/Public/Home/css/bootstrap.min.css.map
INFO: [ app_init ] --START--
INFO: Run Behavior\BuildLiteBehavior [ RunTime:0.000016s ]
INFO: [ app_init ] --END-- [ RunTime:0.000982s ]
ERR: 无法加载模块:Public

[ 2019-06-11T23:09:24+08:00 ] ::1 /bootstrap/Public/Home/js/bootstrap.min.js.map
INFO: [ app_init ] --START--
INFO: Run Behavior\BuildLiteBehavior [ RunTime:0.000018s ]
INFO: [ app_init ] --END-- [ RunTime:0.001048s ]
ERR: 无法加载模块:Public

[ 2019-06-11T23:09:24+08:00 ] ::1 /bootstrap/Public/Home/js/popper.min.js.map
INFO: [ app_init ] --START--
INFO: Run Behavior\BuildLiteBehavior [ RunTime:0.000018s ]
INFO: [ app_init ] --END-- [ RunTime:0.001198s ]
ERR: 无法加载模块:Public

[ 2019-06-11T23:09:24+08:00 ] ::1 /bootstrap/Public/Home/css/bootstrap.min.css.map
INFO: [ app_init ] --START--
INFO: Run Behavior\BuildLiteBehavior [ RunTime:0.000032s ]
INFO: [ app_init ] --END-- [ RunTime:0.001901s ]
ERR: 无法加载模块:Public

[ 2019-06-11T23:09:25+08:00 ] ::1 /bootstrap/Public/Home/js/bootstrap.min.js.map
INFO: [ app_init ] --START--
INFO: Run Behavior\BuildLiteBehavior [ RunTime:0.000020s ]
INFO: [ app_init ] --END-- [ RunTime:0.001221s ]
ERR: 无法加载模块:Public

[ 2019-06-11T23:09:25+08:00 ] ::1 /bootstrap/Public/Home/js/popper.min.js.map
INFO: [ app_init ] --START--
INFO: Run Behavior\BuildLiteBehavior [ RunTime:0.000022s ]
INFO: [ app_init ] --END-- [ RunTime:0.001217s ]
ERR: 无法加载模块:Public

[ 2019-06-11T23:09:25+08:00 ] ::1 /bootstrap/Public/Home/css/bootstrap.min.css.map
INFO: [ app_init ] --START--
INFO: Run Behavior\BuildLiteBehavior [ RunTime:0.000021s ]
INFO: [ app_init ] --END-- [ RunTime:0.001213s ]
ERR: 无法加载模块:Public

[ 2019-06-11T23:09:30+08:00 ] ::1 /bootstrap/Public/Home/js/bootstrap.min.js.map
INFO: [ app_init ] --START--
INFO: Run Behavior\BuildLiteBehavior [ RunTime:0.000020s ]
INFO: [ app_init ] --END-- [ RunTime:0.001232s ]
ERR: 无法加载模块:Public

[ 2019-06-11T23:09:30+08:00 ] ::1 /bootstrap/Public/Home/js/popper.min.js.map
INFO: [ app_init ] --START--
INFO: Run Behavior\BuildLiteBehavior [ RunTime:0.000024s ]
INFO: [ app_init ] --END-- [ RunTime:0.001094s ]
ERR: 无法加载模块:Public

[ 2019-06-11T23:09:30+08:00 ] ::1 /bootstrap/Public/Home/css/bootstrap.min.css.map
INFO: [ app_init ] --START--
INFO: Run Behavior\BuildLiteBehavior [ RunTime:0.000022s ]
INFO: [ app_init ] --END-- [ RunTime:0.001218s ]
ERR: 无法加载模块:Public

[ 2019-06-11T23:09:31+08:00 ] ::1 /bootstrap/Public/Home/js/bootstrap.min.js.map
INFO: [ app_init ] --START--
INFO: Run Behavior\BuildLiteBehavior [ RunTime:0.000021s ]
INFO: [ app_init ] --END-- [ RunTime:0.001139s ]
ERR: 无法加载模块:Public

[ 2019-06-11T23:09:31+08:00 ] ::1 /bootstrap/Public/Home/js/popper.min.js.map
INFO: [ app_init ] --START--
INFO: Run Behavior\BuildLiteBehavior [ RunTime:0.000022s ]
INFO: [ app_init ] --END-- [ RunTime:0.001196s ]
ERR: 无法加载模块:Public

[ 2019-06-11T23:09:31+08:00 ] ::1 /bootstrap/Public/Home/css/bootstrap.min.css.map
INFO: [ app_init ] --START--
INFO: Run Behavior\BuildLiteBehavior [ RunTime:0.000019s ]
INFO: [ app_init ] --END-- [ RunTime:0.001185s ]
ERR: 无法加载模块:Public

[ 2019-06-11T23:09:35+08:00 ] ::1 /bootstrap/Public/Home/js/popper.min.js.map
INFO: [ app_init ] --START--
INFO: Run Behavior\BuildLiteBehavior [ RunTime:0.000019s ]
INFO: [ app_init ] --END-- [ RunTime:0.001138s ]
ERR: 无法加载模块:Public

[ 2019-06-11T23:09:35+08:00 ] ::1 /bootstrap/Public/Home/js/bootstrap.min.js.map
INFO: [ app_init ] --START--
INFO: Run Behavior\BuildLiteBehavior [ RunTime:0.000020s ]
INFO: [ app_init ] --END-- [ RunTime:0.001096s ]
ERR: 无法加载模块:Public

[ 2019-06-11T23:09:35+08:00 ] ::1 /bootstrap/Public/Home/css/bootstrap.min.css.map
INFO: [ app_init ] --START--
INFO: Run Behavior\BuildLiteBehavior [ RunTime:0.000026s ]
INFO: [ app_init ] --END-- [ RunTime:0.001234s ]
ERR: 无法加载模块:Public

[ 2019-06-11T23:09:41+08:00 ] ::1 /bootstrap/Public/Home/css/bootstrap.min.css.map
INFO: [ app_init ] --START--
INFO: Run Behavior\BuildLiteBehavior [ RunTime:0.000022s ]
INFO: [ app_init ] --END-- [ RunTime:0.001317s ]
ERR: 无法加载模块:Public

[ 2019-06-11T23:09:41+08:00 ] ::1 /bootstrap/Public/Home/js/bootstrap.min.js.map
INFO: [ app_init ] --START--
INFO: Run Behavior\BuildLiteBehavior [ RunTime:0.000021s ]
INFO: [ app_init ] --END-- [ RunTime:0.001171s ]
ERR: 无法加载模块:Public

[ 2019-06-11T23:09:41+08:00 ] ::1 /bootstrap/Public/Home/js/popper.min.js.map
INFO: [ app_init ] --START--
INFO: Run Behavior\BuildLiteBehavior [ RunTime:0.000018s ]
INFO: [ app_init ] --END-- [ RunTime:0.000923s ]
ERR: 无法加载模块:Public

[ 2019-06-11T23:09:52+08:00 ] ::1 /bootstrap/Public/Home/js/bootstrap.min.js.map
INFO: [ app_init ] --START--
INFO: Run Behavior\BuildLiteBehavior [ RunTime:0.000022s ]
INFO: [ app_init ] --END-- [ RunTime:0.001967s ]
ERR: 无法加载模块:Public

[ 2019-06-11T23:09:52+08:00 ] ::1 /bootstrap/Public/Home/js/popper.min.js.map
INFO: [ app_init ] --START--
INFO: Run Behavior\BuildLiteBehavior [ RunTime:0.000026s ]
INFO: [ app_init ] --END-- [ RunTime:0.002400s ]
ERR: 无法加载模块:Public

[ 2019-06-11T23:09:52+08:00 ] ::1 /bootstrap/Public/Home/css/bootstrap.min.css.map
INFO: [ app_init ] --START--
INFO: Run Behavior\BuildLiteBehavior [ RunTime:0.000026s ]
INFO: [ app_init ] --END-- [ RunTime:0.004849s ]
ERR: 无法加载模块:Public

[ 2019-06-11T23:09:52+08:00 ] ::1 /bootstrap/Public/Home/js/popper.min.js.map
INFO: [ app_init ] --START--
INFO: Run Behavior\BuildLiteBehavior [ RunTime:0.000019s ]
INFO: [ app_init ] --END-- [ RunTime:0.001235s ]
ERR: 无法加载模块:Public

[ 2019-06-11T23:09:52+08:00 ] ::1 /bootstrap/Public/Home/js/bootstrap.min.js.map
INFO: [ app_init ] --START--
INFO: Run Behavior\BuildLiteBehavior [ RunTime:0.000018s ]
INFO: [ app_init ] --END-- [ RunTime:0.001261s ]
ERR: 无法加载模块:Public

[ 2019-06-11T23:09:52+08:00 ] ::1 /bootstrap/Public/Home/css/bootstrap.min.css.map
INFO: [ app_init ] --START--
INFO: Run Behavior\BuildLiteBehavior [ RunTime:0.000024s ]
INFO: [ app_init ] --END-- [ RunTime:0.001251s ]
ERR: 无法加载模块:Public

[ 2019-06-11T23:10:23+08:00 ] ::1 /bootstrap/Public/Home/css/bootstrap.min.css.map
INFO: [ app_init ] --START--
INFO: Run Behavior\BuildLiteBehavior [ RunTime:0.000013s ]
INFO: [ app_init ] --END-- [ RunTime:0.000667s ]
ERR: 无法加载模块:Public

[ 2019-06-11T23:10:23+08:00 ] ::1 /bootstrap/Public/Home/js/bootstrap.min.js.map
INFO: [ app_init ] --START--
INFO: Run Behavior\BuildLiteBehavior [ RunTime:0.000021s ]
INFO: [ app_init ] --END-- [ RunTime:0.001237s ]
ERR: 无法加载模块:Public

[ 2019-06-11T23:10:23+08:00 ] ::1 /bootstrap/Public/Home/js/popper.min.js.map
INFO: [ app_init ] --START--
INFO: Run Behavior\BuildLiteBehavior [ RunTime:0.000045s ]
INFO: [ app_init ] --END-- [ RunTime:0.001222s ]
ERR: 无法加载模块:Public

[ 2019-06-11T23:10:25+08:00 ] ::1 /bootstrap/Public/Home/js/popper.min.js.map
INFO: [ app_init ] --START--
INFO: Run Behavior\BuildLiteBehavior [ RunTime:0.000054s ]
INFO: [ app_init ] --END-- [ RunTime:0.001355s ]
ERR: 无法加载模块:Public

[ 2019-06-11T23:10:25+08:00 ] ::1 /bootstrap/Public/Home/js/bootstrap.min.js.map
INFO: [ app_init ] --START--
INFO: Run Behavior\BuildLiteBehavior [ RunTime:0.000019s ]
INFO: [ app_init ] --END-- [ RunTime:0.001043s ]
ERR: 无法加载模块:Public

[ 2019-06-11T23:10:25+08:00 ] ::1 /bootstrap/Public/Home/css/bootstrap.min.css.map
INFO: [ app_init ] --START--
INFO: Run Behavior\BuildLiteBehavior [ RunTime:0.000027s ]
INFO: [ app_init ] --END-- [ RunTime:0.001705s ]
ERR: 无法加载模块:Public

[ 2019-06-11T23:10:35+08:00 ] ::1 /bootstrap/Public/Home/js/popper.min.js.map
INFO: [ app_init ] --START--
INFO: Run Behavior\BuildLiteBehavior [ RunTime:0.000029s ]
INFO: [ app_init ] --END-- [ RunTime:0.001218s ]
ERR: 无法加载模块:Public

[ 2019-06-11T23:10:35+08:00 ] ::1 /bootstrap/Public/Home/js/bootstrap.min.js.map
INFO: [ app_init ] --START--
INFO: Run Behavior\BuildLiteBehavior [ RunTime:0.000019s ]
INFO: [ app_init ] --END-- [ RunTime:0.001330s ]
ERR: 无法加载模块:Public

[ 2019-06-11T23:10:35+08:00 ] ::1 /bootstrap/Public/Home/css/bootstrap.min.css.map
INFO: [ app_init ] --START--
INFO: Run Behavior\BuildLiteBehavior [ RunTime:0.000018s ]
INFO: [ app_init ] --END-- [ RunTime:0.000965s ]
ERR: 无法加载模块:Public

[ 2019-06-11T23:10:37+08:00 ] ::1 /bootstrap/Public/Home/js/bootstrap.min.js.map
INFO: [ app_init ] --START--
INFO: Run Behavior\BuildLiteBehavior [ RunTime:0.000021s ]
INFO: [ app_init ] --END-- [ RunTime:0.001380s ]
ERR: 无法加载模块:Public

[ 2019-06-11T23:10:37+08:00 ] ::1 /bootstrap/Public/Home/js/popper.min.js.map
INFO: [ app_init ] --START--
INFO: Run Behavior\BuildLiteBehavior [ RunTime:0.000021s ]
INFO: [ app_init ] --END-- [ RunTime:0.001226s ]
ERR: 无法加载模块:Public

[ 2019-06-11T23:10:37+08:00 ] ::1 /bootstrap/Public/Home/css/bootstrap.min.css.map
INFO: [ app_init ] --START--
INFO: Run Behavior\BuildLiteBehavior [ RunTime:0.000019s ]
INFO: [ app_init ] --END-- [ RunTime:0.001224s ]
ERR: 无法加载模块:Public

[ 2019-06-11T23:10:45+08:00 ] ::1 /bootstrap/Public/Home/js/bootstrap.min.js.map
INFO: [ app_init ] --START--
INFO: Run Behavior\BuildLiteBehavior [ RunTime:0.000019s ]
INFO: [ app_init ] --END-- [ RunTime:0.001263s ]
ERR: 无法加载模块:Public

[ 2019-06-11T23:10:45+08:00 ] ::1 /bootstrap/Public/Home/js/popper.min.js.map
INFO: [ app_init ] --START--
INFO: Run Behavior\BuildLiteBehavior [ RunTime:0.000021s ]
INFO: [ app_init ] --END-- [ RunTime:0.001270s ]
ERR: 无法加载模块:Public

[ 2019-06-11T23:10:45+08:00 ] ::1 /bootstrap/Public/Home/css/bootstrap.min.css.map
INFO: [ app_init ] --START--
INFO: Run Behavior\BuildLiteBehavior [ RunTime:0.000023s ]
INFO: [ app_init ] --END-- [ RunTime:0.001193s ]
ERR: 无法加载模块:Public

[ 2019-06-11T23:11:03+08:00 ] ::1 /bootstrap/Public/Home/css/bootstrap.min.css.map
INFO: [ app_init ] --START--
INFO: Run Behavior\BuildLiteBehavior [ RunTime:0.000023s ]
INFO: [ app_init ] --END-- [ RunTime:0.002484s ]
ERR: 无法加载模块:Public

[ 2019-06-11T23:11:03+08:00 ] ::1 /bootstrap/Public/Home/js/bootstrap.min.js.map
INFO: [ app_init ] --START--
INFO: Run Behavior\BuildLiteBehavior [ RunTime:0.000024s ]
INFO: [ app_init ] --END-- [ RunTime:0.002560s ]
ERR: 无法加载模块:Public

[ 2019-06-11T23:11:03+08:00 ] ::1 /bootstrap/Public/Home/js/popper.min.js.map
INFO: [ app_init ] --START--
INFO: Run Behavior\BuildLiteBehavior [ RunTime:0.000030s ]
INFO: [ app_init ] --END-- [ RunTime:0.001743s ]
ERR: 无法加载模块:Public

[ 2019-06-11T23:11:12+08:00 ] ::1 /bootstrap/Public/Home/css/bootstrap.min.css.map
INFO: [ app_init ] --START--
INFO: Run Behavior\BuildLiteBehavior [ RunTime:0.000021s ]
INFO: [ app_init ] --END-- [ RunTime:0.001262s ]
ERR: 无法加载模块:Public

[ 2019-06-11T23:11:12+08:00 ] ::1 /bootstrap/Public/Home/js/bootstrap.min.js.map
INFO: [ app_init ] --START--
INFO: Run Behavior\BuildLiteBehavior [ RunTime:0.000021s ]
INFO: [ app_init ] --END-- [ RunTime:0.001054s ]
ERR: 无法加载模块:Public

[ 2019-06-11T23:11:12+08:00 ] ::1 /bootstrap/Public/Home/js/popper.min.js.map
INFO: [ app_init ] --START--
INFO: Run Behavior\BuildLiteBehavior [ RunTime:0.000024s ]
INFO: [ app_init ] --END-- [ RunTime:0.001363s ]
ERR: 无法加载模块:Public

[ 2019-06-11T23:11:29+08:00 ] ::1 /bootstrap/Public/Home/css/bootstrap.min.css.map
INFO: [ app_init ] --START--
INFO: Run Behavior\BuildLiteBehavior [ RunTime:0.000022s ]
INFO: [ app_init ] --END-- [ RunTime:0.001140s ]
ERR: 无法加载模块:Public

[ 2019-06-11T23:11:29+08:00 ] ::1 /bootstrap/Public/Home/js/popper.min.js.map
INFO: [ app_init ] --START--
INFO: Run Behavior\BuildLiteBehavior [ RunTime:0.000025s ]
INFO: [ app_init ] --END-- [ RunTime:0.001497s ]
ERR: 无法加载模块:Public

[ 2019-06-11T23:11:29+08:00 ] ::1 /bootstrap/Public/Home/js/bootstrap.min.js.map
INFO: [ app_init ] --START--
INFO: Run Behavior\BuildLiteBehavior [ RunTime:0.000020s ]
INFO: [ app_init ] --END-- [ RunTime:0.002158s ]
ERR: 无法加载模块:Public

[ 2019-06-11T23:12:30+08:00 ] ::1 /bootstrap/Public/Home/js/bootstrap.min.js.map
INFO: [ app_init ] --START--
INFO: Run Behavior\BuildLiteBehavior [ RunTime:0.000021s ]
INFO: [ app_init ] --END-- [ RunTime:0.001102s ]
ERR: 无法加载模块:Public

[ 2019-06-11T23:12:30+08:00 ] ::1 /bootstrap/Public/Home/js/popper.min.js.map
INFO: [ app_init ] --START--
INFO: Run Behavior\BuildLiteBehavior [ RunTime:0.000023s ]
INFO: [ app_init ] --END-- [ RunTime:0.002110s ]
ERR: 无法加载模块:Public

[ 2019-06-11T23:12:30+08:00 ] ::1 /bootstrap/Public/Home/css/bootstrap.min.css.map
INFO: [ app_init ] --START--
INFO: Run Behavior\BuildLiteBehavior [ RunTime:0.000022s ]
INFO: [ app_init ] --END-- [ RunTime:0.001247s ]
ERR: 无法加载模块:Public

[ 2019-06-11T23:12:40+08:00 ] ::1 /bootstrap/Public/Home/js/bootstrap.min.js.map
INFO: [ app_init ] --START--
INFO: Run Behavior\BuildLiteBehavior [ RunTime:0.000030s ]
INFO: [ app_init ] --END-- [ RunTime:0.001306s ]
ERR: 无法加载模块:Public

[ 2019-06-11T23:12:40+08:00 ] ::1 /bootstrap/Public/Home/js/popper.min.js.map
INFO: [ app_init ] --START--
INFO: Run Behavior\BuildLiteBehavior [ RunTime:0.000024s ]
INFO: [ app_init ] --END-- [ RunTime:0.001666s ]
ERR: 无法加载模块:Public

[ 2019-06-11T23:12:40+08:00 ] ::1 /bootstrap/Public/Home/css/bootstrap.min.css.map
INFO: [ app_init ] --START--
INFO: Run Behavior\BuildLiteBehavior [ RunTime:0.000024s ]
INFO: [ app_init ] --END-- [ RunTime:0.001333s ]
ERR: 无法加载模块:Public

[ 2019-06-11T23:12:51+08:00 ] ::1 /bootstrap/Public/Home/js/bootstrap.min.js.map
INFO: [ app_init ] --START--
INFO: Run Behavior\BuildLiteBehavior [ RunTime:0.000020s ]
INFO: [ app_init ] --END-- [ RunTime:0.001084s ]
ERR: 无法加载模块:Public

[ 2019-06-11T23:12:51+08:00 ] ::1 /bootstrap/Public/Home/js/popper.min.js.map
INFO: [ app_init ] --START--
INFO: Run Behavior\BuildLiteBehavior [ RunTime:0.000024s ]
INFO: [ app_init ] --END-- [ RunTime:0.018006s ]
ERR: 无法加载模块:Public

[ 2019-06-11T23:12:51+08:00 ] ::1 /bootstrap/Public/Home/css/bootstrap.min.css.map
INFO: [ app_init ] --START--
INFO: Run Behavior\BuildLiteBehavior [ RunTime:0.000038s ]
INFO: [ app_init ] --END-- [ RunTime:0.001496s ]
ERR: 无法加载模块:Public

[ 2019-06-11T23:12:57+08:00 ] ::1 /bootstrap/Public/Home/css/bootstrap.min.css.map
INFO: [ app_init ] --START--
INFO: Run Behavior\BuildLiteBehavior [ RunTime:0.000027s ]
INFO: [ app_init ] --END-- [ RunTime:0.001477s ]
ERR: 无法加载模块:Public

[ 2019-06-11T23:12:57+08:00 ] ::1 /bootstrap/Public/Home/js/bootstrap.min.js.map
INFO: [ app_init ] --START--
INFO: Run Behavior\BuildLiteBehavior [ RunTime:0.000020s ]
INFO: [ app_init ] --END-- [ RunTime:0.001322s ]
ERR: 无法加载模块:Public

[ 2019-06-11T23:12:57+08:00 ] ::1 /bootstrap/Public/Home/js/popper.min.js.map
INFO: [ app_init ] --START--
INFO: Run Behavior\BuildLiteBehavior [ RunTime:0.000020s ]
INFO: [ app_init ] --END-- [ RunTime:0.001523s ]
ERR: 无法加载模块:Public

[ 2019-06-11T23:13:27+08:00 ] ::1 /bootstrap/Public/Home/js/bootstrap.min.js.map
INFO: [ app_init ] --START--
INFO: Run Behavior\BuildLiteBehavior [ RunTime:0.000022s ]
INFO: [ app_init ] --END-- [ RunTime:0.001819s ]
ERR: 无法加载模块:Public

[ 2019-06-11T23:13:27+08:00 ] ::1 /bootstrap/Public/Home/js/popper.min.js.map
INFO: [ app_init ] --START--
INFO: Run Behavior\BuildLiteBehavior [ RunTime:0.000023s ]
INFO: [ app_init ] --END-- [ RunTime:0.001299s ]
ERR: 无法加载模块:Public

[ 2019-06-11T23:13:27+08:00 ] ::1 /bootstrap/Public/Home/css/bootstrap.min.css.map
INFO: [ app_init ] --START--
INFO: Run Behavior\BuildLiteBehavior [ RunTime:0.000022s ]
INFO: [ app_init ] --END-- [ RunTime:0.002101s ]
ERR: 无法加载模块:Public

[ 2019-06-11T23:13:41+08:00 ] ::1 /bootstrap/Public/Home/js/bootstrap.min.js.map
INFO: [ app_init ] --START--
INFO: Run Behavior\BuildLiteBehavior [ RunTime:0.000032s ]
INFO: [ app_init ] --END-- [ RunTime:0.001780s ]
ERR: 无法加载模块:Public

[ 2019-06-11T23:13:41+08:00 ] ::1 /bootstrap/Public/Home/js/popper.min.js.map
INFO: [ app_init ] --START--
INFO: Run Behavior\BuildLiteBehavior [ RunTime:0.000022s ]
INFO: [ app_init ] --END-- [ RunTime:0.001056s ]
ERR: 无法加载模块:Public

[ 2019-06-11T23:13:41+08:00 ] ::1 /bootstrap/Public/Home/css/bootstrap.min.css.map
INFO: [ app_init ] --START--
INFO: Run Behavior\BuildLiteBehavior [ RunTime:0.000014s ]
INFO: [ app_init ] --END-- [ RunTime:0.000729s ]
ERR: 无法加载模块:Public

[ 2019-06-11T23:13:42+08:00 ] ::1 /bootstrap/Public/Home/js/bootstrap.min.js.map
INFO: [ app_init ] --START--
INFO: Run Behavior\BuildLiteBehavior [ RunTime:0.000024s ]
INFO: [ app_init ] --END-- [ RunTime:0.002565s ]
ERR: 无法加载模块:Public

[ 2019-06-11T23:13:42+08:00 ] ::1 /bootstrap/Public/Home/js/popper.min.js.map
INFO: [ app_init ] --START--
INFO: Run Behavior\BuildLiteBehavior [ RunTime:0.000022s ]
INFO: [ app_init ] --END-- [ RunTime:0.001509s ]
ERR: 无法加载模块:Public

[ 2019-06-11T23:13:42+08:00 ] ::1 /bootstrap/Public/Home/css/bootstrap.min.css.map
INFO: [ app_init ] --START--
INFO: Run Behavior\BuildLiteBehavior [ RunTime:0.000025s ]
INFO: [ app_init ] --END-- [ RunTime:0.001242s ]
ERR: 无法加载模块:Public

[ 2019-06-11T23:13:48+08:00 ] ::1 /bootstrap/Public/Home/js/bootstrap.min.js.map
INFO: [ app_init ] --START--
INFO: Run Behavior\BuildLiteBehavior [ RunTime:0.000024s ]
INFO: [ app_init ] --END-- [ RunTime:0.001298s ]
ERR: 无法加载模块:Public

[ 2019-06-11T23:13:48+08:00 ] ::1 /bootstrap/Public/Home/js/popper.min.js.map
INFO: [ app_init ] --START--
INFO: Run Behavior\BuildLiteBehavior [ RunTime:0.000016s ]
INFO: [ app_init ] --END-- [ RunTime:0.001356s ]
ERR: 无法加载模块:Public

[ 2019-06-11T23:13:48+08:00 ] ::1 /bootstrap/Public/Home/css/bootstrap.min.css.map
INFO: [ app_init ] --START--
INFO: Run Behavior\BuildLiteBehavior [ RunTime:0.000024s ]
INFO: [ app_init ] --END-- [ RunTime:0.002221s ]
ERR: 无法加载模块:Public

[ 2019-06-11T23:14:10+08:00 ] ::1 /bootstrap/Public/Home/js/popper.min.js.map
INFO: [ app_init ] --START--
INFO: Run Behavior\BuildLiteBehavior [ RunTime:0.000020s ]
INFO: [ app_init ] --END-- [ RunTime:0.001139s ]
ERR: 无法加载模块:Public

[ 2019-06-11T23:14:10+08:00 ] ::1 /bootstrap/Public/Home/css/bootstrap.min.css.map
INFO: [ app_init ] --START--
INFO: Run Behavior\BuildLiteBehavior [ RunTime:0.000034s ]
INFO: [ app_init ] --END-- [ RunTime:0.002745s ]
ERR: 无法加载模块:Public

[ 2019-06-11T23:14:10+08:00 ] ::1 /bootstrap/Public/Home/js/bootstrap.min.js.map
INFO: [ app_init ] --START--
INFO: Run Behavior\BuildLiteBehavior [ RunTime:0.000028s ]
INFO: [ app_init ] --END-- [ RunTime:0.002998s ]
ERR: 无法加载模块:Public

[ 2019-06-11T23:14:11+08:00 ] ::1 /bootstrap/Public/Home/js/popper.min.js.map
INFO: [ app_init ] --START--
INFO: Run Behavior\BuildLiteBehavior [ RunTime:0.000021s ]
INFO: [ app_init ] --END-- [ RunTime:0.001396s ]
ERR: 无法加载模块:Public

[ 2019-06-11T23:14:11+08:00 ] ::1 /bootstrap/Public/Home/js/bootstrap.min.js.map
INFO: [ app_init ] --START--
INFO: Run Behavior\BuildLiteBehavior [ RunTime:0.000019s ]
INFO: [ app_init ] --END-- [ RunTime:0.001358s ]
ERR: 无法加载模块:Public

[ 2019-06-11T23:14:11+08:00 ] ::1 /bootstrap/Public/Home/css/bootstrap.min.css.map
INFO: [ app_init ] --START--
INFO: Run Behavior\BuildLiteBehavior [ RunTime:0.000019s ]
INFO: [ app_init ] --END-- [ RunTime:0.001139s ]
ERR: 无法加载模块:Public

[ 2019-06-11T23:14:11+08:00 ] ::1 /bootstrap/Public/Home/js/bootstrap.min.js.map
INFO: [ app_init ] --START--
INFO: Run Behavior\BuildLiteBehavior [ RunTime:0.000135s ]
INFO: [ app_init ] --END-- [ RunTime:0.001605s ]
ERR: 无法加载模块:Public

[ 2019-06-11T23:14:11+08:00 ] ::1 /bootstrap/Public/Home/js/popper.min.js.map
INFO: [ app_init ] --START--
INFO: Run Behavior\BuildLiteBehavior [ RunTime:0.000038s ]
INFO: [ app_init ] --END-- [ RunTime:0.001467s ]
ERR: 无法加载模块:Public

[ 2019-06-11T23:14:11+08:00 ] ::1 /bootstrap/Public/Home/css/bootstrap.min.css.map
INFO: [ app_init ] --START--
INFO: Run Behavior\BuildLiteBehavior [ RunTime:0.000027s ]
INFO: [ app_init ] --END-- [ RunTime:0.002116s ]
ERR: 无法加载模块:Public

[ 2019-06-11T23:14:14+08:00 ] ::1 /bootstrap/Public/Home/js/bootstrap.min.js.map
INFO: [ app_init ] --START--
INFO: Run Behavior\BuildLiteBehavior [ RunTime:0.000022s ]
INFO: [ app_init ] --END-- [ RunTime:0.001465s ]
ERR: 无法加载模块:Public

[ 2019-06-11T23:14:14+08:00 ] ::1 /bootstrap/Public/Home/js/popper.min.js.map
INFO: [ app_init ] --START--
INFO: Run Behavior\BuildLiteBehavior [ RunTime:0.000021s ]
INFO: [ app_init ] --END-- [ RunTime:0.001775s ]
ERR: 无法加载模块:Public

[ 2019-06-11T23:14:14+08:00 ] ::1 /bootstrap/Public/Home/css/bootstrap.min.css.map
INFO: [ app_init ] --START--
INFO: Run Behavior\BuildLiteBehavior [ RunTime:0.000024s ]
INFO: [ app_init ] --END-- [ RunTime:0.001376s ]
ERR: 无法加载模块:Public

[ 2019-06-11T23:14:18+08:00 ] ::1 /bootstrap/Public/Home/js/bootstrap.min.js.map
INFO: [ app_init ] --START--
INFO: Run Behavior\BuildLiteBehavior [ RunTime:0.000022s ]
INFO: [ app_init ] --END-- [ RunTime:0.002040s ]
ERR: 无法加载模块:Public

[ 2019-06-11T23:14:18+08:00 ] ::1 /bootstrap/Public/Home/js/popper.min.js.map
INFO: [ app_init ] --START--
INFO: Run Behavior\BuildLiteBehavior [ RunTime:0.000021s ]
INFO: [ app_init ] --END-- [ RunTime:0.001380s ]
ERR: 无法加载模块:Public

[ 2019-06-11T23:14:18+08:00 ] ::1 /bootstrap/Public/Home/css/bootstrap.min.css.map
INFO: [ app_init ] --START--
INFO: Run Behavior\BuildLiteBehavior [ RunTime:0.000025s ]
INFO: [ app_init ] --END-- [ RunTime:0.001458s ]
ERR: 无法加载模块:Public

[ 2019-06-11T23:35:47+08:00 ] ::1 /bootstrap/Public/Home/js/bootstrap.min.js.map
INFO: [ app_init ] --START--
INFO: Run Behavior\BuildLiteBehavior [ RunTime:0.000022s ]
INFO: [ app_init ] --END-- [ RunTime:0.001402s ]
ERR: 无法加载模块:Public

[ 2019-06-11T23:35:47+08:00 ] ::1 /bootstrap/Public/Home/js/popper.min.js.map
INFO: [ app_init ] --START--
INFO: Run Behavior\BuildLiteBehavior [ RunTime:0.000030s ]
INFO: [ app_init ] --END-- [ RunTime:0.001327s ]
ERR: 无法加载模块:Public

[ 2019-06-11T23:35:47+08:00 ] ::1 /bootstrap/Public/Home/css/bootstrap.min.css.map
INFO: [ app_init ] --START--
INFO: Run Behavior\BuildLiteBehavior [ RunTime:0.000023s ]
INFO: [ app_init ] --END-- [ RunTime:0.002220s ]
ERR: 无法加载模块:Public

[ 2019-06-11T23:35:48+08:00 ] ::1 /bootstrap/Public/Home/js/bootstrap.min.js.map
INFO: [ app_init ] --START--
INFO: Run Behavior\BuildLiteBehavior [ RunTime:0.000026s ]
INFO: [ app_init ] --END-- [ RunTime:0.001283s ]
ERR: 无法加载模块:Public

[ 2019-06-11T23:35:48+08:00 ] ::1 /bootstrap/Public/Home/js/popper.min.js.map
INFO: [ app_init ] --START--
INFO: Run Behavior\BuildLiteBehavior [ RunTime:0.000024s ]
INFO: [ app_init ] --END-- [ RunTime:0.001659s ]
ERR: 无法加载模块:Public

[ 2019-06-11T23:35:48+08:00 ] ::1 /bootstrap/Public/Home/css/bootstrap.min.css.map
INFO: [ app_init ] --START--
INFO: Run Behavior\BuildLiteBehavior [ RunTime:0.000023s ]
INFO: [ app_init ] --END-- [ RunTime:0.001335s ]
ERR: 无法加载模块:Public

[ 2019-06-11T23:36:13+08:00 ] ::1 /bootstrap/Public/Home/css/bootstrap.min.css.map
INFO: [ app_init ] --START--
INFO: Run Behavior\BuildLiteBehavior [ RunTime:0.000022s ]
INFO: [ app_init ] --END-- [ RunTime:0.001333s ]
ERR: 无法加载模块:Public

[ 2019-06-11T23:36:13+08:00 ] ::1 /bootstrap/Public/Home/js/bootstrap.min.js.map
INFO: [ app_init ] --START--
INFO: Run Behavior\BuildLiteBehavior [ RunTime:0.000023s ]
INFO: [ app_init ] --END-- [ RunTime:0.001168s ]
ERR: 无法加载模块:Public

[ 2019-06-11T23:36:13+08:00 ] ::1 /bootstrap/Public/Home/js/popper.min.js.map
INFO: [ app_init ] --START--
INFO: Run Behavior\BuildLiteBehavior [ RunTime:0.000027s ]
INFO: [ app_init ] --END-- [ RunTime:0.010888s ]
ERR: 无法加载模块:Public

[ 2019-06-11T23:36:35+08:00 ] ::1 /bootstrap/Public/Home/js/bootstrap.min.js.map
INFO: [ app_init ] --START--
INFO: Run Behavior\BuildLiteBehavior [ RunTime:0.000025s ]
INFO: [ app_init ] --END-- [ RunTime:0.001252s ]
ERR: 无法加载模块:Public

[ 2019-06-11T23:36:35+08:00 ] ::1 /bootstrap/Public/Home/js/popper.min.js.map
INFO: [ app_init ] --START--
INFO: Run Behavior\BuildLiteBehavior [ RunTime:0.000019s ]
INFO: [ app_init ] --END-- [ RunTime:0.001313s ]
ERR: 无法加载模块:Public

[ 2019-06-11T23:36:36+08:00 ] ::1 /bootstrap/Public/Home/css/bootstrap.min.css.map
INFO: [ app_init ] --START--
INFO: Run Behavior\BuildLiteBehavior [ RunTime:0.000023s ]
INFO: [ app_init ] --END-- [ RunTime:0.001078s ]
ERR: 无法加载模块:Public

[ 2019-06-11T23:36:36+08:00 ] ::1 /bootstrap/Public/Home/css/bootstrap.min.css.map
INFO: [ app_init ] --START--
INFO: Run Behavior\BuildLiteBehavior [ RunTime:0.000021s ]
INFO: [ app_init ] --END-- [ RunTime:0.001166s ]
ERR: 无法加载模块:Public

[ 2019-06-11T23:36:36+08:00 ] ::1 /bootstrap/Public/Home/js/popper.min.js.map
INFO: [ app_init ] --START--
INFO: Run Behavior\BuildLiteBehavior [ RunTime:0.000021s ]
INFO: [ app_init ] --END-- [ RunTime:0.001312s ]
ERR: 无法加载模块:Public

[ 2019-06-11T23:36:36+08:00 ] ::1 /bootstrap/Public/Home/js/bootstrap.min.js.map
INFO: [ app_init ] --START--
INFO: Run Behavior\BuildLiteBehavior [ RunTime:0.000019s ]
INFO: [ app_init ] --END-- [ RunTime:0.001042s ]
ERR: 无法加载模块:Public

[ 2019-06-11T23:36:40+08:00 ] ::1 /bootstrap/Public/Home/css/bootstrap.min.css.map
INFO: [ app_init ] --START--
INFO: Run Behavior\BuildLiteBehavior [ RunTime:0.000023s ]
INFO: [ app_init ] --END-- [ RunTime:0.001349s ]
ERR: 无法加载模块:Public

[ 2019-06-11T23:36:40+08:00 ] ::1 /bootstrap/Public/Home/js/popper.min.js.map
INFO: [ app_init ] --START--
INFO: Run Behavior\BuildLiteBehavior [ RunTime:0.000019s ]
INFO: [ app_init ] --END-- [ RunTime:0.001014s ]
ERR: 无法加载模块:Public



[ 2019-06-11T23:36:43+08:00 ] ::1 /bootstrap/Public/Home/css/bootstrap.min.css.map
INFO: [ app_init ] --START--
INFO: Run Behavior\BuildLiteBehavior [ RunTime:0.000024s ]
INFO: [ app_init ] --END-- [ RunTime:0.001309s ]
ERR: 无法加载模块:Public

[ 2019-06-11T23:36:43+08:00 ] ::1 /bootstrap/Public/Home/js/bootstrap.min.js.map
INFO: [ app_init ] --START--
INFO: Run Behavior\BuildLiteBehavior [ RunTime:0.000021s ]
INFO: [ app_init ] --END-- [ RunTime:0.001503s ]
ERR: 无法加载模块:Public

[ 2019-06-11T23:36:43+08:00 ] ::1 /bootstrap/Public/Home/js/popper.min.js.map
INFO: [ app_init ] --START--
INFO: Run Behavior\BuildLiteBehavior [ RunTime:0.000029s ]
INFO: [ app_init ] --END-- [ RunTime:0.001060s ]
ERR: 无法加载模块:Public

[ 2019-06-11T23:37:10+08:00 ] ::1 /bootstrap/Public/Home/css/bootstrap.min.css.map
INFO: [ app_init ] --START--
INFO: Run Behavior\BuildLiteBehavior [ RunTime:0.000022s ]
INFO: [ app_init ] --END-- [ RunTime:0.001913s ]
ERR: 无法加载模块:Public

[ 2019-06-11T23:37:10+08:00 ] ::1 /bootstrap/Public/Home/js/bootstrap.min.js.map
INFO: [ app_init ] --START--
INFO: Run Behavior\BuildLiteBehavior [ RunTime:0.000026s ]
INFO: [ app_init ] --END-- [ RunTime:0.003363s ]
ERR: 无法加载模块:Public

[ 2019-06-11T23:37:10+08:00 ] ::1 /bootstrap/Public/Home/js/popper.min.js.map
INFO: [ app_init ] --START--
INFO: Run Behavior\BuildLiteBehavior [ RunTime:0.000023s ]
INFO: [ app_init ] --END-- [ RunTime:0.001280s ]
ERR: 无法加载模块:Public

[ 2019-06-11T23:37:15+08:00 ] ::1 /bootstrap/Public/Home/css/bootstrap.min.css.map
INFO: [ app_init ] --START--
INFO: Run Behavior\BuildLiteBehavior [ RunTime:0.000019s ]
INFO: [ app_init ] --END-- [ RunTime:0.001313s ]
ERR: 无法加载模块:Public

[ 2019-06-11T23:37:15+08:00 ] ::1 /bootstrap/Public/Home/js/bootstrap.min.js.map
INFO: [ app_init ] --START--
INFO: Run Behavior\BuildLiteBehavior [ RunTime:0.000027s ]
INFO: [ app_init ] --END-- [ RunTime:0.001199s ]
ERR: 无法加载模块:Public

[ 2019-06-11T23:37:15+08:00 ] ::1 /bootstrap/Public/Home/js/popper.min.js.map
INFO: [ app_init ] --START--
INFO: Run Behavior\BuildLiteBehavior [ RunTime:0.000021s ]
INFO: [ app_init ] --END-- [ RunTime:0.001019s ]
ERR: 无法加载模块:Public

[ 2019-06-11T23:37:30+08:00 ] ::1 /bootstrap/Public/Home/css/bootstrap.min.css.map
INFO: [ app_init ] --START--
INFO: Run Behavior\BuildLiteBehavior [ RunTime:0.000021s ]
INFO: [ app_init ] --END-- [ RunTime:0.001209s ]
ERR: 无法加载模块:Public

[ 2019-06-11T23:37:30+08:00 ] ::1 /bootstrap/Public/Home/js/popper.min.js.map
INFO: [ app_init ] --START--
INFO: Run Behavior\BuildLiteBehavior [ RunTime:0.000022s ]
INFO: [ app_init ] --END-- [ RunTime:0.001549s ]
ERR: 无法加载模块:Public

[ 2019-06-11T23:37:30+08:00 ] ::1 /bootstrap/Public/Home/js/bootstrap.min.js.map
INFO: [ app_init ] --START--
INFO: Run Behavior\BuildLiteBehavior [ RunTime:0.000062s ]
INFO: [ app_init ] --END-- [ RunTime:0.002733s ]
ERR: 无法加载模块:Public

[ 2019-06-11T23:37:50+08:00 ] ::1 /bootstrap/Public/Home/js/popper.min.js.map
INFO: [ app_init ] --START--
INFO: Run Behavior\BuildLiteBehavior [ RunTime:0.000021s ]
INFO: [ app_init ] --END-- [ RunTime:0.001137s ]
ERR: 无法加载模块:Public

[ 2019-06-11T23:37:50+08:00 ] ::1 /bootstrap/Public/Home/js/bootstrap.min.js.map
INFO: [ app_init ] --START--
INFO: Run Behavior\BuildLiteBehavior [ RunTime:0.000019s ]
INFO: [ app_init ] --END-- [ RunTime:0.001142s ]
ERR: 无法加载模块:Public

[ 2019-06-11T23:37:50+08:00 ] ::1 /bootstrap/Public/Home/css/bootstrap.min.css.map
INFO: [ app_init ] --START--
INFO: Run Behavior\BuildLiteBehavior [ RunTime:0.000020s ]
INFO: [ app_init ] --END-- [ RunTime:0.001017s ]
ERR: 无法加载模块:Public

[ 2019-06-11T23:38:32+08:00 ] ::1 /bootstrap/Public/Home/css/bootstrap.min.css.map
INFO: [ app_init ] --START--
INFO: Run Behavior\BuildLiteBehavior [ RunTime:0.000024s ]
INFO: [ app_init ] --END-- [ RunTime:0.001423s ]
ERR: 无法加载模块:Public

[ 2019-06-11T23:38:32+08:00 ] ::1 /bootstrap/Public/Home/js/bootstrap.min.js.map
INFO: [ app_init ] --START--
INFO: Run Behavior\BuildLiteBehavior [ RunTime:0.000021s ]
INFO: [ app_init ] --END-- [ RunTime:0.001337s ]
ERR: 无法加载模块:Public

[ 2019-06-11T23:38:32+08:00 ] ::1 /bootstrap/Public/Home/js/popper.min.js.map
INFO: [ app_init ] --START--
INFO: Run Behavior\BuildLiteBehavior [ RunTime:0.000022s ]
INFO: [ app_init ] --END-- [ RunTime:0.001247s ]
ERR: 无法加载模块:Public

[ 2019-06-11T23:38:33+08:00 ] ::1 /bootstrap/Public/Home/css/bootstrap.min.css.map
INFO: [ app_init ] --START--
INFO: Run Behavior\BuildLiteBehavior [ RunTime:0.000019s ]
INFO: [ app_init ] --END-- [ RunTime:0.001220s ]
ERR: 无法加载模块:Public

[ 2019-06-11T23:38:33+08:00 ] ::1 /bootstrap/Public/Home/js/bootstrap.min.js.map
INFO: [ app_init ] --START--
INFO: Run Behavior\BuildLiteBehavior [ RunTime:0.000020s ]
INFO: [ app_init ] --END-- [ RunTime:0.001498s ]
ERR: 无法加载模块:Public

[ 2019-06-11T23:38:33+08:00 ] ::1 /bootstrap/Public/Home/js/popper.min.js.map
INFO: [ app_init ] --START--
INFO: Run Behavior\BuildLiteBehavior [ RunTime:0.000072s ]
INFO: [ app_init ] --END-- [ RunTime:0.003062s ]
ERR: 无法加载模块:Public

[ 2019-06-11T23:39:16+08:00 ] ::1 /bootstrap/Public/Home/js/bootstrap.min.js.map
INFO: [ app_init ] --START--
INFO: Run Behavior\BuildLiteBehavior [ RunTime:0.000017s ]
INFO: [ app_init ] --END-- [ RunTime:0.001710s ]
ERR: 无法加载模块:Public

[ 2019-06-11T23:39:16+08:00 ] ::1 /bootstrap/Public/Home/css/bootstrap.min.css.map
INFO: [ app_init ] --START--
INFO: Run Behavior\BuildLiteBehavior [ RunTime:0.000041s ]
INFO: [ app_init ] --END-- [ RunTime:0.001497s ]
ERR: 无法加载模块:Public

[ 2019-06-11T23:39:16+08:00 ] ::1 /bootstrap/Public/Home/js/popper.min.js.map
INFO: [ app_init ] --START--
INFO: Run Behavior\BuildLiteBehavior [ RunTime:0.000014s ]
INFO: [ app_init ] --END-- [ RunTime:0.000709s ]
ERR: 无法加载模块:Public

