[ 2019-06-04T22:27:03+08:00 ] ::1 /bootstrap/css/bootstrap.4.1.min.css
NOTIC: [2] mkdir(): File exists C:\UPUPW_AP5.5\htdocs\bootstrap\ThinkPHP\Library\Think\Build.class.php 第 67 行.
NOTIC: [2] mkdir(): File exists C:\UPUPW_AP5.5\htdocs\bootstrap\ThinkPHP\Library\Think\Build.class.php 第 67 行.
NOTIC: [2] mkdir(): File exists C:\UPUPW_AP5.5\htdocs\bootstrap\ThinkPHP\Library\Think\Build.class.php 第 67 行.
NOTIC: [2] mkdir(): File exists C:\UPUPW_AP5.5\htdocs\bootstrap\ThinkPHP\Library\Think\Build.class.php 第 67 行.
NOTIC: [2] mkdir(): File exists C:\UPUPW_AP5.5\htdocs\bootstrap\ThinkPHP\Library\Think\Build.class.php 第 67 行.
NOTIC: [2] mkdir(): File exists C:\UPUPW_AP5.5\htdocs\bootstrap\ThinkPHP\Library\Think\Build.class.php 第 67 行.
NOTIC: [2] mkdir(): File exists C:\UPUPW_AP5.5\htdocs\bootstrap\ThinkPHP\Library\Think\Build.class.php 第 67 行.
NOTIC: [2] mkdir(): File exists C:\UPUPW_AP5.5\htdocs\bootstrap\ThinkPHP\Library\Think\Build.class.php 第 67 行.
NOTIC: [2] mkdir(): File exists C:\UPUPW_AP5.5\htdocs\bootstrap\ThinkPHP\Library\Think\Build.class.php 第 67 行.
NOTIC: [2] mkdir(): File exists C:\UPUPW_AP5.5\htdocs\bootstrap\ThinkPHP\Library\Think\Build.class.php 第 67 行.
NOTIC: [2] mkdir(): File exists C:\UPUPW_AP5.5\htdocs\bootstrap\ThinkPHP\Library\Think\Build.class.php 第 67 行.
NOTIC: [2] mkdir(): File exists C:\UPUPW_AP5.5\htdocs\bootstrap\ThinkPHP\Library\Think\Build.class.php 第 67 行.
NOTIC: [2] mkdir(): File exists C:\UPUPW_AP5.5\htdocs\bootstrap\ThinkPHP\Library\Think\Build.class.php 第 67 行.
NOTIC: [2] mkdir(): File exists C:\UPUPW_AP5.5\htdocs\bootstrap\ThinkPHP\Library\Think\Build.class.php 第 67 行.
INFO: [ app_init ] --START--
INFO: Run Behavior\BuildLiteBehavior [ RunTime:0.000013s ]
INFO: [ app_init ] --END-- [ RunTime:0.000070s ]
ERR: 无法加载模块:Css

[ 2019-06-04T22:27:03+08:00 ] ::1 /bootstrap/js/jquery-3.3.1.min.js
NOTIC: [2] mkdir(): File exists C:\UPUPW_AP5.5\htdocs\bootstrap\ThinkPHP\Library\Think\Build.class.php 第 67 行.
NOTIC: [2] mkdir(): File exists C:\UPUPW_AP5.5\htdocs\bootstrap\ThinkPHP\Library\Think\Build.class.php 第 67 行.
NOTIC: [2] mkdir(): File exists C:\UPUPW_AP5.5\htdocs\bootstrap\ThinkPHP\Library\Think\Build.class.php 第 67 行.
NOTIC: [2] mkdir(): File exists C:\UPUPW_AP5.5\htdocs\bootstrap\ThinkPHP\Library\Think\Build.class.php 第 67 行.
NOTIC: [2] mkdir(): File exists C:\UPUPW_AP5.5\htdocs\bootstrap\ThinkPHP\Library\Think\Build.class.php 第 67 行.
NOTIC: [2] mkdir(): File exists C:\UPUPW_AP5.5\htdocs\bootstrap\ThinkPHP\Library\Think\Build.class.php 第 67 行.
NOTIC: [2] mkdir(): File exists C:\UPUPW_AP5.5\htdocs\bootstrap\ThinkPHP\Library\Think\Build.class.php 第 67 行.
NOTIC: [2] mkdir(): File exists C:\UPUPW_AP5.5\htdocs\bootstrap\ThinkPHP\Library\Think\Build.class.php 第 67 行.
NOTIC: [2] mkdir(): File exists C:\UPUPW_AP5.5\htdocs\bootstrap\ThinkPHP\Library\Think\Build.class.php 第 67 行.
NOTIC: [2] mkdir(): File exists C:\UPUPW_AP5.5\htdocs\bootstrap\ThinkPHP\Library\Think\Build.class.php 第 67 行.
NOTIC: [2] mkdir(): File exists C:\UPUPW_AP5.5\htdocs\bootstrap\ThinkPHP\Library\Think\Build.class.php 第 67 行.
NOTIC: [2] mkdir(): File exists C:\UPUPW_AP5.5\htdocs\bootstrap\ThinkPHP\Library\Think\Build.class.php 第 67 行.
NOTIC: [2] mkdir(): File exists C:\UPUPW_AP5.5\htdocs\bootstrap\ThinkPHP\Library\Think\Build.class.php 第 67 行.
NOTIC: [2] mkdir(): File exists C:\UPUPW_AP5.5\htdocs\bootstrap\ThinkPHP\Library\Think\Build.class.php 第 67 行.
NOTIC: [2] mkdir(): File exists C:\UPUPW_AP5.5\htdocs\bootstrap\ThinkPHP\Library\Think\Build.class.php 第 67 行.
INFO: [ app_init ] --START--
INFO: Run Behavior\BuildLiteBehavior [ RunTime:0.000012s ]
INFO: [ app_init ] --END-- [ RunTime:0.000075s ]
ERR: 无法加载模块:Js

[ 2019-06-04T22:27:03+08:00 ] ::1 /bootstrap/js/bootstrap.4.1.min.js
NOTIC: [2] mkdir(): File exists C:\UPUPW_AP5.5\htdocs\bootstrap\ThinkPHP\Library\Think\Build.class.php 第 67 行.
NOTIC: [2] mkdir(): File exists C:\UPUPW_AP5.5\htdocs\bootstrap\ThinkPHP\Library\Think\Build.class.php 第 67 行.
NOTIC: [2] mkdir(): File exists C:\UPUPW_AP5.5\htdocs\bootstrap\ThinkPHP\Library\Think\Build.class.php 第 67 行.
NOTIC: [2] mkdir(): File exists C:\UPUPW_AP5.5\htdocs\bootstrap\ThinkPHP\Library\Think\Build.class.php 第 67 行.
NOTIC: [2] mkdir(): File exists C:\UPUPW_AP5.5\htdocs\bootstrap\ThinkPHP\Library\Think\Build.class.php 第 67 行.
NOTIC: [2] mkdir(): File exists C:\UPUPW_AP5.5\htdocs\bootstrap\ThinkPHP\Library\Think\Build.class.php 第 67 行.
INFO: [ app_init ] --START--
INFO: Run Behavior\BuildLiteBehavior [ RunTime:0.000015s ]
INFO: [ app_init ] --END-- [ RunTime:0.000075s ]
ERR: 无法加载模块:Js

[ 2019-06-04T22:27:03+08:00 ] ::1 /bootstrap/js/popper.min.js
NOTIC: [2] mkdir(): File exists C:\UPUPW_AP5.5\htdocs\bootstrap\ThinkPHP\Library\Think\Build.class.php 第 67 行.
NOTIC: [2] mkdir(): File exists C:\UPUPW_AP5.5\htdocs\bootstrap\ThinkPHP\Library\Think\Build.class.php 第 67 行.
NOTIC: [2] mkdir(): File exists C:\UPUPW_AP5.5\htdocs\bootstrap\ThinkPHP\Library\Think\Build.class.php 第 67 行.
NOTIC: [2] mkdir(): File exists C:\UPUPW_AP5.5\htdocs\bootstrap\ThinkPHP\Library\Think\Build.class.php 第 67 行.
NOTIC: [2] mkdir(): File exists C:\UPUPW_AP5.5\htdocs\bootstrap\ThinkPHP\Library\Think\Build.class.php 第 67 行.
NOTIC: [2] mkdir(): File exists C:\UPUPW_AP5.5\htdocs\bootstrap\ThinkPHP\Library\Think\Build.class.php 第 67 行.
NOTIC: [2] mkdir(): File exists C:\UPUPW_AP5.5\htdocs\bootstrap\ThinkPHP\Library\Think\Build.class.php 第 67 行.
NOTIC: [2] mkdir(): File exists C:\UPUPW_AP5.5\htdocs\bootstrap\ThinkPHP\Library\Think\Build.class.php 第 67 行.
NOTIC: [2] mkdir(): File exists C:\UPUPW_AP5.5\htdocs\bootstrap\ThinkPHP\Library\Think\Build.class.php 第 67 行.
INFO: [ app_init ] --START--
INFO: Run Behavior\BuildLiteBehavior [ RunTime:0.000012s ]
INFO: [ app_init ] --END-- [ RunTime:0.000083s ]
ERR: 无法加载模块:Js

[ 2019-06-04T22:31:50+08:00 ] ::1 /bootstrap/Public/Home/css/bootstrap.min.css.map
INFO: [ app_init ] --START--
INFO: Run Behavior\BuildLiteBehavior [ RunTime:0.000016s ]
INFO: [ app_init ] --END-- [ RunTime:0.000709s ]
ERR: 无法加载模块:Public

[ 2019-06-04T22:31:58+08:00 ] ::1 /bootstrap/Public/Home/css/bootstrap.4.1.min.cs
INFO: [ app_init ] --START--
INFO: Run Behavior\BuildLiteBehavior [ RunTime:0.000012s ]
INFO: [ app_init ] --END-- [ RunTime:0.000644s ]
ERR: 无法加载模块:Public

[ 2019-06-04T22:31:59+08:00 ] ::1 /bootstrap/Public/Home/css/bootstrap.4.1.min.cs
INFO: [ app_init ] --START--
INFO: Run Behavior\BuildLiteBehavior [ RunTime:0.000012s ]
INFO: [ app_init ] --END-- [ RunTime:0.000746s ]
ERR: 无法加载模块:Public

[ 2019-06-04T22:31:59+08:00 ] ::1 /bootstrap/Public/Home/css/bootstrap.4.1.min.cs
INFO: [ app_init ] --START--
INFO: Run Behavior\BuildLiteBehavior [ RunTime:0.000013s ]
INFO: [ app_init ] --END-- [ RunTime:0.000734s ]
ERR: 无法加载模块:Public

[ 2019-06-04T22:31:59+08:00 ] ::1 /bootstrap/Public/Home/css/bootstrap.4.1.min.cs
INFO: [ app_init ] --START--
INFO: Run Behavior\BuildLiteBehavior [ RunTime:0.000014s ]
INFO: [ app_init ] --END-- [ RunTime:0.000670s ]
ERR: 无法加载模块:Public

[ 2019-06-04T22:32:05+08:00 ] ::1 /bootstrap/Public/Home/css/bootstrap.min.css.map
INFO: [ app_init ] --START--
INFO: Run Behavior\BuildLiteBehavior [ RunTime:0.000022s ]
INFO: [ app_init ] --END-- [ RunTime:0.001539s ]
ERR: 无法加载模块:Public

[ 2019-06-04T22:32:05+08:00 ] ::1 /bootstrap/Public/Home/css/bootstrap.min.css.map
INFO: [ app_init ] --START--
INFO: Run Behavior\BuildLiteBehavior [ RunTime:0.000013s ]
INFO: [ app_init ] --END-- [ RunTime:0.000710s ]
ERR: 无法加载模块:Public

[ 2019-06-04T22:32:15+08:00 ] ::1 /bootstrap/Public/Home/css/bootstrap.min.css.map
INFO: [ app_init ] --START--
INFO: Run Behavior\BuildLiteBehavior [ RunTime:0.000023s ]
INFO: [ app_init ] --END-- [ RunTime:0.001067s ]
ERR: 无法加载模块:Public

[ 2019-06-04T22:32:16+08:00 ] ::1 /bootstrap/Public/Home/css/bootstrap.min.css.map
INFO: [ app_init ] --START--
INFO: Run Behavior\BuildLiteBehavior [ RunTime:0.000012s ]
INFO: [ app_init ] --END-- [ RunTime:0.000644s ]
ERR: 无法加载模块:Public

[ 2019-06-04T22:33:03+08:00 ] ::1 /bootstrap/Public/Home/css/bootstrap.min.css.map
INFO: [ app_init ] --START--
INFO: Run Behavior\BuildLiteBehavior [ RunTime:0.000026s ]
INFO: [ app_init ] --END-- [ RunTime:0.001253s ]
ERR: 无法加载模块:Public

[ 2019-06-04T22:33:03+08:00 ] ::1 /bootstrap/Public/Home/css/bootstrap.min.css.map
INFO: [ app_init ] --START--
INFO: Run Behavior\BuildLiteBehavior [ RunTime:0.000012s ]
INFO: [ app_init ] --END-- [ RunTime:0.000647s ]
ERR: 无法加载模块:Public

[ 2019-06-04T22:33:09+08:00 ] ::1 /bootstrap/Public/Home/css/bootstrap.min.css.map
INFO: [ app_init ] --START--
INFO: Run Behavior\BuildLiteBehavior [ RunTime:0.000012s ]
INFO: [ app_init ] --END-- [ RunTime:0.000653s ]
ERR: 无法加载模块:Public

[ 2019-06-04T22:42:09+08:00 ] ::1 /bootstrap/Public/Home/css/bootstrap.min.css.map
INFO: [ app_init ] --START--
INFO: Run Behavior\BuildLiteBehavior [ RunTime:0.000021s ]
INFO: [ app_init ] --END-- [ RunTime:0.001193s ]
ERR: 无法加载模块:Public

[ 2019-06-04T22:43:08+08:00 ] ::1 /bootstrap/Public/Home/css/bootstrap.min.css.map
INFO: [ app_init ] --START--
INFO: Run Behavior\BuildLiteBehavior [ RunTime:0.000016s ]
INFO: [ app_init ] --END-- [ RunTime:0.000985s ]
ERR: 无法加载模块:Public

[ 2019-06-04T22:43:33+08:00 ] ::1 /bootstrap/Public/Home/css/bootstrap.min.css.map
INFO: [ app_init ] --START--
INFO: Run Behavior\BuildLiteBehavior [ RunTime:0.000028s ]
INFO: [ app_init ] --END-- [ RunTime:0.001337s ]
ERR: 无法加载模块:Public

[ 2019-06-04T22:43:43+08:00 ] ::1 /bootstrap/Public/Home/css/bootstrap.min.css.map
INFO: [ app_init ] --START--
INFO: Run Behavior\BuildLiteBehavior [ RunTime:0.000014s ]
INFO: [ app_init ] --END-- [ RunTime:0.000723s ]
ERR: 无法加载模块:Public

[ 2019-06-04T22:44:11+08:00 ] ::1 /bootstrap/Public/Home/css/bootstrap.min.css.map
INFO: [ app_init ] --START--
INFO: Run Behavior\BuildLiteBehavior [ RunTime:0.000019s ]
INFO: [ app_init ] --END-- [ RunTime:0.001208s ]
ERR: 无法加载模块:Public

[ 2019-06-04T22:44:34+08:00 ] ::1 /bootstrap/Public/Home/css/bootstrap.min.css.map
INFO: [ app_init ] --START--
INFO: Run Behavior\BuildLiteBehavior [ RunTime:0.000026s ]
INFO: [ app_init ] --END-- [ RunTime:0.001485s ]
ERR: 无法加载模块:Public

[ 2019-06-04T22:48:03+08:00 ] ::1 /bootstrap/Public/Home/css/bootstrap.min.css.map
INFO: [ app_init ] --START--
INFO: Run Behavior\BuildLiteBehavior [ RunTime:0.000019s ]
INFO: [ app_init ] --END-- [ RunTime:0.001114s ]
ERR: 无法加载模块:Public

[ 2019-06-04T22:49:30+08:00 ] ::1 /bootstrap/Public/Home/css/bootstrap.min.css.map
INFO: [ app_init ] --START--
INFO: Run Behavior\BuildLiteBehavior [ RunTime:0.000025s ]
INFO: [ app_init ] --END-- [ RunTime:0.001214s ]
ERR: 无法加载模块:Public

[ 2019-06-04T22:49:41+08:00 ] ::1 /bootstrap/Public/Home/css/bootstrap.min.css.map
INFO: [ app_init ] --START--
INFO: Run Behavior\BuildLiteBehavior [ RunTime:0.000028s ]
INFO: [ app_init ] --END-- [ RunTime:0.001377s ]
ERR: 无法加载模块:Public

[ 2019-06-04T22:50:07+08:00 ] ::1 /bootstrap/Public/Home/css/bootstrap.min.css.map
INFO: [ app_init ] --START--
INFO: Run Behavior\BuildLiteBehavior [ RunTime:0.000022s ]
INFO: [ app_init ] --END-- [ RunTime:0.001294s ]
ERR: 无法加载模块:Public

[ 2019-06-04T22:50:08+08:00 ] ::1 /bootstrap/Public/Home/css/bootstrap.min.css.map
INFO: [ app_init ] --START--
INFO: Run Behavior\BuildLiteBehavior [ RunTime:0.000024s ]
INFO: [ app_init ] --END-- [ RunTime:0.001775s ]
ERR: 无法加载模块:Public

[ 2019-06-04T22:51:57+08:00 ] ::1 /bootstrap/Public/Home/css/bootstrap.min.css.map
INFO: [ app_init ] --START--
INFO: Run Behavior\BuildLiteBehavior [ RunTime:0.000025s ]
INFO: [ app_init ] --END-- [ RunTime:0.002706s ]
ERR: 无法加载模块:Public

[ 2019-06-04T22:51:58+08:00 ] ::1 /bootstrap/Public/Home/css/bootstrap.min.css.map
INFO: [ app_init ] --START--
INFO: Run Behavior\BuildLiteBehavior [ RunTime:0.000023s ]
INFO: [ app_init ] --END-- [ RunTime:0.001208s ]
ERR: 无法加载模块:Public

[ 2019-06-04T22:52:34+08:00 ] ::1 /bootstrap/Public/Home/css/bootstrap.min.css.map
INFO: [ app_init ] --START--
INFO: Run Behavior\BuildLiteBehavior [ RunTime:0.000025s ]
INFO: [ app_init ] --END-- [ RunTime:0.001502s ]
ERR: 无法加载模块:Public

[ 2019-06-04T22:53:05+08:00 ] ::1 /bootstrap/Public/Home/css/bootstrap.min.css.map
INFO: [ app_init ] --START--
INFO: Run Behavior\BuildLiteBehavior [ RunTime:0.000029s ]
INFO: [ app_init ] --END-- [ RunTime:0.001313s ]
ERR: 无法加载模块:Public

[ 2019-06-04T22:53:06+08:00 ] ::1 /bootstrap/Public/Home/css/bootstrap.min.css.map
INFO: [ app_init ] --START--
INFO: Run Behavior\BuildLiteBehavior [ RunTime:0.000023s ]
INFO: [ app_init ] --END-- [ RunTime:0.002571s ]
ERR: 无法加载模块:Public

[ 2019-06-04T22:53:10+08:00 ] ::1 /bootstrap/Public/Home/css/bootstrap.min.css.map
INFO: [ app_init ] --START--
INFO: Run Behavior\BuildLiteBehavior [ RunTime:0.000022s ]
INFO: [ app_init ] --END-- [ RunTime:0.001325s ]
ERR: 无法加载模块:Public

[ 2019-06-04T22:53:13+08:00 ] ::1 /bootstrap/Public/Home/css/bootstrap.min.css.map
INFO: [ app_init ] --START--
INFO: Run Behavior\BuildLiteBehavior [ RunTime:0.000025s ]
INFO: [ app_init ] --END-- [ RunTime:0.008058s ]
ERR: 无法加载模块:Public

[ 2019-06-04T22:53:31+08:00 ] ::1 /bootstrap/Public/Home/css/bootstrap.min.css.map
INFO: [ app_init ] --START--
INFO: Run Behavior\BuildLiteBehavior [ RunTime:0.000026s ]
INFO: [ app_init ] --END-- [ RunTime:0.004678s ]
ERR: 无法加载模块:Public

[ 2019-06-04T22:53:59+08:00 ] ::1 /bootstrap/Public/Home/css/bootstrap.min.css.map
INFO: [ app_init ] --START--
INFO: Run Behavior\BuildLiteBehavior [ RunTime:0.000019s ]
INFO: [ app_init ] --END-- [ RunTime:0.001318s ]
ERR: 无法加载模块:Public

[ 2019-06-04T22:54:50+08:00 ] ::1 /bootstrap/Public/Home/css/bootstrap.min.css.map
INFO: [ app_init ] --START--
INFO: Run Behavior\BuildLiteBehavior [ RunTime:0.000025s ]
INFO: [ app_init ] --END-- [ RunTime:0.001078s ]
ERR: 无法加载模块:Public

[ 2019-06-04T22:54:51+08:00 ] ::1 /bootstrap/Public/Home/css/bootstrap.min.css.map
INFO: [ app_init ] --START--
INFO: Run Behavior\BuildLiteBehavior [ RunTime:0.000013s ]
INFO: [ app_init ] --END-- [ RunTime:0.000708s ]
ERR: 无法加载模块:Public

[ 2019-06-04T22:54:51+08:00 ] ::1 /bootstrap/Public/Home/css/bootstrap.min.css.map
INFO: [ app_init ] --START--
INFO: Run Behavior\BuildLiteBehavior [ RunTime:0.000021s ]
INFO: [ app_init ] --END-- [ RunTime:0.001181s ]
ERR: 无法加载模块:Public

[ 2019-06-04T22:56:24+08:00 ] ::1 /bootstrap/Public/Home/css/bootstrap.min.css.map
INFO: [ app_init ] --START--
INFO: Run Behavior\BuildLiteBehavior [ RunTime:0.000019s ]
INFO: [ app_init ] --END-- [ RunTime:0.000845s ]
ERR: 无法加载模块:Public

[ 2019-06-04T22:56:25+08:00 ] ::1 /bootstrap/Public/Home/css/bootstrap.min.css.map
INFO: [ app_init ] --START--
INFO: Run Behavior\BuildLiteBehavior [ RunTime:0.000023s ]
INFO: [ app_init ] --END-- [ RunTime:0.001346s ]
ERR: 无法加载模块:Public

[ 2019-06-04T22:56:26+08:00 ] ::1 /bootstrap/Public/Home/css/bootstrap.min.css.map
INFO: [ app_init ] --START--
INFO: Run Behavior\BuildLiteBehavior [ RunTime:0.000025s ]
INFO: [ app_init ] --END-- [ RunTime:0.002495s ]
ERR: 无法加载模块:Public

[ 2019-06-04T22:56:33+08:00 ] ::1 /bootstrap/Public/Home/css/bootstrap.min.css.map
INFO: [ app_init ] --START--
INFO: Run Behavior\BuildLiteBehavior [ RunTime:0.000020s ]
INFO: [ app_init ] --END-- [ RunTime:0.001096s ]
ERR: 无法加载模块:Public

[ 2019-06-04T22:56:45+08:00 ] ::1 /bootstrap/Public/Home/css/bootstrap.min.css.map
INFO: [ app_init ] --START--
INFO: Run Behavior\BuildLiteBehavior [ RunTime:0.000026s ]
INFO: [ app_init ] --END-- [ RunTime:0.002730s ]
ERR: 无法加载模块:Public

[ 2019-06-04T22:56:52+08:00 ] ::1 /bootstrap/Public/Home/css/bootstrap.min.css.map
INFO: [ app_init ] --START--
INFO: Run Behavior\BuildLiteBehavior [ RunTime:0.000022s ]
INFO: [ app_init ] --END-- [ RunTime:0.004079s ]
ERR: 无法加载模块:Public

[ 2019-06-04T22:56:53+08:00 ] ::1 /bootstrap/Public/Home/css/bootstrap.min.css.map
INFO: [ app_init ] --START--
INFO: Run Behavior\BuildLiteBehavior [ RunTime:0.000020s ]
INFO: [ app_init ] --END-- [ RunTime:0.001088s ]
ERR: 无法加载模块:Public

[ 2019-06-04T22:57:22+08:00 ] ::1 /bootstrap/Public/Home/css/bootstrap.min.css.map
INFO: [ app_init ] --START--
INFO: Run Behavior\BuildLiteBehavior [ RunTime:0.000016s ]
INFO: [ app_init ] --END-- [ RunTime:0.001714s ]
ERR: 无法加载模块:Public

[ 2019-06-04T22:58:47+08:00 ] ::1 /bootstrap/Public/Home/css/bootstrap.min.css.map
INFO: [ app_init ] --START--
INFO: Run Behavior\BuildLiteBehavior [ RunTime:0.000015s ]
INFO: [ app_init ] --END-- [ RunTime:0.000736s ]
ERR: 无法加载模块:Public

[ 2019-06-04T22:59:14+08:00 ] ::1 /bootstrap/Public/Home/css/bootstrap.min.css.map
INFO: [ app_init ] --START--
INFO: Run Behavior\BuildLiteBehavior [ RunTime:0.000015s ]
INFO: [ app_init ] --END-- [ RunTime:0.001187s ]
ERR: 无法加载模块:Public

[ 2019-06-04T22:59:41+08:00 ] ::1 /bootstrap/Public/Home/css/bootstrap.min.css.map
INFO: [ app_init ] --START--
INFO: Run Behavior\BuildLiteBehavior [ RunTime:0.000020s ]
INFO: [ app_init ] --END-- [ RunTime:0.001362s ]
ERR: 无法加载模块:Public

[ 2019-06-04T23:00:25+08:00 ] ::1 /bootstrap/Public/Home/css/bootstrap.min.css.map
INFO: [ app_init ] --START--
INFO: Run Behavior\BuildLiteBehavior [ RunTime:0.000023s ]
INFO: [ app_init ] --END-- [ RunTime:0.001353s ]
ERR: 无法加载模块:Public

[ 2019-06-04T23:00:28+08:00 ] ::1 /bootstrap/Public/Home/css/bootstrap.min.css.map
INFO: [ app_init ] --START--
INFO: Run Behavior\BuildLiteBehavior [ RunTime:0.000021s ]
INFO: [ app_init ] --END-- [ RunTime:0.000989s ]
ERR: 无法加载模块:Public

[ 2019-06-04T23:01:12+08:00 ] ::1 /bootstrap/Public/Home/css/bootstrap.min.css.map
INFO: [ app_init ] --START--
INFO: Run Behavior\BuildLiteBehavior [ RunTime:0.000021s ]
INFO: [ app_init ] --END-- [ RunTime:0.001387s ]
ERR: 无法加载模块:Public

[ 2019-06-04T23:04:09+08:00 ] ::1 /bootstrap/Public/Home/css/bootstrap.min.css.map
INFO: [ app_init ] --START--
INFO: Run Behavior\BuildLiteBehavior [ RunTime:0.000016s ]
INFO: [ app_init ] --END-- [ RunTime:0.001333s ]
ERR: 无法加载模块:Public

[ 2019-06-04T23:04:27+08:00 ] ::1 /bootstrap/Public/Home/css/bootstrap.min.css.map
INFO: [ app_init ] --START--
INFO: Run Behavior\BuildLiteBehavior [ RunTime:0.000021s ]
INFO: [ app_init ] --END-- [ RunTime:0.001285s ]
ERR: 无法加载模块:Public

[ 2019-06-04T23:07:45+08:00 ] ::1 /bootstrap/Public/Home/css/bootstrap.min.css.map
INFO: [ app_init ] --START--
INFO: Run Behavior\BuildLiteBehavior [ RunTime:0.000023s ]
INFO: [ app_init ] --END-- [ RunTime:0.001220s ]
ERR: 无法加载模块:Public

[ 2019-06-04T23:07:46+08:00 ] ::1 /bootstrap/Public/Home/css/bootstrap.min.css.map
INFO: [ app_init ] --START--
INFO: Run Behavior\BuildLiteBehavior [ RunTime:0.000065s ]
INFO: [ app_init ] --END-- [ RunTime:0.002629s ]
ERR: 无法加载模块:Public

[ 2019-06-04T23:08:07+08:00 ] ::1 /bootstrap/Public/Home/css/bootstrap.min.css.map
INFO: [ app_init ] --START--
INFO: Run Behavior\BuildLiteBehavior [ RunTime:0.000015s ]
INFO: [ app_init ] --END-- [ RunTime:0.000890s ]
ERR: 无法加载模块:Public

[ 2019-06-04T23:08:08+08:00 ] ::1 /bootstrap/Public/Home/css/bootstrap.min.css.map
INFO: [ app_init ] --START--
INFO: Run Behavior\BuildLiteBehavior [ RunTime:0.000020s ]
INFO: [ app_init ] --END-- [ RunTime:0.001098s ]
ERR: 无法加载模块:Public

[ 2019-06-04T23:08:53+08:00 ] ::1 /bootstrap/Public/Home/css/bootstrap.min.css.map
INFO: [ app_init ] --START--
INFO: Run Behavior\BuildLiteBehavior [ RunTime:0.000035s ]
INFO: [ app_init ] --END-- [ RunTime:0.001520s ]
ERR: 无法加载模块:Public

[ 2019-06-04T23:09:06+08:00 ] ::1 /bootstrap/Public/Home/css/bootstrap.min.css.map
INFO: [ app_init ] --START--
INFO: Run Behavior\BuildLiteBehavior [ RunTime:0.000014s ]
INFO: [ app_init ] --END-- [ RunTime:0.000731s ]
ERR: 无法加载模块:Public

[ 2019-06-04T23:09:37+08:00 ] ::1 /bootstrap/Public/Home/css/bootstrap.min.css.map
INFO: [ app_init ] --START--
INFO: Run Behavior\BuildLiteBehavior [ RunTime:0.000019s ]
INFO: [ app_init ] --END-- [ RunTime:0.000814s ]
ERR: 无法加载模块:Public

[ 2019-06-04T23:09:38+08:00 ] ::1 /bootstrap/Public/Home/css/bootstrap.min.css.map
INFO: [ app_init ] --START--
INFO: Run Behavior\BuildLiteBehavior [ RunTime:0.000012s ]
INFO: [ app_init ] --END-- [ RunTime:0.000737s ]
ERR: 无法加载模块:Public

[ 2019-06-04T23:09:48+08:00 ] ::1 /bootstrap/Public/Home/css/bootstrap.min.css.map
INFO: [ app_init ] --START--
INFO: Run Behavior\BuildLiteBehavior [ RunTime:0.000025s ]
INFO: [ app_init ] --END-- [ RunTime:0.001527s ]
ERR: 无法加载模块:Public

[ 2019-06-04T23:09:48+08:00 ] ::1 /bootstrap/Public/Home/css/bootstrap.min.css.map
INFO: [ app_init ] --START--
INFO: Run Behavior\BuildLiteBehavior [ RunTime:0.000022s ]
INFO: [ app_init ] --END-- [ RunTime:0.001964s ]
ERR: 无法加载模块:Public

[ 2019-06-04T23:10:23+08:00 ] ::1 /bootstrap/Public/Home/css/bootstrap.min.css.map
INFO: [ app_init ] --START--
INFO: Run Behavior\BuildLiteBehavior [ RunTime:0.000023s ]
INFO: [ app_init ] --END-- [ RunTime:0.001354s ]
ERR: 无法加载模块:Public

[ 2019-06-04T23:10:24+08:00 ] ::1 /bootstrap/Public/Home/css/bootstrap.min.css.map
INFO: [ app_init ] --START--
INFO: Run Behavior\BuildLiteBehavior [ RunTime:0.000019s ]
INFO: [ app_init ] --END-- [ RunTime:0.001036s ]
ERR: 无法加载模块:Public

[ 2019-06-04T23:10:24+08:00 ] ::1 /bootstrap/Public/Home/css/bootstrap.min.css.map
INFO: [ app_init ] --START--
INFO: Run Behavior\BuildLiteBehavior [ RunTime:0.000012s ]
INFO: [ app_init ] --END-- [ RunTime:0.000685s ]
ERR: 无法加载模块:Public

[ 2019-06-04T23:11:11+08:00 ] ::1 /bootstrap/Public/Home/css/bootstrap.min.css.map
INFO: [ app_init ] --START--
INFO: Run Behavior\BuildLiteBehavior [ RunTime:0.000050s ]
INFO: [ app_init ] --END-- [ RunTime:0.000879s ]
ERR: 无法加载模块:Public

[ 2019-06-04T23:11:12+08:00 ] ::1 /bootstrap/Public/Home/css/bootstrap.min.css.map
INFO: [ app_init ] --START--
INFO: Run Behavior\BuildLiteBehavior [ RunTime:0.000021s ]
INFO: [ app_init ] --END-- [ RunTime:0.001243s ]
ERR: 无法加载模块:Public

[ 2019-06-04T23:11:18+08:00 ] ::1 /bootstrap/Public/Home/css/bootstrap.min.css.map
INFO: [ app_init ] --START--
INFO: Run Behavior\BuildLiteBehavior [ RunTime:0.000023s ]
INFO: [ app_init ] --END-- [ RunTime:0.003460s ]
ERR: 无法加载模块:Public

[ 2019-06-04T23:11:31+08:00 ] ::1 /bootstrap/Public/Home/css/bootstrap.min.css.map
INFO: [ app_init ] --START--
INFO: Run Behavior\BuildLiteBehavior [ RunTime:0.000033s ]
INFO: [ app_init ] --END-- [ RunTime:0.001556s ]
ERR: 无法加载模块:Public

[ 2019-06-04T23:11:32+08:00 ] ::1 /bootstrap/Public/Home/css/bootstrap.min.css.map
INFO: [ app_init ] --START--
INFO: Run Behavior\BuildLiteBehavior [ RunTime:0.000033s ]
INFO: [ app_init ] --END-- [ RunTime:0.001156s ]
ERR: 无法加载模块:Public

[ 2019-06-04T23:11:38+08:00 ] ::1 /bootstrap/Public/Home/css/bootstrap.min.css.map
INFO: [ app_init ] --START--
INFO: Run Behavior\BuildLiteBehavior [ RunTime:0.000023s ]
INFO: [ app_init ] --END-- [ RunTime:0.001312s ]
ERR: 无法加载模块:Public

[ 2019-06-04T23:11:48+08:00 ] ::1 /bootstrap/Public/Home/css/bootstrap.min.css.map
INFO: [ app_init ] --START--
INFO: Run Behavior\BuildLiteBehavior [ RunTime:0.000014s ]
INFO: [ app_init ] --END-- [ RunTime:0.000767s ]
ERR: 无法加载模块:Public

[ 2019-06-04T23:11:48+08:00 ] ::1 /bootstrap/Public/Home/css/bootstrap.min.css.map
INFO: [ app_init ] --START--
INFO: Run Behavior\BuildLiteBehavior [ RunTime:0.000021s ]
INFO: [ app_init ] --END-- [ RunTime:0.001229s ]
ERR: 无法加载模块:Public

[ 2019-06-04T23:11:49+08:00 ] ::1 /bootstrap/Public/Home/css/bootstrap.min.css.map
INFO: [ app_init ] --START--
INFO: Run Behavior\BuildLiteBehavior [ RunTime:0.000023s ]
INFO: [ app_init ] --END-- [ RunTime:0.001210s ]
ERR: 无法加载模块:Public

[ 2019-06-04T23:12:20+08:00 ] ::1 /bootstrap/Public/Home/css/bootstrap.min.css.map
INFO: [ app_init ] --START--
INFO: Run Behavior\BuildLiteBehavior [ RunTime:0.000019s ]
INFO: [ app_init ] --END-- [ RunTime:0.001123s ]
ERR: 无法加载模块:Public

[ 2019-06-04T23:12:26+08:00 ] ::1 /bootstrap/Public/Home/css/bootstrap.min.css.map
INFO: [ app_init ] --START--
INFO: Run Behavior\BuildLiteBehavior [ RunTime:0.000026s ]
INFO: [ app_init ] --END-- [ RunTime:0.008540s ]
ERR: 无法加载模块:Public

[ 2019-06-04T23:12:27+08:00 ] ::1 /bootstrap/Public/Home/css/bootstrap.min.css.map
INFO: [ app_init ] --START--
INFO: Run Behavior\BuildLiteBehavior [ RunTime:0.000014s ]
INFO: [ app_init ] --END-- [ RunTime:0.000849s ]
ERR: 无法加载模块:Public

[ 2019-06-04T23:12:27+08:00 ] ::1 /bootstrap/Public/Home/css/bootstrap.min.css.map
INFO: [ app_init ] --START--
INFO: Run Behavior\BuildLiteBehavior [ RunTime:0.000022s ]
INFO: [ app_init ] --END-- [ RunTime:0.001215s ]
ERR: 无法加载模块:Public

[ 2019-06-04T23:12:31+08:00 ] ::1 /bootstrap/Public/Home/css/bootstrap.min.css.map
INFO: [ app_init ] --START--
INFO: Run Behavior\BuildLiteBehavior [ RunTime:0.000013s ]
INFO: [ app_init ] --END-- [ RunTime:0.000714s ]
ERR: 无法加载模块:Public

[ 2019-06-04T23:12:38+08:00 ] ::1 /bootstrap/Public/Home/css/bootstrap.min.css.map
INFO: [ app_init ] --START--
INFO: Run Behavior\BuildLiteBehavior [ RunTime:0.000051s ]
INFO: [ app_init ] --END-- [ RunTime:0.001336s ]
ERR: 无法加载模块:Public

[ 2019-06-04T23:12:43+08:00 ] ::1 /bootstrap/Public/Home/css/bootstrap.min.css.map
INFO: [ app_init ] --START--
INFO: Run Behavior\BuildLiteBehavior [ RunTime:0.000014s ]
INFO: [ app_init ] --END-- [ RunTime:0.001017s ]
ERR: 无法加载模块:Public

[ 2019-06-04T23:12:49+08:00 ] ::1 /bootstrap/Public/Home/css/bootstrap.min.css.map
INFO: [ app_init ] --START--
INFO: Run Behavior\BuildLiteBehavior [ RunTime:0.000022s ]
INFO: [ app_init ] --END-- [ RunTime:0.004492s ]
ERR: 无法加载模块:Public

[ 2019-06-04T23:13:03+08:00 ] ::1 /bootstrap/Public/Home/css/bootstrap.min.css.map
INFO: [ app_init ] --START--
INFO: Run Behavior\BuildLiteBehavior [ RunTime:0.000025s ]
INFO: [ app_init ] --END-- [ RunTime:0.001755s ]
ERR: 无法加载模块:Public

[ 2019-06-04T23:13:03+08:00 ] ::1 /bootstrap/Public/Home/css/bootstrap.min.css.map
INFO: [ app_init ] --START--
INFO: Run Behavior\BuildLiteBehavior [ RunTime:0.000021s ]
INFO: [ app_init ] --END-- [ RunTime:0.001163s ]
ERR: 无法加载模块:Public

[ 2019-06-04T23:13:15+08:00 ] ::1 /bootstrap/Public/Home/css/bootstrap.min.css.map
INFO: [ app_init ] --START--
INFO: Run Behavior\BuildLiteBehavior [ RunTime:0.000027s ]
INFO: [ app_init ] --END-- [ RunTime:0.001487s ]
ERR: 无法加载模块:Public

[ 2019-06-04T23:13:19+08:00 ] ::1 /bootstrap/Public/Home/css/bootstrap.min.css.map
INFO: [ app_init ] --START--
INFO: Run Behavior\BuildLiteBehavior [ RunTime:0.000020s ]
INFO: [ app_init ] --END-- [ RunTime:0.001202s ]
ERR: 无法加载模块:Public

[ 2019-06-04T23:13:20+08:00 ] ::1 /bootstrap/Public/Home/css/bootstrap.min.css.map
INFO: [ app_init ] --START--
INFO: Run Behavior\BuildLiteBehavior [ RunTime:0.000022s ]
INFO: [ app_init ] --END-- [ RunTime:0.001699s ]
ERR: 无法加载模块:Public

[ 2019-06-04T23:13:20+08:00 ] ::1 /bootstrap/Public/Home/css/bootstrap.min.css.map
INFO: [ app_init ] --START--
INFO: Run Behavior\BuildLiteBehavior [ RunTime:0.000016s ]
INFO: [ app_init ] --END-- [ RunTime:0.000994s ]
ERR: 无法加载模块:Public

[ 2019-06-04T23:13:25+08:00 ] ::1 /bootstrap/Public/Home/css/bootstrap.min.css.map
INFO: [ app_init ] --START--
INFO: Run Behavior\BuildLiteBehavior [ RunTime:0.000031s ]
INFO: [ app_init ] --END-- [ RunTime:0.001151s ]
ERR: 无法加载模块:Public

[ 2019-06-04T23:13:41+08:00 ] ::1 /bootstrap/Public/Home/css/bootstrap.min.css.map
INFO: [ app_init ] --START--
INFO: Run Behavior\BuildLiteBehavior [ RunTime:0.000022s ]
INFO: [ app_init ] --END-- [ RunTime:0.001469s ]
ERR: 无法加载模块:Public

[ 2019-06-04T23:13:56+08:00 ] ::1 /bootstrap/Public/Home/css/bootstrap.min.css.map
INFO: [ app_init ] --START--
INFO: Run Behavior\BuildLiteBehavior [ RunTime:0.000013s ]
INFO: [ app_init ] --END-- [ RunTime:0.000685s ]
ERR: 无法加载模块:Public

[ 2019-06-04T23:14:06+08:00 ] ::1 /bootstrap/Public/Home/css/bootstrap.min.css.map
INFO: [ app_init ] --START--
INFO: Run Behavior\BuildLiteBehavior [ RunTime:0.000029s ]
INFO: [ app_init ] --END-- [ RunTime:0.001356s ]
ERR: 无法加载模块:Public

[ 2019-06-04T23:14:16+08:00 ] ::1 /bootstrap/Public/Home/css/bootstrap.min.css.map
INFO: [ app_init ] --START--
INFO: Run Behavior\BuildLiteBehavior [ RunTime:0.000021s ]
INFO: [ app_init ] --END-- [ RunTime:0.001301s ]
ERR: 无法加载模块:Public

[ 2019-06-04T23:14:41+08:00 ] ::1 /bootstrap/Public/Home/css/bootstrap.min.css.map
INFO: [ app_init ] --START--
INFO: Run Behavior\BuildLiteBehavior [ RunTime:0.000024s ]
INFO: [ app_init ] --END-- [ RunTime:0.001988s ]
ERR: 无法加载模块:Public

[ 2019-06-04T23:15:13+08:00 ] ::1 /bootstrap/Public/Home/css/bootstrap.min.css.map
INFO: [ app_init ] --START--
INFO: Run Behavior\BuildLiteBehavior [ RunTime:0.000021s ]
INFO: [ app_init ] --END-- [ RunTime:0.001198s ]
ERR: 无法加载模块:Public

[ 2019-06-04T23:15:18+08:00 ] ::1 /bootstrap/Public/Home/css/bootstrap.min.css.map
INFO: [ app_init ] --START--
INFO: Run Behavior\BuildLiteBehavior [ RunTime:0.000024s ]
INFO: [ app_init ] --END-- [ RunTime:0.001455s ]
ERR: 无法加载模块:Public

[ 2019-06-04T23:15:23+08:00 ] ::1 /bootstrap/Public/Home/css/bootstrap.min.css.map
INFO: [ app_init ] --START--
INFO: Run Behavior\BuildLiteBehavior [ RunTime:0.000026s ]
INFO: [ app_init ] --END-- [ RunTime:0.001466s ]
ERR: 无法加载模块:Public

[ 2019-06-04T23:15:26+08:00 ] ::1 /bootstrap/Public/Home/css/bootstrap.min.css.map
INFO: [ app_init ] --START--
INFO: Run Behavior\BuildLiteBehavior [ RunTime:0.000026s ]
INFO: [ app_init ] --END-- [ RunTime:0.001274s ]
ERR: 无法加载模块:Public

[ 2019-06-04T23:15:30+08:00 ] ::1 /bootstrap/Public/Home/css/bootstrap.min.css.map
INFO: [ app_init ] --START--
INFO: Run Behavior\BuildLiteBehavior [ RunTime:0.000024s ]
INFO: [ app_init ] --END-- [ RunTime:0.002387s ]
ERR: 无法加载模块:Public

[ 2019-06-04T23:15:33+08:00 ] ::1 /bootstrap/Public/Home/css/bootstrap.min.css.map
INFO: [ app_init ] --START--
INFO: Run Behavior\BuildLiteBehavior [ RunTime:0.000285s ]
INFO: [ app_init ] --END-- [ RunTime:0.004042s ]
ERR: 无法加载模块:Public

[ 2019-06-04T23:15:39+08:00 ] ::1 /bootstrap/Public/Home/css/bootstrap.min.css.map
INFO: [ app_init ] --START--
INFO: Run Behavior\BuildLiteBehavior [ RunTime:0.000022s ]
INFO: [ app_init ] --END-- [ RunTime:0.001192s ]
ERR: 无法加载模块:Public

[ 2019-06-04T23:15:59+08:00 ] ::1 /bootstrap/Public/Home/css/bootstrap.min.css.map
INFO: [ app_init ] --START--
INFO: Run Behavior\BuildLiteBehavior [ RunTime:0.000021s ]
INFO: [ app_init ] --END-- [ RunTime:0.001189s ]
ERR: 无法加载模块:Public

[ 2019-06-04T23:16:08+08:00 ] ::1 /bootstrap/Public/Home/css/bootstrap.min.css.map
INFO: [ app_init ] --START--
INFO: Run Behavior\BuildLiteBehavior [ RunTime:0.000019s ]
INFO: [ app_init ] --END-- [ RunTime:0.001070s ]
ERR: 无法加载模块:Public

[ 2019-06-04T23:16:11+08:00 ] ::1 /bootstrap/Public/Home/css/bootstrap.min.css.map
INFO: [ app_init ] --START--
INFO: Run Behavior\BuildLiteBehavior [ RunTime:0.000021s ]
INFO: [ app_init ] --END-- [ RunTime:0.001204s ]
ERR: 无法加载模块:Public

[ 2019-06-04T23:17:11+08:00 ] ::1 /bootstrap/Public/Home/css/bootstrap.min.css.map
INFO: [ app_init ] --START--
INFO: Run Behavior\BuildLiteBehavior [ RunTime:0.000017s ]
INFO: [ app_init ] --END-- [ RunTime:0.001795s ]
ERR: 无法加载模块:Public

[ 2019-06-04T23:17:32+08:00 ] ::1 /bootstrap/Public/Home/css/bootstrap.min.css.map
INFO: [ app_init ] --START--
INFO: Run Behavior\BuildLiteBehavior [ RunTime:0.000018s ]
INFO: [ app_init ] --END-- [ RunTime:0.000681s ]
ERR: 无法加载模块:Public

[ 2019-06-04T23:18:04+08:00 ] ::1 /bootstrap/Public/Home/css/bootstrap.min.css.map
INFO: [ app_init ] --START--
INFO: Run Behavior\BuildLiteBehavior [ RunTime:0.000020s ]
INFO: [ app_init ] --END-- [ RunTime:0.001278s ]
ERR: 无法加载模块:Public

[ 2019-06-04T23:18:22+08:00 ] ::1 /bootstrap/Public/Home/css/bootstrap.min.css.map
INFO: [ app_init ] --START--
INFO: Run Behavior\BuildLiteBehavior [ RunTime:0.000030s ]
INFO: [ app_init ] --END-- [ RunTime:0.007866s ]
ERR: 无法加载模块:Public

[ 2019-06-04T23:18:33+08:00 ] ::1 /bootstrap/Public/Home/css/bootstrap.min.css.map
INFO: [ app_init ] --START--
INFO: Run Behavior\BuildLiteBehavior [ RunTime:0.000013s ]
INFO: [ app_init ] --END-- [ RunTime:0.000714s ]
ERR: 无法加载模块:Public

[ 2019-06-04T23:18:45+08:00 ] ::1 /bootstrap/Public/Home/css/bootstrap.min.css.map
INFO: [ app_init ] --START--
INFO: Run Behavior\BuildLiteBehavior [ RunTime:0.000027s ]
INFO: [ app_init ] --END-- [ RunTime:0.001476s ]
ERR: 无法加载模块:Public

[ 2019-06-04T23:18:55+08:00 ] ::1 /bootstrap/Public/Home/css/bootstrap.min.css.map
INFO: [ app_init ] --START--
INFO: Run Behavior\BuildLiteBehavior [ RunTime:0.000018s ]
INFO: [ app_init ] --END-- [ RunTime:0.001154s ]
ERR: 无法加载模块:Public

[ 2019-06-04T23:19:42+08:00 ] ::1 /bootstrap/Public/Home/css/bootstrap.min.css.map
INFO: [ app_init ] --START--
INFO: Run Behavior\BuildLiteBehavior [ RunTime:0.000030s ]
INFO: [ app_init ] --END-- [ RunTime:0.001567s ]
ERR: 无法加载模块:Public

[ 2019-06-04T23:19:42+08:00 ] ::1 /bootstrap/Public/Home/css/bootstrap.min.css.map
INFO: [ app_init ] --START--
INFO: Run Behavior\BuildLiteBehavior [ RunTime:0.000023s ]
INFO: [ app_init ] --END-- [ RunTime:0.001379s ]
ERR: 无法加载模块:Public

[ 2019-06-04T23:19:48+08:00 ] ::1 /bootstrap/Public/Home/css/bootstrap.min.css.map
INFO: [ app_init ] --START--
INFO: Run Behavior\BuildLiteBehavior [ RunTime:0.000022s ]
INFO: [ app_init ] --END-- [ RunTime:0.001734s ]
ERR: 无法加载模块:Public

[ 2019-06-04T23:20:10+08:00 ] ::1 /bootstrap/Public/Home/css/bootstrap.min.css.map
INFO: [ app_init ] --START--
INFO: Run Behavior\BuildLiteBehavior [ RunTime:0.000019s ]
INFO: [ app_init ] --END-- [ RunTime:0.001020s ]
ERR: 无法加载模块:Public

[ 2019-06-04T23:20:23+08:00 ] ::1 /bootstrap/Public/Home/css/bootstrap.min.css.map
INFO: [ app_init ] --START--
INFO: Run Behavior\BuildLiteBehavior [ RunTime:0.000021s ]
INFO: [ app_init ] --END-- [ RunTime:0.001320s ]
ERR: 无法加载模块:Public

[ 2019-06-04T23:20:24+08:00 ] ::1 /bootstrap/Public/Home/css/bootstrap.min.css.map
INFO: [ app_init ] --START--
INFO: Run Behavior\BuildLiteBehavior [ RunTime:0.000023s ]
INFO: [ app_init ] --END-- [ RunTime:0.002652s ]
ERR: 无法加载模块:Public

[ 2019-06-04T23:20:24+08:00 ] ::1 /bootstrap/Public/Home/css/bootstrap.min.css.map
INFO: [ app_init ] --START--
INFO: Run Behavior\BuildLiteBehavior [ RunTime:0.000023s ]
INFO: [ app_init ] --END-- [ RunTime:0.002435s ]
ERR: 无法加载模块:Public

[ 2019-06-04T23:20:43+08:00 ] ::1 /bootstrap/Public/Home/css/bootstrap.min.css.map
INFO: [ app_init ] --START--
INFO: Run Behavior\BuildLiteBehavior [ RunTime:0.000092s ]
INFO: [ app_init ] --END-- [ RunTime:0.002673s ]
ERR: 无法加载模块:Public

[ 2019-06-04T23:20:52+08:00 ] ::1 /bootstrap/Public/Home/css/bootstrap.min.css.map
INFO: [ app_init ] --START--
INFO: Run Behavior\BuildLiteBehavior [ RunTime:0.000019s ]
INFO: [ app_init ] --END-- [ RunTime:0.001091s ]
ERR: 无法加载模块:Public

[ 2019-06-04T23:21:12+08:00 ] ::1 /bootstrap/Public/Home/css/bootstrap.min.css.map
INFO: [ app_init ] --START--
INFO: Run Behavior\BuildLiteBehavior [ RunTime:0.000023s ]
INFO: [ app_init ] --END-- [ RunTime:0.001246s ]
ERR: 无法加载模块:Public

[ 2019-06-04T23:21:22+08:00 ] ::1 /bootstrap/Public/Home/css/bootstrap.min.css.map
INFO: [ app_init ] --START--
INFO: Run Behavior\BuildLiteBehavior [ RunTime:0.000013s ]
INFO: [ app_init ] --END-- [ RunTime:0.000745s ]
ERR: 无法加载模块:Public

[ 2019-06-04T23:21:28+08:00 ] ::1 /bootstrap/Public/Home/css/bootstrap.min.css.map
INFO: [ app_init ] --START--
INFO: Run Behavior\BuildLiteBehavior [ RunTime:0.000014s ]
INFO: [ app_init ] --END-- [ RunTime:0.000771s ]
ERR: 无法加载模块:Public

[ 2019-06-04T23:22:20+08:00 ] ::1 /bootstrap/Public/Home/css/bootstrap.min.css.map
INFO: [ app_init ] --START--
INFO: Run Behavior\BuildLiteBehavior [ RunTime:0.000024s ]
INFO: [ app_init ] --END-- [ RunTime:0.001362s ]
ERR: 无法加载模块:Public

[ 2019-06-04T23:22:28+08:00 ] ::1 /bootstrap/Public/Home/css/bootstrap.min.css.map
INFO: [ app_init ] --START--
INFO: Run Behavior\BuildLiteBehavior [ RunTime:0.000027s ]
INFO: [ app_init ] --END-- [ RunTime:0.005806s ]
ERR: 无法加载模块:Public

[ 2019-06-04T23:22:39+08:00 ] ::1 /bootstrap/Public/Home/css/bootstrap.min.css.map
INFO: [ app_init ] --START--
INFO: Run Behavior\BuildLiteBehavior [ RunTime:0.000013s ]
INFO: [ app_init ] --END-- [ RunTime:0.000731s ]
ERR: 无法加载模块:Public

[ 2019-06-04T23:22:43+08:00 ] ::1 /bootstrap/Public/Home/css/bootstrap.min.css.map
INFO: [ app_init ] --START--
INFO: Run Behavior\BuildLiteBehavior [ RunTime:0.000030s ]
INFO: [ app_init ] --END-- [ RunTime:0.003206s ]
ERR: 无法加载模块:Public

[ 2019-06-04T23:22:55+08:00 ] ::1 /bootstrap/Public/Home/css/bootstrap.min.css.map
INFO: [ app_init ] --START--
INFO: Run Behavior\BuildLiteBehavior [ RunTime:0.000014s ]
INFO: [ app_init ] --END-- [ RunTime:0.000738s ]
ERR: 无法加载模块:Public

[ 2019-06-04T23:23:12+08:00 ] ::1 /bootstrap/Public/Home/css/bootstrap.min.css.map
INFO: [ app_init ] --START--
INFO: Run Behavior\BuildLiteBehavior [ RunTime:0.000032s ]
INFO: [ app_init ] --END-- [ RunTime:0.002710s ]
ERR: 无法加载模块:Public

[ 2019-06-04T23:23:19+08:00 ] ::1 /bootstrap/Public/Home/css/bootstrap.min.css.map
INFO: [ app_init ] --START--
INFO: Run Behavior\BuildLiteBehavior [ RunTime:0.000030s ]
INFO: [ app_init ] --END-- [ RunTime:0.001785s ]
ERR: 无法加载模块:Public

[ 2019-06-04T23:23:30+08:00 ] ::1 /bootstrap/Public/Home/css/bootstrap.min.css.map
INFO: [ app_init ] --START--
INFO: Run Behavior\BuildLiteBehavior [ RunTime:0.000020s ]
INFO: [ app_init ] --END-- [ RunTime:0.001182s ]
ERR: 无法加载模块:Public

[ 2019-06-04T23:23:54+08:00 ] ::1 /bootstrap/Public/Home/css/bootstrap.min.css.map
INFO: [ app_init ] --START--
INFO: Run Behavior\BuildLiteBehavior [ RunTime:0.000013s ]
INFO: [ app_init ] --END-- [ RunTime:0.000693s ]
ERR: 无法加载模块:Public

[ 2019-06-04T23:24:10+08:00 ] ::1 /bootstrap/Public/Home/css/bootstrap.min.css.map
INFO: [ app_init ] --START--
INFO: Run Behavior\BuildLiteBehavior [ RunTime:0.000054s ]
INFO: [ app_init ] --END-- [ RunTime:0.002169s ]
ERR: 无法加载模块:Public

[ 2019-06-04T23:24:26+08:00 ] ::1 /bootstrap/Public/Home/css/bootstrap.min.css.map
INFO: [ app_init ] --START--
INFO: Run Behavior\BuildLiteBehavior [ RunTime:0.000021s ]
INFO: [ app_init ] --END-- [ RunTime:0.001139s ]
ERR: 无法加载模块:Public

[ 2019-06-04T23:24:27+08:00 ] ::1 /bootstrap/Public/Home/css/bootstrap.min.css.map
INFO: [ app_init ] --START--
INFO: Run Behavior\BuildLiteBehavior [ RunTime:0.000024s ]
INFO: [ app_init ] --END-- [ RunTime:0.005059s ]
ERR: 无法加载模块:Public

[ 2019-06-04T23:24:35+08:00 ] ::1 /bootstrap/Public/Home/css/bootstrap.min.css.map
INFO: [ app_init ] --START--
INFO: Run Behavior\BuildLiteBehavior [ RunTime:0.000022s ]
INFO: [ app_init ] --END-- [ RunTime:0.001294s ]
ERR: 无法加载模块:Public

[ 2019-06-04T23:24:39+08:00 ] ::1 /bootstrap/Public/Home/css/bootstrap.min.css.map
INFO: [ app_init ] --START--
INFO: Run Behavior\BuildLiteBehavior [ RunTime:0.000023s ]
INFO: [ app_init ] --END-- [ RunTime:0.001352s ]
ERR: 无法加载模块:Public

[ 2019-06-04T23:24:48+08:00 ] ::1 /bootstrap/Public/Home/css/bootstrap.min.css.map
INFO: [ app_init ] --START--
INFO: Run Behavior\BuildLiteBehavior [ RunTime:0.000014s ]
INFO: [ app_init ] --END-- [ RunTime:0.000810s ]
ERR: 无法加载模块:Public

[ 2019-06-04T23:24:52+08:00 ] ::1 /bootstrap/Public/Home/css/bootstrap.min.css.map
INFO: [ app_init ] --START--
INFO: Run Behavior\BuildLiteBehavior [ RunTime:0.000024s ]
INFO: [ app_init ] --END-- [ RunTime:0.001226s ]
ERR: 无法加载模块:Public

[ 2019-06-04T23:25:05+08:00 ] ::1 /bootstrap/Public/Home/css/bootstrap.min.css.map
INFO: [ app_init ] --START--
INFO: Run Behavior\BuildLiteBehavior [ RunTime:0.000026s ]
INFO: [ app_init ] --END-- [ RunTime:0.001244s ]
ERR: 无法加载模块:Public

[ 2019-06-04T23:25:17+08:00 ] ::1 /bootstrap/Public/Home/css/bootstrap.min.css.map
INFO: [ app_init ] --START--
INFO: Run Behavior\BuildLiteBehavior [ RunTime:0.000014s ]
INFO: [ app_init ] --END-- [ RunTime:0.000720s ]
ERR: 无法加载模块:Public

[ 2019-06-04T23:29:40+08:00 ] ::1 /bootstrap/Public/Home/css/bootstrap.min.css.map
INFO: [ app_init ] --START--
INFO: Run Behavior\BuildLiteBehavior [ RunTime:0.000024s ]
INFO: [ app_init ] --END-- [ RunTime:0.001467s ]
ERR: 无法加载模块:Public

[ 2019-06-04T23:32:31+08:00 ] ::1 /bootstrap/Public/Home/css/bootstrap.min.css.map
INFO: [ app_init ] --START--
INFO: Run Behavior\BuildLiteBehavior [ RunTime:0.000028s ]
INFO: [ app_init ] --END-- [ RunTime:0.002185s ]
ERR: 无法加载模块:Public

[ 2019-06-04T23:32:45+08:00 ] ::1 /bootstrap/Public/Home/css/bootstrap.min.css.map
INFO: [ app_init ] --START--
INFO: Run Behavior\BuildLiteBehavior [ RunTime:0.000014s ]
INFO: [ app_init ] --END-- [ RunTime:0.000712s ]
ERR: 无法加载模块:Public

[ 2019-06-04T23:33:31+08:00 ] ::1 /bootstrap/Public/Home/css/bootstrap.min.css.map
INFO: [ app_init ] --START--
INFO: Run Behavior\BuildLiteBehavior [ RunTime:0.000058s ]
INFO: [ app_init ] --END-- [ RunTime:0.001789s ]
ERR: 无法加载模块:Public

[ 2019-06-04T23:33:49+08:00 ] ::1 /bootstrap/Public/Home/css/bootstrap.min.css.map
INFO: [ app_init ] --START--
INFO: Run Behavior\BuildLiteBehavior [ RunTime:0.000021s ]
INFO: [ app_init ] --END-- [ RunTime:0.001338s ]
ERR: 无法加载模块:Public

[ 2019-06-04T23:34:01+08:00 ] ::1 /bootstrap/Public/Home/css/bootstrap.min.css.map
INFO: [ app_init ] --START--
INFO: Run Behavior\BuildLiteBehavior [ RunTime:0.000027s ]
INFO: [ app_init ] --END-- [ RunTime:0.001412s ]
ERR: 无法加载模块:Public

[ 2019-06-04T23:34:48+08:00 ] ::1 /bootstrap/Public/Home/css/bootstrap.min.css.map
INFO: [ app_init ] --START--
INFO: Run Behavior\BuildLiteBehavior [ RunTime:0.000052s ]
INFO: [ app_init ] --END-- [ RunTime:0.001298s ]
ERR: 无法加载模块:Public

[ 2019-06-04T23:34:54+08:00 ] ::1 /bootstrap/Public/Home/css/bootstrap.min.css.map
INFO: [ app_init ] --START--
INFO: Run Behavior\BuildLiteBehavior [ RunTime:0.000027s ]
INFO: [ app_init ] --END-- [ RunTime:0.001864s ]
ERR: 无法加载模块:Public

[ 2019-06-04T23:35:35+08:00 ] ::1 /bootstrap/Public/Home/css/bootstrap.min.css.map
INFO: [ app_init ] --START--
INFO: Run Behavior\BuildLiteBehavior [ RunTime:0.000027s ]
INFO: [ app_init ] --END-- [ RunTime:0.001867s ]
ERR: 无法加载模块:Public

[ 2019-06-04T23:35:46+08:00 ] ::1 /bootstrap/Public/Home/css/bootstrap.min.css.map
INFO: [ app_init ] --START--
INFO: Run Behavior\BuildLiteBehavior [ RunTime:0.000023s ]
INFO: [ app_init ] --END-- [ RunTime:0.001514s ]
ERR: 无法加载模块:Public

[ 2019-06-04T23:37:45+08:00 ] ::1 /bootstrap/Public/Home/css/bootstrap.min.css.map
INFO: [ app_init ] --START--
INFO: Run Behavior\BuildLiteBehavior [ RunTime:0.000019s ]
INFO: [ app_init ] --END-- [ RunTime:0.001182s ]
ERR: 无法加载模块:Public

[ 2019-06-04T23:37:45+08:00 ] ::1 /bootstrap/Public/Home/js/bootstrap.min.js.map
INFO: [ app_init ] --START--
INFO: Run Behavior\BuildLiteBehavior [ RunTime:0.000022s ]
INFO: [ app_init ] --END-- [ RunTime:0.003300s ]
ERR: 无法加载模块:Public

[ 2019-06-04T23:37:45+08:00 ] ::1 /bootstrap/Public/Home/js/popper.min.js.map
INFO: [ app_init ] --START--
INFO: Run Behavior\BuildLiteBehavior [ RunTime:0.000019s ]
INFO: [ app_init ] --END-- [ RunTime:0.001178s ]
ERR: 无法加载模块:Public

[ 2019-06-04T23:38:05+08:00 ] ::1 /bootstrap/Public/Home/js/bootstrap.min.js.map
INFO: [ app_init ] --START--
INFO: Run Behavior\BuildLiteBehavior [ RunTime:0.000023s ]
INFO: [ app_init ] --END-- [ RunTime:0.003515s ]
ERR: 无法加载模块:Public

[ 2019-06-04T23:38:05+08:00 ] ::1 /bootstrap/Public/Home/js/popper.min.js.map
INFO: [ app_init ] --START--
INFO: Run Behavior\BuildLiteBehavior [ RunTime:0.000024s ]
INFO: [ app_init ] --END-- [ RunTime:0.001398s ]
ERR: 无法加载模块:Public

[ 2019-06-04T23:38:06+08:00 ] ::1 /bootstrap/Public/Home/css/bootstrap.min.css.map
INFO: [ app_init ] --START--
INFO: Run Behavior\BuildLiteBehavior [ RunTime:0.000023s ]
INFO: [ app_init ] --END-- [ RunTime:0.006220s ]
ERR: 无法加载模块:Public

[ 2019-06-04T23:38:06+08:00 ] ::1 /bootstrap/Public/Home/js/bootstrap.min.js.map
INFO: [ app_init ] --START--
INFO: Run Behavior\BuildLiteBehavior [ RunTime:0.000020s ]
INFO: [ app_init ] --END-- [ RunTime:0.001282s ]
ERR: 无法加载模块:Public

[ 2019-06-04T23:38:06+08:00 ] ::1 /bootstrap/Public/Home/js/popper.min.js.map
INFO: [ app_init ] --START--
INFO: Run Behavior\BuildLiteBehavior [ RunTime:0.000023s ]
INFO: [ app_init ] --END-- [ RunTime:0.001208s ]
ERR: 无法加载模块:Public

[ 2019-06-04T23:38:06+08:00 ] ::1 /bootstrap/Public/Home/css/bootstrap.min.css.map
INFO: [ app_init ] --START--
INFO: Run Behavior\BuildLiteBehavior [ RunTime:0.000023s ]
INFO: [ app_init ] --END-- [ RunTime:0.001235s ]
ERR: 无法加载模块:Public

[ 2019-06-04T23:38:23+08:00 ] ::1 /bootstrap/Public/Home/js/bootstrap.min.js.map
INFO: [ app_init ] --START--
INFO: Run Behavior\BuildLiteBehavior [ RunTime:0.000026s ]
INFO: [ app_init ] --END-- [ RunTime:0.001122s ]
ERR: 无法加载模块:Public

[ 2019-06-04T23:38:23+08:00 ] ::1 /bootstrap/Public/Home/js/popper.min.js.map
INFO: [ app_init ] --START--
INFO: Run Behavior\BuildLiteBehavior [ RunTime:0.000021s ]
INFO: [ app_init ] --END-- [ RunTime:0.001390s ]
ERR: 无法加载模块:Public

[ 2019-06-04T23:38:23+08:00 ] ::1 /bootstrap/Public/Home/css/bootstrap.min.css.map
INFO: [ app_init ] --START--
INFO: Run Behavior\BuildLiteBehavior [ RunTime:0.000027s ]
INFO: [ app_init ] --END-- [ RunTime:0.001251s ]
ERR: 无法加载模块:Public

[ 2019-06-04T23:38:40+08:00 ] ::1 /bootstrap/Public/Home/js/bootstrap.min.js.map
INFO: [ app_init ] --START--
INFO: Run Behavior\BuildLiteBehavior [ RunTime:0.000273s ]
INFO: [ app_init ] --END-- [ RunTime:0.001707s ]
ERR: 无法加载模块:Public

[ 2019-06-04T23:38:40+08:00 ] ::1 /bootstrap/Public/Home/js/popper.min.js.map
INFO: [ app_init ] --START--
INFO: Run Behavior\BuildLiteBehavior [ RunTime:0.000021s ]
INFO: [ app_init ] --END-- [ RunTime:0.001406s ]
ERR: 无法加载模块:Public

[ 2019-06-04T23:38:40+08:00 ] ::1 /bootstrap/Public/Home/css/bootstrap.min.css.map
INFO: [ app_init ] --START--
INFO: Run Behavior\BuildLiteBehavior [ RunTime:0.000024s ]
INFO: [ app_init ] --END-- [ RunTime:0.005531s ]
ERR: 无法加载模块:Public

[ 2019-06-04T23:38:56+08:00 ] ::1 /bootstrap/Public/Home/js/popper.min.js.map
INFO: [ app_init ] --START--
INFO: Run Behavior\BuildLiteBehavior [ RunTime:0.000023s ]
INFO: [ app_init ] --END-- [ RunTime:0.001156s ]
ERR: 无法加载模块:Public

[ 2019-06-04T23:38:56+08:00 ] ::1 /bootstrap/Public/Home/js/bootstrap.min.js.map
INFO: [ app_init ] --START--
INFO: Run Behavior\BuildLiteBehavior [ RunTime:0.000020s ]
INFO: [ app_init ] --END-- [ RunTime:0.001255s ]
ERR: 无法加载模块:Public

[ 2019-06-04T23:38:56+08:00 ] ::1 /bootstrap/Public/Home/css/bootstrap.min.css.map
INFO: [ app_init ] --START--
INFO: Run Behavior\BuildLiteBehavior [ RunTime:0.000023s ]
INFO: [ app_init ] --END-- [ RunTime:0.001336s ]
ERR: 无法加载模块:Public

[ 2019-06-04T23:39:32+08:00 ] ::1 /bootstrap/Public/Home/js/bootstrap.min.js.map
INFO: [ app_init ] --START--
INFO: Run Behavior\BuildLiteBehavior [ RunTime:0.000024s ]
INFO: [ app_init ] --END-- [ RunTime:0.001336s ]
ERR: 无法加载模块:Public

[ 2019-06-04T23:39:32+08:00 ] ::1 /bootstrap/Public/Home/js/popper.min.js.map
INFO: [ app_init ] --START--
INFO: Run Behavior\BuildLiteBehavior [ RunTime:0.000023s ]
INFO: [ app_init ] --END-- [ RunTime:0.001134s ]
ERR: 无法加载模块:Public

[ 2019-06-04T23:39:32+08:00 ] ::1 /bootstrap/Public/Home/css/bootstrap.min.css.map
INFO: [ app_init ] --START--
INFO: Run Behavior\BuildLiteBehavior [ RunTime:0.000014s ]
INFO: [ app_init ] --END-- [ RunTime:0.000705s ]
ERR: 无法加载模块:Public

[ 2019-06-04T23:39:58+08:00 ] ::1 /bootstrap/Public/Home/js/popper.min.js.map
INFO: [ app_init ] --START--
INFO: Run Behavior\BuildLiteBehavior [ RunTime:0.001105s ]
INFO: [ app_init ] --END-- [ RunTime:0.003612s ]
ERR: 无法加载模块:Public

[ 2019-06-04T23:39:58+08:00 ] ::1 /bootstrap/Public/Home/js/bootstrap.min.js.map
INFO: [ app_init ] --START--
INFO: Run Behavior\BuildLiteBehavior [ RunTime:0.000024s ]
INFO: [ app_init ] --END-- [ RunTime:0.001883s ]
ERR: 无法加载模块:Public

[ 2019-06-04T23:39:58+08:00 ] ::1 /bootstrap/Public/Home/css/bootstrap.min.css.map
INFO: [ app_init ] --START--
INFO: Run Behavior\BuildLiteBehavior [ RunTime:0.000027s ]
INFO: [ app_init ] --END-- [ RunTime:0.002508s ]
ERR: 无法加载模块:Public

[ 2019-06-04T23:40:33+08:00 ] ::1 /bootstrap/Public/Home/js/bootstrap.min.js.map
INFO: [ app_init ] --START--
INFO: Run Behavior\BuildLiteBehavior [ RunTime:0.000021s ]
INFO: [ app_init ] --END-- [ RunTime:0.001337s ]
ERR: 无法加载模块:Public

[ 2019-06-04T23:40:33+08:00 ] ::1 /bootstrap/Public/Home/js/popper.min.js.map
INFO: [ app_init ] --START--
INFO: Run Behavior\BuildLiteBehavior [ RunTime:0.000024s ]
INFO: [ app_init ] --END-- [ RunTime:0.001723s ]
ERR: 无法加载模块:Public

[ 2019-06-04T23:40:33+08:00 ] ::1 /bootstrap/Public/Home/css/bootstrap.min.css.map
INFO: [ app_init ] --START--
INFO: Run Behavior\BuildLiteBehavior [ RunTime:0.000024s ]
INFO: [ app_init ] --END-- [ RunTime:0.001519s ]
ERR: 无法加载模块:Public

[ 2019-06-04T23:41:23+08:00 ] ::1 /bootstrap/Public/Home/js/popper.min.js.map
INFO: [ app_init ] --START--
INFO: Run Behavior\BuildLiteBehavior [ RunTime:0.000021s ]
INFO: [ app_init ] --END-- [ RunTime:0.003291s ]
ERR: 无法加载模块:Public

[ 2019-06-04T23:41:23+08:00 ] ::1 /bootstrap/Public/Home/js/bootstrap.min.js.map
INFO: [ app_init ] --START--
INFO: Run Behavior\BuildLiteBehavior [ RunTime:0.000023s ]
INFO: [ app_init ] --END-- [ RunTime:0.001210s ]
ERR: 无法加载模块:Public

[ 2019-06-04T23:41:23+08:00 ] ::1 /bootstrap/Public/Home/css/bootstrap.min.css.map
INFO: [ app_init ] --START--
INFO: Run Behavior\BuildLiteBehavior [ RunTime:0.000024s ]
INFO: [ app_init ] --END-- [ RunTime:0.001547s ]
ERR: 无法加载模块:Public

[ 2019-06-04T23:41:38+08:00 ] ::1 /bootstrap/Public/Home/js/bootstrap.min.js.map
INFO: [ app_init ] --START--
INFO: Run Behavior\BuildLiteBehavior [ RunTime:0.000021s ]
INFO: [ app_init ] --END-- [ RunTime:0.001200s ]
ERR: 无法加载模块:Public

[ 2019-06-04T23:41:38+08:00 ] ::1 /bootstrap/Public/Home/js/popper.min.js.map
INFO: [ app_init ] --START--
INFO: Run Behavior\BuildLiteBehavior [ RunTime:0.000024s ]
INFO: [ app_init ] --END-- [ RunTime:0.001408s ]
ERR: 无法加载模块:Public

[ 2019-06-04T23:41:38+08:00 ] ::1 /bootstrap/Public/Home/css/bootstrap.min.css.map
INFO: [ app_init ] --START--
INFO: Run Behavior\BuildLiteBehavior [ RunTime:0.000013s ]
INFO: [ app_init ] --END-- [ RunTime:0.000777s ]
ERR: 无法加载模块:Public

[ 2019-06-04T23:41:59+08:00 ] ::1 /bootstrap/Public/Home/js/popper.min.js.map
INFO: [ app_init ] --START--
INFO: Run Behavior\BuildLiteBehavior [ RunTime:0.000025s ]
INFO: [ app_init ] --END-- [ RunTime:0.001562s ]
ERR: 无法加载模块:Public

[ 2019-06-04T23:41:59+08:00 ] ::1 /bootstrap/Public/Home/js/bootstrap.min.js.map
INFO: [ app_init ] --START--
INFO: Run Behavior\BuildLiteBehavior [ RunTime:0.000020s ]
INFO: [ app_init ] --END-- [ RunTime:0.001190s ]
ERR: 无法加载模块:Public

[ 2019-06-04T23:41:59+08:00 ] ::1 /bootstrap/Public/Home/css/bootstrap.min.css.map
INFO: [ app_init ] --START--
INFO: Run Behavior\BuildLiteBehavior [ RunTime:0.000029s ]
INFO: [ app_init ] --END-- [ RunTime:0.001553s ]
ERR: 无法加载模块:Public

[ 2019-06-04T23:42:13+08:00 ] ::1 /bootstrap/Public/Home/js/popper.min.js.map
INFO: [ app_init ] --START--
INFO: Run Behavior\BuildLiteBehavior [ RunTime:0.000022s ]
INFO: [ app_init ] --END-- [ RunTime:0.001325s ]
ERR: 无法加载模块:Public

[ 2019-06-04T23:42:13+08:00 ] ::1 /bootstrap/Public/Home/js/bootstrap.min.js.map
INFO: [ app_init ] --START--
INFO: Run Behavior\BuildLiteBehavior [ RunTime:0.000018s ]
INFO: [ app_init ] --END-- [ RunTime:0.001208s ]
ERR: 无法加载模块:Public

[ 2019-06-04T23:42:13+08:00 ] ::1 /bootstrap/Public/Home/css/bootstrap.min.css.map
INFO: [ app_init ] --START--
INFO: Run Behavior\BuildLiteBehavior [ RunTime:0.000022s ]
INFO: [ app_init ] --END-- [ RunTime:0.001496s ]
ERR: 无法加载模块:Public

[ 2019-06-04T23:42:43+08:00 ] ::1 /bootstrap/Public/Home/js/popper.min.js.map
INFO: [ app_init ] --START--
INFO: Run Behavior\BuildLiteBehavior [ RunTime:0.000023s ]
INFO: [ app_init ] --END-- [ RunTime:0.003077s ]
ERR: 无法加载模块:Public

[ 2019-06-04T23:42:43+08:00 ] ::1 /bootstrap/Public/Home/js/bootstrap.min.js.map
INFO: [ app_init ] --START--
INFO: Run Behavior\BuildLiteBehavior [ RunTime:0.000026s ]
INFO: [ app_init ] --END-- [ RunTime:0.001975s ]
ERR: 无法加载模块:Public

[ 2019-06-04T23:42:43+08:00 ] ::1 /bootstrap/Public/Home/css/bootstrap.min.css.map
INFO: [ app_init ] --START--
INFO: Run Behavior\BuildLiteBehavior [ RunTime:0.000026s ]
INFO: [ app_init ] --END-- [ RunTime:0.002008s ]
ERR: 无法加载模块:Public

[ 2019-06-04T23:43:08+08:00 ] ::1 /bootstrap/Public/Home/js/popper.min.js.map
INFO: [ app_init ] --START--
INFO: Run Behavior\BuildLiteBehavior [ RunTime:0.000020s ]
INFO: [ app_init ] --END-- [ RunTime:0.001398s ]
ERR: 无法加载模块:Public

[ 2019-06-04T23:43:08+08:00 ] ::1 /bootstrap/Public/Home/js/bootstrap.min.js.map
INFO: [ app_init ] --START--
INFO: Run Behavior\BuildLiteBehavior [ RunTime:0.000021s ]
INFO: [ app_init ] --END-- [ RunTime:0.001711s ]
ERR: 无法加载模块:Public

[ 2019-06-04T23:43:08+08:00 ] ::1 /bootstrap/Public/Home/css/bootstrap.min.css.map
INFO: [ app_init ] --START--
INFO: Run Behavior\BuildLiteBehavior [ RunTime:0.000023s ]
INFO: [ app_init ] --END-- [ RunTime:0.001340s ]
ERR: 无法加载模块:Public

[ 2019-06-04T23:44:35+08:00 ] ::1 /bootstrap/Public/Home/js/popper.min.js.map
INFO: [ app_init ] --START--
INFO: Run Behavior\BuildLiteBehavior [ RunTime:0.000021s ]
INFO: [ app_init ] --END-- [ RunTime:0.002025s ]
ERR: 无法加载模块:Public

[ 2019-06-04T23:44:35+08:00 ] ::1 /bootstrap/Public/Home/js/bootstrap.min.js.map
INFO: [ app_init ] --START--
INFO: Run Behavior\BuildLiteBehavior [ RunTime:0.000019s ]
INFO: [ app_init ] --END-- [ RunTime:0.001305s ]
ERR: 无法加载模块:Public

[ 2019-06-04T23:44:35+08:00 ] ::1 /bootstrap/Public/Home/css/bootstrap.min.css.map
INFO: [ app_init ] --START--
INFO: Run Behavior\BuildLiteBehavior [ RunTime:0.000019s ]
INFO: [ app_init ] --END-- [ RunTime:0.001213s ]
ERR: 无法加载模块:Public

[ 2019-06-04T23:45:05+08:00 ] ::1 /bootstrap/Public/Home/js/popper.min.js.map
INFO: [ app_init ] --START--
INFO: Run Behavior\BuildLiteBehavior [ RunTime:0.000019s ]
INFO: [ app_init ] --END-- [ RunTime:0.001060s ]
ERR: 无法加载模块:Public

[ 2019-06-04T23:45:05+08:00 ] ::1 /bootstrap/Public/Home/js/bootstrap.min.js.map
INFO: [ app_init ] --START--
INFO: Run Behavior\BuildLiteBehavior [ RunTime:0.000018s ]
INFO: [ app_init ] --END-- [ RunTime:0.001593s ]
ERR: 无法加载模块:Public

[ 2019-06-04T23:45:05+08:00 ] ::1 /bootstrap/Public/Home/css/bootstrap.min.css.map
INFO: [ app_init ] --START--
INFO: Run Behavior\BuildLiteBehavior [ RunTime:0.000031s ]
INFO: [ app_init ] --END-- [ RunTime:0.001542s ]
ERR: 无法加载模块:Public

[ 2019-06-04T23:45:05+08:00 ] ::1 /bootstrap/Public/Home/js/bootstrap.min.js.map
INFO: [ app_init ] --START--
INFO: Run Behavior\BuildLiteBehavior [ RunTime:0.000017s ]
INFO: [ app_init ] --END-- [ RunTime:0.001582s ]
ERR: 无法加载模块:Public

[ 2019-06-04T23:45:06+08:00 ] ::1 /bootstrap/Public/Home/css/bootstrap.min.css.map
INFO: [ app_init ] --START--
INFO: Run Behavior\BuildLiteBehavior [ RunTime:0.000020s ]
INFO: [ app_init ] --END-- [ RunTime:0.001208s ]
ERR: 无法加载模块:Public

[ 2019-06-04T23:45:06+08:00 ] ::1 /bootstrap/Public/Home/js/popper.min.js.map
INFO: [ app_init ] --START--
INFO: Run Behavior\BuildLiteBehavior [ RunTime:0.000030s ]
INFO: [ app_init ] --END-- [ RunTime:0.001677s ]
ERR: 无法加载模块:Public

[ 2019-06-04T23:45:15+08:00 ] ::1 /bootstrap/Public/Home/js/bootstrap.min.js.map
INFO: [ app_init ] --START--
INFO: Run Behavior\BuildLiteBehavior [ RunTime:0.000019s ]
INFO: [ app_init ] --END-- [ RunTime:0.001016s ]
ERR: 无法加载模块:Public

[ 2019-06-04T23:45:15+08:00 ] ::1 /bootstrap/Public/Home/js/popper.min.js.map
INFO: [ app_init ] --START--
INFO: Run Behavior\BuildLiteBehavior [ RunTime:0.000019s ]
INFO: [ app_init ] --END-- [ RunTime:0.001103s ]
ERR: 无法加载模块:Public

[ 2019-06-04T23:45:15+08:00 ] ::1 /bootstrap/Public/Home/css/bootstrap.min.css.map
INFO: [ app_init ] --START--
INFO: Run Behavior\BuildLiteBehavior [ RunTime:0.000023s ]
INFO: [ app_init ] --END-- [ RunTime:0.001520s ]
ERR: 无法加载模块:Public

[ 2019-06-04T23:45:21+08:00 ] ::1 /bootstrap/Public/Home/js/bootstrap.min.js.map
INFO: [ app_init ] --START--
INFO: Run Behavior\BuildLiteBehavior [ RunTime:0.000023s ]
INFO: [ app_init ] --END-- [ RunTime:0.001174s ]
ERR: 无法加载模块:Public

[ 2019-06-04T23:45:21+08:00 ] ::1 /bootstrap/Public/Home/js/popper.min.js.map
INFO: [ app_init ] --START--
INFO: Run Behavior\BuildLiteBehavior [ RunTime:0.000018s ]
INFO: [ app_init ] --END-- [ RunTime:0.001414s ]
ERR: 无法加载模块:Public

[ 2019-06-04T23:45:21+08:00 ] ::1 /bootstrap/Public/Home/css/bootstrap.min.css.map
INFO: [ app_init ] --START--
INFO: Run Behavior\BuildLiteBehavior [ RunTime:0.000023s ]
INFO: [ app_init ] --END-- [ RunTime:0.002066s ]
ERR: 无法加载模块:Public

[ 2019-06-04T23:51:28+08:00 ] ::1 /bootstrap/Public/Home/js/bootstrap.min.js.map
INFO: [ app_init ] --START--
INFO: Run Behavior\BuildLiteBehavior [ RunTime:0.000021s ]
INFO: [ app_init ] --END-- [ RunTime:0.001355s ]
ERR: 无法加载模块:Public

[ 2019-06-04T23:51:28+08:00 ] ::1 /bootstrap/Public/Home/js/popper.min.js.map
INFO: [ app_init ] --START--
INFO: Run Behavior\BuildLiteBehavior [ RunTime:0.000018s ]
INFO: [ app_init ] --END-- [ RunTime:0.001449s ]
ERR: 无法加载模块:Public

[ 2019-06-04T23:51:28+08:00 ] ::1 /bootstrap/Public/Home/css/bootstrap.min.css.map
INFO: [ app_init ] --START--
INFO: Run Behavior\BuildLiteBehavior [ RunTime:0.000026s ]
INFO: [ app_init ] --END-- [ RunTime:0.001513s ]
ERR: 无法加载模块:Public

[ 2019-06-04T23:52:19+08:00 ] ::1 /bootstrap/Public/Home/js/popper.min.js.map
INFO: [ app_init ] --START--
INFO: Run Behavior\BuildLiteBehavior [ RunTime:0.000020s ]
INFO: [ app_init ] --END-- [ RunTime:0.002045s ]
ERR: 无法加载模块:Public

[ 2019-06-04T23:52:19+08:00 ] ::1 /bootstrap/Public/Home/css/bootstrap.min.css.map
INFO: [ app_init ] --START--
INFO: Run Behavior\BuildLiteBehavior [ RunTime:0.000020s ]
INFO: [ app_init ] --END-- [ RunTime:0.001089s ]
ERR: 无法加载模块:Public

[ 2019-06-04T23:52:19+08:00 ] ::1 /bootstrap/Public/Home/js/bootstrap.min.js.map
INFO: [ app_init ] --START--
INFO: Run Behavior\BuildLiteBehavior [ RunTime:0.000024s ]
INFO: [ app_init ] --END-- [ RunTime:0.001417s ]
ERR: 无法加载模块:Public

[ 2019-06-04T23:52:20+08:00 ] ::1 /bootstrap/Public/Home/js/popper.min.js.map
INFO: [ app_init ] --START--
INFO: Run Behavior\BuildLiteBehavior [ RunTime:0.000022s ]
INFO: [ app_init ] --END-- [ RunTime:0.001311s ]
ERR: 无法加载模块:Public

[ 2019-06-04T23:52:20+08:00 ] ::1 /bootstrap/Public/Home/css/bootstrap.min.css.map
INFO: [ app_init ] --START--
INFO: Run Behavior\BuildLiteBehavior [ RunTime:0.000022s ]
INFO: [ app_init ] --END-- [ RunTime:0.001323s ]
ERR: 无法加载模块:Public

[ 2019-06-04T23:52:20+08:00 ] ::1 /bootstrap/Public/Home/js/bootstrap.min.js.map
INFO: [ app_init ] --START--
INFO: Run Behavior\BuildLiteBehavior [ RunTime:0.000027s ]
INFO: [ app_init ] --END-- [ RunTime:0.001577s ]
ERR: 无法加载模块:Public

[ 2019-06-04T23:52:20+08:00 ] ::1 /bootstrap/Public/Home/js/bootstrap.min.js.map
INFO: [ app_init ] --START--
INFO: Run Behavior\BuildLiteBehavior [ RunTime:0.000029s ]
INFO: [ app_init ] --END-- [ RunTime:0.001382s ]
ERR: 无法加载模块:Public

[ 2019-06-04T23:52:20+08:00 ] ::1 /bootstrap/Public/Home/css/bootstrap.min.css.map
INFO: [ app_init ] --START--
INFO: Run Behavior\BuildLiteBehavior [ RunTime:0.000023s ]
INFO: [ app_init ] --END-- [ RunTime:0.001481s ]
ERR: 无法加载模块:Public

[ 2019-06-04T23:52:20+08:00 ] ::1 /bootstrap/Public/Home/js/popper.min.js.map
INFO: [ app_init ] --START--
INFO: Run Behavior\BuildLiteBehavior [ RunTime:0.000206s ]
INFO: [ app_init ] --END-- [ RunTime:0.001399s ]
ERR: 无法加载模块:Public

[ 2019-06-04T23:52:25+08:00 ] ::1 /bootstrap/Public/Home/js/popper.min.js.map
INFO: [ app_init ] --START--
INFO: Run Behavior\BuildLiteBehavior [ RunTime:0.000020s ]
INFO: [ app_init ] --END-- [ RunTime:0.001320s ]
ERR: 无法加载模块:Public

[ 2019-06-04T23:52:25+08:00 ] ::1 /bootstrap/Public/Home/js/bootstrap.min.js.map
INFO: [ app_init ] --START--
INFO: Run Behavior\BuildLiteBehavior [ RunTime:0.000019s ]
INFO: [ app_init ] --END-- [ RunTime:0.001310s ]
ERR: 无法加载模块:Public

[ 2019-06-04T23:52:25+08:00 ] ::1 /bootstrap/Public/Home/css/bootstrap.min.css.map
INFO: [ app_init ] --START--
INFO: Run Behavior\BuildLiteBehavior [ RunTime:0.000028s ]
INFO: [ app_init ] --END-- [ RunTime:0.001552s ]
ERR: 无法加载模块:Public

[ 2019-06-04T23:52:25+08:00 ] ::1 /bootstrap/Public/Home/css/bootstrap.min.css.map
INFO: [ app_init ] --START--
INFO: Run Behavior\BuildLiteBehavior [ RunTime:0.000021s ]
INFO: [ app_init ] --END-- [ RunTime:0.001262s ]
ERR: 无法加载模块:Public

[ 2019-06-04T23:52:25+08:00 ] ::1 /bootstrap/Public/Home/js/popper.min.js.map
INFO: [ app_init ] --START--
INFO: Run Behavior\BuildLiteBehavior [ RunTime:0.000047s ]
INFO: [ app_init ] --END-- [ RunTime:0.001518s ]
ERR: 无法加载模块:Public

[ 2019-06-04T23:52:25+08:00 ] ::1 /bootstrap/Public/Home/js/bootstrap.min.js.map
INFO: [ app_init ] --START--
INFO: Run Behavior\BuildLiteBehavior [ RunTime:0.000022s ]
INFO: [ app_init ] --END-- [ RunTime:0.001456s ]
ERR: 无法加载模块:Public

[ 2019-06-04T23:52:27+08:00 ] ::1 /bootstrap/Public/Home/js/popper.min.js.map
INFO: [ app_init ] --START--
INFO: Run Behavior\BuildLiteBehavior [ RunTime:0.000020s ]
INFO: [ app_init ] --END-- [ RunTime:0.001143s ]
ERR: 无法加载模块:Public

[ 2019-06-04T23:52:27+08:00 ] ::1 /bootstrap/Public/Home/css/bootstrap.min.css.map
INFO: [ app_init ] --START--
INFO: Run Behavior\BuildLiteBehavior [ RunTime:0.000068s ]
INFO: [ app_init ] --END-- [ RunTime:0.001656s ]
ERR: 无法加载模块:Public

[ 2019-06-04T23:52:27+08:00 ] ::1 /bootstrap/Public/Home/js/bootstrap.min.js.map
INFO: [ app_init ] --START--
INFO: Run Behavior\BuildLiteBehavior [ RunTime:0.000022s ]
INFO: [ app_init ] --END-- [ RunTime:0.001170s ]
ERR: 无法加载模块:Public

[ 2019-06-04T23:52:54+08:00 ] ::1 /bootstrap/Public/Home/js/bootstrap.min.js.map
INFO: [ app_init ] --START--
INFO: Run Behavior\BuildLiteBehavior [ RunTime:0.000020s ]
INFO: [ app_init ] --END-- [ RunTime:0.001052s ]
ERR: 无法加载模块:Public

[ 2019-06-04T23:52:54+08:00 ] ::1 /bootstrap/Public/Home/js/popper.min.js.map
INFO: [ app_init ] --START--
INFO: Run Behavior\BuildLiteBehavior [ RunTime:0.000018s ]
INFO: [ app_init ] --END-- [ RunTime:0.001182s ]
ERR: 无法加载模块:Public

[ 2019-06-04T23:52:54+08:00 ] ::1 /bootstrap/Public/Home/css/bootstrap.min.css.map
INFO: [ app_init ] --START--
INFO: Run Behavior\BuildLiteBehavior [ RunTime:0.000056s ]
INFO: [ app_init ] --END-- [ RunTime:0.001696s ]
ERR: 无法加载模块:Public

[ 2019-06-04T23:52:59+08:00 ] ::1 /bootstrap/Public/Home/js/popper.min.js.map
INFO: [ app_init ] --START--
INFO: Run Behavior\BuildLiteBehavior [ RunTime:0.000019s ]
INFO: [ app_init ] --END-- [ RunTime:0.001273s ]
ERR: 无法加载模块:Public

[ 2019-06-04T23:52:59+08:00 ] ::1 /bootstrap/Public/Home/css/bootstrap.min.css.map
INFO: [ app_init ] --START--
INFO: Run Behavior\BuildLiteBehavior [ RunTime:0.000020s ]
INFO: [ app_init ] --END-- [ RunTime:0.001332s ]
ERR: 无法加载模块:Public

[ 2019-06-04T23:52:59+08:00 ] ::1 /bootstrap/Public/Home/js/bootstrap.min.js.map
INFO: [ app_init ] --START--
INFO: Run Behavior\BuildLiteBehavior [ RunTime:0.000024s ]
INFO: [ app_init ] --END-- [ RunTime:0.001422s ]
ERR: 无法加载模块:Public

[ 2019-06-04T23:53:17+08:00 ] ::1 /bootstrap/Public/Home/js/bootstrap.min.js.map
INFO: [ app_init ] --START--
INFO: Run Behavior\BuildLiteBehavior [ RunTime:0.000020s ]
INFO: [ app_init ] --END-- [ RunTime:0.002319s ]
ERR: 无法加载模块:Public

[ 2019-06-04T23:53:17+08:00 ] ::1 /bootstrap/Public/Home/js/popper.min.js.map
INFO: [ app_init ] --START--
INFO: Run Behavior\BuildLiteBehavior [ RunTime:0.000021s ]
INFO: [ app_init ] --END-- [ RunTime:0.001327s ]
ERR: 无法加载模块:Public

[ 2019-06-04T23:53:17+08:00 ] ::1 /bootstrap/Public/Home/css/bootstrap.min.css.map
INFO: [ app_init ] --START--
INFO: Run Behavior\BuildLiteBehavior [ RunTime:0.000021s ]
INFO: [ app_init ] --END-- [ RunTime:0.001468s ]
ERR: 无法加载模块:Public

[ 2019-06-04T23:53:17+08:00 ] ::1 /bootstrap/Public/Home/js/bootstrap.min.js.map
INFO: [ app_init ] --START--
INFO: Run Behavior\BuildLiteBehavior [ RunTime:0.000019s ]
INFO: [ app_init ] --END-- [ RunTime:0.001784s ]
ERR: 无法加载模块:Public

[ 2019-06-04T23:53:17+08:00 ] ::1 /bootstrap/Public/Home/js/popper.min.js.map
INFO: [ app_init ] --START--
INFO: Run Behavior\BuildLiteBehavior [ RunTime:0.000020s ]
INFO: [ app_init ] --END-- [ RunTime:0.001172s ]
ERR: 无法加载模块:Public

[ 2019-06-04T23:53:17+08:00 ] ::1 /bootstrap/Public/Home/css/bootstrap.min.css.map
INFO: [ app_init ] --START--
INFO: Run Behavior\BuildLiteBehavior [ RunTime:0.000052s ]
INFO: [ app_init ] --END-- [ RunTime:0.001641s ]
ERR: 无法加载模块:Public

[ 2019-06-04T23:53:23+08:00 ] ::1 /bootstrap/Public/Home/js/bootstrap.min.js.map
INFO: [ app_init ] --START--
INFO: Run Behavior\BuildLiteBehavior [ RunTime:0.000021s ]
INFO: [ app_init ] --END-- [ RunTime:0.001211s ]
ERR: 无法加载模块:Public

[ 2019-06-04T23:53:23+08:00 ] ::1 /bootstrap/Public/Home/css/bootstrap.min.css.map
INFO: [ app_init ] --START--
INFO: Run Behavior\BuildLiteBehavior [ RunTime:0.000021s ]
INFO: [ app_init ] --END-- [ RunTime:0.001191s ]
ERR: 无法加载模块:Public

[ 2019-06-04T23:53:23+08:00 ] ::1 /bootstrap/Public/Home/js/popper.min.js.map
INFO: [ app_init ] --START--
INFO: Run Behavior\BuildLiteBehavior [ RunTime:0.000018s ]
INFO: [ app_init ] --END-- [ RunTime:0.001206s ]
ERR: 无法加载模块:Public

[ 2019-06-04T23:54:04+08:00 ] ::1 /bootstrap/Public/Home/js/bootstrap.min.js.map
INFO: [ app_init ] --START--
INFO: Run Behavior\BuildLiteBehavior [ RunTime:0.000021s ]
INFO: [ app_init ] --END-- [ RunTime:0.001464s ]
ERR: 无法加载模块:Public

[ 2019-06-04T23:54:04+08:00 ] ::1 /bootstrap/Public/Home/css/bootstrap.min.css.map
INFO: [ app_init ] --START--
INFO: Run Behavior\BuildLiteBehavior [ RunTime:0.000022s ]
INFO: [ app_init ] --END-- [ RunTime:0.001160s ]
ERR: 无法加载模块:Public

[ 2019-06-04T23:54:04+08:00 ] ::1 /bootstrap/Public/Home/js/popper.min.js.map
INFO: [ app_init ] --START--
INFO: Run Behavior\BuildLiteBehavior [ RunTime:0.000021s ]
INFO: [ app_init ] --END-- [ RunTime:0.002566s ]
ERR: 无法加载模块:Public

[ 2019-06-04T23:54:10+08:00 ] ::1 /bootstrap/Public/Home/js/bootstrap.min.js.map
INFO: [ app_init ] --START--
INFO: Run Behavior\BuildLiteBehavior [ RunTime:0.000024s ]
INFO: [ app_init ] --END-- [ RunTime:0.001124s ]
ERR: 无法加载模块:Public

[ 2019-06-04T23:54:10+08:00 ] ::1 /bootstrap/Public/Home/js/popper.min.js.map
INFO: [ app_init ] --START--
INFO: Run Behavior\BuildLiteBehavior [ RunTime:0.000019s ]
INFO: [ app_init ] --END-- [ RunTime:0.001063s ]
ERR: 无法加载模块:Public

[ 2019-06-04T23:54:10+08:00 ] ::1 /bootstrap/Public/Home/css/bootstrap.min.css.map
INFO: [ app_init ] --START--
INFO: Run Behavior\BuildLiteBehavior [ RunTime:0.000021s ]
INFO: [ app_init ] --END-- [ RunTime:0.001275s ]
ERR: 无法加载模块:Public

[ 2019-06-04T23:54:32+08:00 ] ::1 /bootstrap/Public/Home/js/bootstrap.min.js.map
INFO: [ app_init ] --START--
INFO: Run Behavior\BuildLiteBehavior [ RunTime:0.000022s ]
INFO: [ app_init ] --END-- [ RunTime:0.001174s ]
ERR: 无法加载模块:Public

[ 2019-06-04T23:54:32+08:00 ] ::1 /bootstrap/Public/Home/css/bootstrap.min.css.map
INFO: [ app_init ] --START--
INFO: Run Behavior\BuildLiteBehavior [ RunTime:0.000020s ]
INFO: [ app_init ] --END-- [ RunTime:0.001258s ]
ERR: 无法加载模块:Public

[ 2019-06-04T23:54:32+08:00 ] ::1 /bootstrap/Public/Home/js/popper.min.js.map
INFO: [ app_init ] --START--
INFO: Run Behavior\BuildLiteBehavior [ RunTime:0.000023s ]
INFO: [ app_init ] --END-- [ RunTime:0.001290s ]
ERR: 无法加载模块:Public

[ 2019-06-04T23:54:48+08:00 ] ::1 /bootstrap/Public/Home/js/bootstrap.min.js.map
INFO: [ app_init ] --START--
INFO: Run Behavior\BuildLiteBehavior [ RunTime:0.000045s ]
INFO: [ app_init ] --END-- [ RunTime:0.001407s ]
ERR: 无法加载模块:Public

[ 2019-06-04T23:54:48+08:00 ] ::1 /bootstrap/Public/Home/css/bootstrap.min.css.map
INFO: [ app_init ] --START--
INFO: Run Behavior\BuildLiteBehavior [ RunTime:0.000021s ]
INFO: [ app_init ] --END-- [ RunTime:0.001170s ]
ERR: 无法加载模块:Public

[ 2019-06-04T23:54:48+08:00 ] ::1 /bootstrap/Public/Home/js/popper.min.js.map
INFO: [ app_init ] --START--
INFO: Run Behavior\BuildLiteBehavior [ RunTime:0.000022s ]
INFO: [ app_init ] --END-- [ RunTime:0.001308s ]
ERR: 无法加载模块:Public

[ 2019-06-04T23:55:58+08:00 ] ::1 /bootstrap/Public/Home/js/bootstrap.min.js.map
INFO: [ app_init ] --START--
INFO: Run Behavior\BuildLiteBehavior [ RunTime:0.000253s ]
INFO: [ app_init ] --END-- [ RunTime:0.002622s ]
ERR: 无法加载模块:Public

[ 2019-06-04T23:55:58+08:00 ] ::1 /bootstrap/Public/Home/css/bootstrap.min.css.map
INFO: [ app_init ] --START--
INFO: Run Behavior\BuildLiteBehavior [ RunTime:0.000025s ]
INFO: [ app_init ] --END-- [ RunTime:0.006328s ]
ERR: 无法加载模块:Public

[ 2019-06-04T23:55:58+08:00 ] ::1 /bootstrap/Public/Home/js/popper.min.js.map
INFO: [ app_init ] --START--
INFO: Run Behavior\BuildLiteBehavior [ RunTime:0.000020s ]
INFO: [ app_init ] --END-- [ RunTime:0.001290s ]
ERR: 无法加载模块:Public

[ 2019-06-04T23:57:10+08:00 ] ::1 /bootstrap/Public/Home/js/popper.min.js.map
INFO: [ app_init ] --START--
INFO: Run Behavior\BuildLiteBehavior [ RunTime:0.000022s ]
INFO: [ app_init ] --END-- [ RunTime:0.001280s ]
ERR: 无法加载模块:Public

[ 2019-06-04T23:57:10+08:00 ] ::1 /bootstrap/Public/Home/css/bootstrap.min.css.map
INFO: [ app_init ] --START--
INFO: Run Behavior\BuildLiteBehavior [ RunTime:0.000023s ]
INFO: [ app_init ] --END-- [ RunTime:0.001468s ]
ERR: 无法加载模块:Public

[ 2019-06-04T23:57:10+08:00 ] ::1 /bootstrap/Public/Home/js/bootstrap.min.js.map
INFO: [ app_init ] --START--
INFO: Run Behavior\BuildLiteBehavior [ RunTime:0.000021s ]
INFO: [ app_init ] --END-- [ RunTime:0.001303s ]
ERR: 无法加载模块:Public

[ 2019-06-04T23:57:24+08:00 ] ::1 /bootstrap/Public/Home/js/bootstrap.min.js.map
INFO: [ app_init ] --START--
INFO: Run Behavior\BuildLiteBehavior [ RunTime:0.000027s ]
INFO: [ app_init ] --END-- [ RunTime:0.001182s ]
ERR: 无法加载模块:Public

[ 2019-06-04T23:57:24+08:00 ] ::1 /bootstrap/Public/Home/css/bootstrap.min.css.map
INFO: [ app_init ] --START--
INFO: Run Behavior\BuildLiteBehavior [ RunTime:0.000018s ]
INFO: [ app_init ] --END-- [ RunTime:0.001189s ]
ERR: 无法加载模块:Public

[ 2019-06-04T23:57:24+08:00 ] ::1 /bootstrap/Public/Home/js/popper.min.js.map
INFO: [ app_init ] --START--
INFO: Run Behavior\BuildLiteBehavior [ RunTime:0.000022s ]
INFO: [ app_init ] --END-- [ RunTime:0.001256s ]
ERR: 无法加载模块:Public

