[ 2019-06-18T19:40:21+08:00 ] ::1 /bootstrap/js/bootstrap.4.1.min.js
INFO: [ app_init ] --START--
INFO: Run Behavior\BuildLiteBehavior [ RunTime:0.000031s ]
INFO: [ app_init ] --END-- [ RunTime:0.060788s ]
ERR: 无法加载模块:Js



[ 2019-06-18T19:40:21+08:00 ] ::1 /bootstrap/js/popper.min.js
INFO: [ app_init ] --START--
INFO: Run Behavior\BuildLiteBehavior [ RunTime:0.000016s ]
INFO: [ app_init ] --END-- [ RunTime:0.063940s ]
ERR: 无法加载模块:Js

[ 2019-06-18T19:40:21+08:00 ] ::1 /bootstrap/js/jquery-3.3.1.min.js
INFO: [ app_init ] --START--
INFO: Run Behavior\BuildLiteBehavior [ RunTime:0.000016s ]
INFO: [ app_init ] --END-- [ RunTime:0.064704s ]
ERR: 无法加载模块:Js

[ 2019-06-18T19:40:21+08:00 ] ::1 /bootstrap/js/bootstrap.4.1.min.js
INFO: [ app_init ] --START--
INFO: Run Behavior\BuildLiteBehavior [ RunTime:0.000013s ]
INFO: [ app_init ] --END-- [ RunTime:0.000666s ]
ERR: 无法加载模块:Js

[ 2019-06-18T19:40:21+08:00 ] ::1 /bootstrap/js/popper.min.js
INFO: [ app_init ] --START--
INFO: Run Behavior\BuildLiteBehavior [ RunTime:0.000013s ]
INFO: [ app_init ] --END-- [ RunTime:0.000664s ]
ERR: 无法加载模块:Js

[ 2019-06-18T19:40:26+08:00 ] ::1 /bootstrap/js/jquery-3.3.1.min.js
INFO: [ app_init ] --START--
INFO: Run Behavior\BuildLiteBehavior [ RunTime:0.000020s ]
INFO: [ app_init ] --END-- [ RunTime:0.001129s ]
ERR: 无法加载模块:Js

[ 2019-06-18T19:40:26+08:00 ] ::1 /bootstrap/js/bootstrap.4.1.min.js
INFO: [ app_init ] --START--
INFO: Run Behavior\BuildLiteBehavior [ RunTime:0.000021s ]
INFO: [ app_init ] --END-- [ RunTime:0.001338s ]
ERR: 无法加载模块:Js

[ 2019-06-18T19:40:26+08:00 ] ::1 /bootstrap/css/bootstrap.4.1.min.css
INFO: [ app_init ] --START--
INFO: Run Behavior\BuildLiteBehavior [ RunTime:0.000020s ]
INFO: [ app_init ] --END-- [ RunTime:0.001535s ]
ERR: 无法加载模块:Css

[ 2019-06-18T19:40:26+08:00 ] ::1 /bootstrap/js/popper.min.js
INFO: [ app_init ] --START--
INFO: Run Behavior\BuildLiteBehavior [ RunTime:0.000032s ]
INFO: [ app_init ] --END-- [ RunTime:0.007200s ]
ERR: 无法加载模块:Js

[ 2019-06-18T19:40:26+08:00 ] ::1 /bootstrap/js/bootstrap.4.1.min.js
INFO: [ app_init ] --START--
INFO: Run Behavior\BuildLiteBehavior [ RunTime:0.000088s ]
INFO: [ app_init ] --END-- [ RunTime:0.002444s ]
ERR: 无法加载模块:Js

[ 2019-06-18T19:40:27+08:00 ] ::1 /bootstrap/js/popper.min.js
INFO: [ app_init ] --START--
INFO: Run Behavior\BuildLiteBehavior [ RunTime:0.000021s ]
INFO: [ app_init ] --END-- [ RunTime:0.001210s ]
ERR: 无法加载模块:Js

[ 2019-06-18T19:40:41+08:00 ] ::1 /bootstrap/js/jquery-3.3.1.min.js
INFO: [ app_init ] --START--
INFO: Run Behavior\BuildLiteBehavior [ RunTime:0.000018s ]
INFO: [ app_init ] --END-- [ RunTime:0.001235s ]
ERR: 无法加载模块:Js

[ 2019-06-18T19:40:41+08:00 ] ::1 /bootstrap/css/bootstrap.4.1.min.css
INFO: [ app_init ] --START--
INFO: Run Behavior\BuildLiteBehavior [ RunTime:0.000019s ]
INFO: [ app_init ] --END-- [ RunTime:0.001327s ]
ERR: 无法加载模块:Css

[ 2019-06-18T19:40:41+08:00 ] ::1 /bootstrap/js/bootstrap.4.1.min.js
INFO: [ app_init ] --START--
INFO: Run Behavior\BuildLiteBehavior [ RunTime:0.000025s ]
INFO: [ app_init ] --END-- [ RunTime:0.001196s ]
ERR: 无法加载模块:Js

[ 2019-06-18T19:40:41+08:00 ] ::1 /bootstrap/js/popper.min.js
INFO: [ app_init ] --START--
INFO: Run Behavior\BuildLiteBehavior [ RunTime:0.000022s ]
INFO: [ app_init ] --END-- [ RunTime:0.001615s ]
ERR: 无法加载模块:Js

[ 2019-06-18T19:40:41+08:00 ] ::1 /bootstrap/css/bootstrap.4.1.min.css
INFO: [ app_init ] --START--
INFO: Run Behavior\BuildLiteBehavior [ RunTime:0.000021s ]
INFO: [ app_init ] --END-- [ RunTime:0.001315s ]
ERR: 无法加载模块:Css

[ 2019-06-18T19:40:41+08:00 ] ::1 /bootstrap/js/bootstrap.4.1.min.js
INFO: [ app_init ] --START--
INFO: Run Behavior\BuildLiteBehavior [ RunTime:0.000016s ]
INFO: [ app_init ] --END-- [ RunTime:0.001057s ]
ERR: 无法加载模块:Js

[ 2019-06-18T19:40:41+08:00 ] ::1 /bootstrap/js/popper.min.js
INFO: [ app_init ] --START--
INFO: Run Behavior\BuildLiteBehavior [ RunTime:0.000017s ]
INFO: [ app_init ] --END-- [ RunTime:0.001064s ]
ERR: 无法加载模块:Js

[ 2019-06-18T19:40:41+08:00 ] ::1 /bootstrap/js/jquery-3.3.1.min.js
INFO: [ app_init ] --START--
INFO: Run Behavior\BuildLiteBehavior [ RunTime:0.000017s ]
INFO: [ app_init ] --END-- [ RunTime:0.001316s ]
ERR: 无法加载模块:Js

[ 2019-06-18T19:40:41+08:00 ] ::1 /bootstrap/js/bootstrap.4.1.min.js
INFO: [ app_init ] --START--
INFO: Run Behavior\BuildLiteBehavior [ RunTime:0.000022s ]
INFO: [ app_init ] --END-- [ RunTime:0.001369s ]
ERR: 无法加载模块:Js

[ 2019-06-18T19:40:41+08:00 ] ::1 /bootstrap/js/popper.min.js
INFO: [ app_init ] --START--
INFO: Run Behavior\BuildLiteBehavior [ RunTime:0.000012s ]
INFO: [ app_init ] --END-- [ RunTime:0.000665s ]
ERR: 无法加载模块:Js

[ 2019-06-18T19:40:56+08:00 ] ::1 /bootstrap/Public/home/images/websiteicon.ico
INFO: [ app_init ] --START--
INFO: Run Behavior\BuildLiteBehavior [ RunTime:0.000021s ]
INFO: [ app_init ] --END-- [ RunTime:0.001331s ]
ERR: 无法加载模块:Public

